ERROR - 2021-10-17 21:08:53 --> Cannot add or update a child row: a foreign key constraint fails (`db_lpmu`.`detail_rkat`, CONSTRAINT `FOREIGN` FOREIGN KEY (`id_set`) REFERENCES `set_rkat` (`id_setrkat`))
CRITICAL - 2021-10-17 21:08:53 --> Cannot add or update a child row: a foreign key constraint fails (`db_lpmu`.`detail_rkat`, CONSTRAINT `FOREIGN` FOREIGN KEY (`id_set`) REFERENCES `set_rkat` (`id_setrkat`))
#0 C:\xampp\htdocs\lpmu-web\vendor\codeigniter4\framework\system\Database\MySQLi\Connection.php(329): mysqli->query('INSERT INTO `de...')
#1 C:\xampp\htdocs\lpmu-web\vendor\codeigniter4\framework\system\Database\BaseConnection.php(732): CodeIgniter\Database\MySQLi\Connection->execute('INSERT INTO `de...')
#2 C:\xampp\htdocs\lpmu-web\vendor\codeigniter4\framework\system\Database\BaseConnection.php(647): CodeIgniter\Database\BaseConnection->simpleQuery('INSERT INTO `de...')
#3 C:\xampp\htdocs\lpmu-web\vendor\codeigniter4\framework\system\Database\BaseBuilder.php(2277): CodeIgniter\Database\BaseConnection->query('INSERT INTO `de...', Array, false)
#4 C:\xampp\htdocs\lpmu-web\vendor\codeigniter4\framework\system\Model.php(259): CodeIgniter\Database\BaseBuilder->insert()
#5 C:\xampp\htdocs\lpmu-web\vendor\codeigniter4\framework\system\BaseModel.php(774): CodeIgniter\Model->doInsert(Array)
#6 C:\xampp\htdocs\lpmu-web\vendor\codeigniter4\framework\system\Model.php(686): CodeIgniter\BaseModel->insert(Array, true)
#7 C:\xampp\htdocs\lpmu-web\app\Controllers\Rkat.php(50): CodeIgniter\Model->insert(Array)
#8 C:\xampp\htdocs\lpmu-web\vendor\codeigniter4\framework\system\CodeIgniter.php(928): App\Controllers\Rkat->savebyadmin()
#9 C:\xampp\htdocs\lpmu-web\vendor\codeigniter4\framework\system\CodeIgniter.php(436): CodeIgniter\CodeIgniter->runController(Object(App\Controllers\Rkat))
#10 C:\xampp\htdocs\lpmu-web\vendor\codeigniter4\framework\system\CodeIgniter.php(336): CodeIgniter\CodeIgniter->handleRequest(NULL, Object(Config\Cache), false)
#11 C:\xampp\htdocs\lpmu-web\public\index.php(37): CodeIgniter\CodeIgniter->run()
#12 C:\xampp\htdocs\lpmu-web\vendor\codeigniter4\framework\system\Commands\Server\rewrite.php(45): require_once('C:\\xampp\\htdocs...')
#13 {main}
ERROR - 2021-10-17 21:11:08 --> Cannot add or update a child row: a foreign key constraint fails (`db_lpmu`.`detail_rkat`, CONSTRAINT `FOREIGN` FOREIGN KEY (`id_set`) REFERENCES `set_rkat` (`id_setrkat`))
CRITICAL - 2021-10-17 21:11:08 --> Cannot add or update a child row: a foreign key constraint fails (`db_lpmu`.`detail_rkat`, CONSTRAINT `FOREIGN` FOREIGN KEY (`id_set`) REFERENCES `set_rkat` (`id_setrkat`))
#0 C:\xampp\htdocs\lpmu-web\vendor\codeigniter4\framework\system\Database\MySQLi\Connection.php(329): mysqli->query('INSERT INTO `de...')
#1 C:\xampp\htdocs\lpmu-web\vendor\codeigniter4\framework\system\Database\BaseConnection.php(732): CodeIgniter\Database\MySQLi\Connection->execute('INSERT INTO `de...')
#2 C:\xampp\htdocs\lpmu-web\vendor\codeigniter4\framework\system\Database\BaseConnection.php(647): CodeIgniter\Database\BaseConnection->simpleQuery('INSERT INTO `de...')
#3 C:\xampp\htdocs\lpmu-web\vendor\codeigniter4\framework\system\Database\BaseBuilder.php(2277): CodeIgniter\Database\BaseConnection->query('INSERT INTO `de...', Array, false)
#4 C:\xampp\htdocs\lpmu-web\vendor\codeigniter4\framework\system\Model.php(259): CodeIgniter\Database\BaseBuilder->insert()
#5 C:\xampp\htdocs\lpmu-web\vendor\codeigniter4\framework\system\BaseModel.php(774): CodeIgniter\Model->doInsert(Array)
#6 C:\xampp\htdocs\lpmu-web\vendor\codeigniter4\framework\system\Model.php(686): CodeIgniter\BaseModel->insert(Array, true)
#7 C:\xampp\htdocs\lpmu-web\app\Controllers\Rkat.php(50): CodeIgniter\Model->insert(Array)
#8 C:\xampp\htdocs\lpmu-web\vendor\codeigniter4\framework\system\CodeIgniter.php(928): App\Controllers\Rkat->savebyadmin()
#9 C:\xampp\htdocs\lpmu-web\vendor\codeigniter4\framework\system\CodeIgniter.php(436): CodeIgniter\CodeIgniter->runController(Object(App\Controllers\Rkat))
#10 C:\xampp\htdocs\lpmu-web\vendor\codeigniter4\framework\system\CodeIgniter.php(336): CodeIgniter\CodeIgniter->handleRequest(NULL, Object(Config\Cache), false)
#11 C:\xampp\htdocs\lpmu-web\public\index.php(37): CodeIgniter\CodeIgniter->run()
#12 C:\xampp\htdocs\lpmu-web\vendor\codeigniter4\framework\system\Commands\Server\rewrite.php(45): require_once('C:\\xampp\\htdocs...')
#13 {main}
CRITICAL - 2021-10-17 21:18:47 --> Undefined variable: set_rkat
#0 C:\xampp\htdocs\lpmu-web\app\Views\admin\TambahRkat.php(157): CodeIgniter\Debug\Exceptions->errorHandler(8, 'Undefined varia...', 'C:\\xampp\\htdocs...', 157, Array)
#1 C:\xampp\htdocs\lpmu-web\vendor\codeigniter4\framework\system\View\View.php(230): include('C:\\xampp\\htdocs...')
#2 C:\xampp\htdocs\lpmu-web\vendor\codeigniter4\framework\system\View\View.php(232): CodeIgniter\View\View->CodeIgniter\View\{closure}()
#3 C:\xampp\htdocs\lpmu-web\vendor\codeigniter4\framework\system\Common.php(1271): CodeIgniter\View\View->render('admin/TambahRka...', Array, true)
#4 C:\xampp\htdocs\lpmu-web\app\Controllers\Rkat.php(27): view('admin/TambahRka...', Array)
#5 C:\xampp\htdocs\lpmu-web\vendor\codeigniter4\framework\system\CodeIgniter.php(928): App\Controllers\Rkat->createbyadmin()
#6 C:\xampp\htdocs\lpmu-web\vendor\codeigniter4\framework\system\CodeIgniter.php(436): CodeIgniter\CodeIgniter->runController(Object(App\Controllers\Rkat))
#7 C:\xampp\htdocs\lpmu-web\vendor\codeigniter4\framework\system\CodeIgniter.php(336): CodeIgniter\CodeIgniter->handleRequest(NULL, Object(Config\Cache), false)
#8 C:\xampp\htdocs\lpmu-web\public\index.php(37): CodeIgniter\CodeIgniter->run()
#9 C:\xampp\htdocs\lpmu-web\vendor\codeigniter4\framework\system\Commands\Server\rewrite.php(45): require_once('C:\\xampp\\htdocs...')
#10 {main}
CRITICAL - 2021-10-17 21:20:44 --> Undefined variable: set_rkat
#0 C:\xampp\htdocs\lpmu-web\app\Views\admin\TambahRkat.php(157): CodeIgniter\Debug\Exceptions->errorHandler(8, 'Undefined varia...', 'C:\\xampp\\htdocs...', 157, Array)
#1 C:\xampp\htdocs\lpmu-web\vendor\codeigniter4\framework\system\View\View.php(230): include('C:\\xampp\\htdocs...')
#2 C:\xampp\htdocs\lpmu-web\vendor\codeigniter4\framework\system\View\View.php(232): CodeIgniter\View\View->CodeIgniter\View\{closure}()
#3 C:\xampp\htdocs\lpmu-web\vendor\codeigniter4\framework\system\Common.php(1271): CodeIgniter\View\View->render('admin/TambahRka...', Array, true)
#4 C:\xampp\htdocs\lpmu-web\app\Controllers\Rkat.php(27): view('admin/TambahRka...', Array)
#5 C:\xampp\htdocs\lpmu-web\vendor\codeigniter4\framework\system\CodeIgniter.php(928): App\Controllers\Rkat->createbyadmin()
#6 C:\xampp\htdocs\lpmu-web\vendor\codeigniter4\framework\system\CodeIgniter.php(436): CodeIgniter\CodeIgniter->runController(Object(App\Controllers\Rkat))
#7 C:\xampp\htdocs\lpmu-web\vendor\codeigniter4\framework\system\CodeIgniter.php(336): CodeIgniter\CodeIgniter->handleRequest(NULL, Object(Config\Cache), false)
#8 C:\xampp\htdocs\lpmu-web\public\index.php(37): CodeIgniter\CodeIgniter->run()
#9 C:\xampp\htdocs\lpmu-web\vendor\codeigniter4\framework\system\Commands\Server\rewrite.php(45): require_once('C:\\xampp\\htdocs...')
#10 {main}
CRITICAL - 2021-10-17 21:20:54 --> Undefined variable: set_rkat
#0 C:\xampp\htdocs\lpmu-web\app\Views\admin\TambahRkat.php(157): CodeIgniter\Debug\Exceptions->errorHandler(8, 'Undefined varia...', 'C:\\xampp\\htdocs...', 157, Array)
#1 C:\xampp\htdocs\lpmu-web\vendor\codeigniter4\framework\system\View\View.php(230): include('C:\\xampp\\htdocs...')
#2 C:\xampp\htdocs\lpmu-web\vendor\codeigniter4\framework\system\View\View.php(232): CodeIgniter\View\View->CodeIgniter\View\{closure}()
#3 C:\xampp\htdocs\lpmu-web\vendor\codeigniter4\framework\system\Common.php(1271): CodeIgniter\View\View->render('admin/TambahRka...', Array, true)
#4 C:\xampp\htdocs\lpmu-web\app\Controllers\Rkat.php(27): view('admin/TambahRka...', Array)
#5 C:\xampp\htdocs\lpmu-web\vendor\codeigniter4\framework\system\CodeIgniter.php(928): App\Controllers\Rkat->createbyadmin()
#6 C:\xampp\htdocs\lpmu-web\vendor\codeigniter4\framework\system\CodeIgniter.php(436): CodeIgniter\CodeIgniter->runController(Object(App\Controllers\Rkat))
#7 C:\xampp\htdocs\lpmu-web\vendor\codeigniter4\framework\system\CodeIgniter.php(336): CodeIgniter\CodeIgniter->handleRequest(NULL, Object(Config\Cache), false)
#8 C:\xampp\htdocs\lpmu-web\public\index.php(37): CodeIgniter\CodeIgniter->run()
#9 C:\xampp\htdocs\lpmu-web\vendor\codeigniter4\framework\system\Commands\Server\rewrite.php(45): require_once('C:\\xampp\\htdocs...')
#10 {main}
CRITICAL - 2021-10-17 21:21:55 --> Undefined variable: set_rkat
#0 C:\xampp\htdocs\lpmu-web\app\Views\admin\TambahRkat.php(157): CodeIgniter\Debug\Exceptions->errorHandler(8, 'Undefined varia...', 'C:\\xampp\\htdocs...', 157, Array)
#1 C:\xampp\htdocs\lpmu-web\vendor\codeigniter4\framework\system\View\View.php(230): include('C:\\xampp\\htdocs...')
#2 C:\xampp\htdocs\lpmu-web\vendor\codeigniter4\framework\system\View\View.php(232): CodeIgniter\View\View->CodeIgniter\View\{closure}()
#3 C:\xampp\htdocs\lpmu-web\vendor\codeigniter4\framework\system\Common.php(1271): CodeIgniter\View\View->render('admin/TambahRka...', Array, true)
#4 C:\xampp\htdocs\lpmu-web\app\Controllers\Rkat.php(27): view('admin/TambahRka...', Array)
#5 C:\xampp\htdocs\lpmu-web\vendor\codeigniter4\framework\system\CodeIgniter.php(928): App\Controllers\Rkat->createbyadmin()
#6 C:\xampp\htdocs\lpmu-web\vendor\codeigniter4\framework\system\CodeIgniter.php(436): CodeIgniter\CodeIgniter->runController(Object(App\Controllers\Rkat))
#7 C:\xampp\htdocs\lpmu-web\vendor\codeigniter4\framework\system\CodeIgniter.php(336): CodeIgniter\CodeIgniter->handleRequest(NULL, Object(Config\Cache), false)
#8 C:\xampp\htdocs\lpmu-web\public\index.php(37): CodeIgniter\CodeIgniter->run()
#9 C:\xampp\htdocs\lpmu-web\vendor\codeigniter4\framework\system\Commands\Server\rewrite.php(45): require_once('C:\\xampp\\htdocs...')
#10 {main}
CRITICAL - 2021-10-17 21:22:04 --> Undefined variable: set_rkat
#0 C:\xampp\htdocs\lpmu-web\app\Views\admin\TambahRkat.php(157): CodeIgniter\Debug\Exceptions->errorHandler(8, 'Undefined varia...', 'C:\\xampp\\htdocs...', 157, Array)
#1 C:\xampp\htdocs\lpmu-web\vendor\codeigniter4\framework\system\View\View.php(230): include('C:\\xampp\\htdocs...')
#2 C:\xampp\htdocs\lpmu-web\vendor\codeigniter4\framework\system\View\View.php(232): CodeIgniter\View\View->CodeIgniter\View\{closure}()
#3 C:\xampp\htdocs\lpmu-web\vendor\codeigniter4\framework\system\Common.php(1271): CodeIgniter\View\View->render('admin/TambahRka...', Array, true)
#4 C:\xampp\htdocs\lpmu-web\app\Controllers\Rkat.php(27): view('admin/TambahRka...', Array)
#5 C:\xampp\htdocs\lpmu-web\vendor\codeigniter4\framework\system\CodeIgniter.php(928): App\Controllers\Rkat->createbyadmin()
#6 C:\xampp\htdocs\lpmu-web\vendor\codeigniter4\framework\system\CodeIgniter.php(436): CodeIgniter\CodeIgniter->runController(Object(App\Controllers\Rkat))
#7 C:\xampp\htdocs\lpmu-web\vendor\codeigniter4\framework\system\CodeIgniter.php(336): CodeIgniter\CodeIgniter->handleRequest(NULL, Object(Config\Cache), false)
#8 C:\xampp\htdocs\lpmu-web\public\index.php(37): CodeIgniter\CodeIgniter->run()
#9 C:\xampp\htdocs\lpmu-web\vendor\codeigniter4\framework\system\Commands\Server\rewrite.php(45): require_once('C:\\xampp\\htdocs...')
#10 {main}
CRITICAL - 2021-10-17 21:22:51 --> Undefined variable: set_rkat
#0 C:\xampp\htdocs\lpmu-web\app\Views\admin\TambahRkat.php(157): CodeIgniter\Debug\Exceptions->errorHandler(8, 'Undefined varia...', 'C:\\xampp\\htdocs...', 157, Array)
#1 C:\xampp\htdocs\lpmu-web\vendor\codeigniter4\framework\system\View\View.php(230): include('C:\\xampp\\htdocs...')
#2 C:\xampp\htdocs\lpmu-web\vendor\codeigniter4\framework\system\View\View.php(232): CodeIgniter\View\View->CodeIgniter\View\{closure}()
#3 C:\xampp\htdocs\lpmu-web\vendor\codeigniter4\framework\system\Common.php(1271): CodeIgniter\View\View->render('admin/TambahRka...', Array, true)
#4 C:\xampp\htdocs\lpmu-web\app\Controllers\Rkat.php(27): view('admin/TambahRka...', Array)
#5 C:\xampp\htdocs\lpmu-web\vendor\codeigniter4\framework\system\CodeIgniter.php(928): App\Controllers\Rkat->createbyadmin()
#6 C:\xampp\htdocs\lpmu-web\vendor\codeigniter4\framework\system\CodeIgniter.php(436): CodeIgniter\CodeIgniter->runController(Object(App\Controllers\Rkat))
#7 C:\xampp\htdocs\lpmu-web\vendor\codeigniter4\framework\system\CodeIgniter.php(336): CodeIgniter\CodeIgniter->handleRequest(NULL, Object(Config\Cache), false)
#8 C:\xampp\htdocs\lpmu-web\public\index.php(37): CodeIgniter\CodeIgniter->run()
#9 C:\xampp\htdocs\lpmu-web\vendor\codeigniter4\framework\system\Commands\Server\rewrite.php(45): require_once('C:\\xampp\\htdocs...')
#10 {main}
ERROR - 2021-10-17 21:26:47 --> Cannot add or update a child row: a foreign key constraint fails (`db_lpmu`.`detail_rkat`, CONSTRAINT `FOREIGN` FOREIGN KEY (`id_set`) REFERENCES `set_rkat` (`id_setrkat`))
CRITICAL - 2021-10-17 21:26:47 --> Cannot add or update a child row: a foreign key constraint fails (`db_lpmu`.`detail_rkat`, CONSTRAINT `FOREIGN` FOREIGN KEY (`id_set`) REFERENCES `set_rkat` (`id_setrkat`))
#0 C:\xampp\htdocs\lpmu-web\vendor\codeigniter4\framework\system\Database\MySQLi\Connection.php(329): mysqli->query('INSERT INTO `de...')
#1 C:\xampp\htdocs\lpmu-web\vendor\codeigniter4\framework\system\Database\BaseConnection.php(732): CodeIgniter\Database\MySQLi\Connection->execute('INSERT INTO `de...')
#2 C:\xampp\htdocs\lpmu-web\vendor\codeigniter4\framework\system\Database\BaseConnection.php(647): CodeIgniter\Database\BaseConnection->simpleQuery('INSERT INTO `de...')
#3 C:\xampp\htdocs\lpmu-web\vendor\codeigniter4\framework\system\Database\BaseBuilder.php(2277): CodeIgniter\Database\BaseConnection->query('INSERT INTO `de...', Array, false)
#4 C:\xampp\htdocs\lpmu-web\vendor\codeigniter4\framework\system\Model.php(259): CodeIgniter\Database\BaseBuilder->insert()
#5 C:\xampp\htdocs\lpmu-web\vendor\codeigniter4\framework\system\BaseModel.php(774): CodeIgniter\Model->doInsert(Array)
#6 C:\xampp\htdocs\lpmu-web\vendor\codeigniter4\framework\system\Model.php(686): CodeIgniter\BaseModel->insert(Array, true)
#7 C:\xampp\htdocs\lpmu-web\app\Controllers\Rkat.php(50): CodeIgniter\Model->insert(Array)
#8 C:\xampp\htdocs\lpmu-web\vendor\codeigniter4\framework\system\CodeIgniter.php(928): App\Controllers\Rkat->savebyadmin()
#9 C:\xampp\htdocs\lpmu-web\vendor\codeigniter4\framework\system\CodeIgniter.php(436): CodeIgniter\CodeIgniter->runController(Object(App\Controllers\Rkat))
#10 C:\xampp\htdocs\lpmu-web\vendor\codeigniter4\framework\system\CodeIgniter.php(336): CodeIgniter\CodeIgniter->handleRequest(NULL, Object(Config\Cache), false)
#11 C:\xampp\htdocs\lpmu-web\public\index.php(37): CodeIgniter\CodeIgniter->run()
#12 C:\xampp\htdocs\lpmu-web\vendor\codeigniter4\framework\system\Commands\Server\rewrite.php(45): require_once('C:\\xampp\\htdocs...')
#13 {main}
CRITICAL - 2021-10-17 21:27:19 --> Undefined variable: set_rkat
#0 C:\xampp\htdocs\lpmu-web\app\Views\admin\TambahRkat.php(157): CodeIgniter\Debug\Exceptions->errorHandler(8, 'Undefined varia...', 'C:\\xampp\\htdocs...', 157, Array)
#1 C:\xampp\htdocs\lpmu-web\vendor\codeigniter4\framework\system\View\View.php(230): include('C:\\xampp\\htdocs...')
#2 C:\xampp\htdocs\lpmu-web\vendor\codeigniter4\framework\system\View\View.php(232): CodeIgniter\View\View->CodeIgniter\View\{closure}()
#3 C:\xampp\htdocs\lpmu-web\vendor\codeigniter4\framework\system\Common.php(1271): CodeIgniter\View\View->render('admin/TambahRka...', Array, true)
#4 C:\xampp\htdocs\lpmu-web\app\Controllers\Rkat.php(27): view('admin/TambahRka...', Array)
#5 C:\xampp\htdocs\lpmu-web\vendor\codeigniter4\framework\system\CodeIgniter.php(928): App\Controllers\Rkat->createbyadmin()
#6 C:\xampp\htdocs\lpmu-web\vendor\codeigniter4\framework\system\CodeIgniter.php(436): CodeIgniter\CodeIgniter->runController(Object(App\Controllers\Rkat))
#7 C:\xampp\htdocs\lpmu-web\vendor\codeigniter4\framework\system\CodeIgniter.php(336): CodeIgniter\CodeIgniter->handleRequest(NULL, Object(Config\Cache), false)
#8 C:\xampp\htdocs\lpmu-web\public\index.php(37): CodeIgniter\CodeIgniter->run()
#9 C:\xampp\htdocs\lpmu-web\vendor\codeigniter4\framework\system\Commands\Server\rewrite.php(45): require_once('C:\\xampp\\htdocs...')
#10 {main}
ERROR - 2021-10-17 21:28:38 --> Cannot add or update a child row: a foreign key constraint fails (`db_lpmu`.`detail_rkat`, CONSTRAINT `FOREIGN` FOREIGN KEY (`id_set`) REFERENCES `set_rkat` (`id_setrkat`))
CRITICAL - 2021-10-17 21:28:38 --> Cannot add or update a child row: a foreign key constraint fails (`db_lpmu`.`detail_rkat`, CONSTRAINT `FOREIGN` FOREIGN KEY (`id_set`) REFERENCES `set_rkat` (`id_setrkat`))
#0 C:\xampp\htdocs\lpmu-web\vendor\codeigniter4\framework\system\Database\MySQLi\Connection.php(329): mysqli->query('INSERT INTO `de...')
#1 C:\xampp\htdocs\lpmu-web\vendor\codeigniter4\framework\system\Database\BaseConnection.php(732): CodeIgniter\Database\MySQLi\Connection->execute('INSERT INTO `de...')
#2 C:\xampp\htdocs\lpmu-web\vendor\codeigniter4\framework\system\Database\BaseConnection.php(647): CodeIgniter\Database\BaseConnection->simpleQuery('INSERT INTO `de...')
#3 C:\xampp\htdocs\lpmu-web\vendor\codeigniter4\framework\system\Database\BaseBuilder.php(2277): CodeIgniter\Database\BaseConnection->query('INSERT INTO `de...', Array, false)
#4 C:\xampp\htdocs\lpmu-web\vendor\codeigniter4\framework\system\Model.php(259): CodeIgniter\Database\BaseBuilder->insert()
#5 C:\xampp\htdocs\lpmu-web\vendor\codeigniter4\framework\system\BaseModel.php(774): CodeIgniter\Model->doInsert(Array)
#6 C:\xampp\htdocs\lpmu-web\vendor\codeigniter4\framework\system\Model.php(686): CodeIgniter\BaseModel->insert(Array, true)
#7 C:\xampp\htdocs\lpmu-web\app\Controllers\Rkat.php(50): CodeIgniter\Model->insert(Array)
#8 C:\xampp\htdocs\lpmu-web\vendor\codeigniter4\framework\system\CodeIgniter.php(928): App\Controllers\Rkat->savebyadmin()
#9 C:\xampp\htdocs\lpmu-web\vendor\codeigniter4\framework\system\CodeIgniter.php(436): CodeIgniter\CodeIgniter->runController(Object(App\Controllers\Rkat))
#10 C:\xampp\htdocs\lpmu-web\vendor\codeigniter4\framework\system\CodeIgniter.php(336): CodeIgniter\CodeIgniter->handleRequest(NULL, Object(Config\Cache), false)
#11 C:\xampp\htdocs\lpmu-web\public\index.php(37): CodeIgniter\CodeIgniter->run()
#12 C:\xampp\htdocs\lpmu-web\vendor\codeigniter4\framework\system\Commands\Server\rewrite.php(45): require_once('C:\\xampp\\htdocs...')
#13 {main}
ERROR - 2021-10-17 21:30:25 --> Cannot add or update a child row: a foreign key constraint fails (`db_lpmu`.`detail_rkat`, CONSTRAINT `FOREIGN` FOREIGN KEY (`id_set`) REFERENCES `set_rkat` (`id_setrkat`))
CRITICAL - 2021-10-17 21:30:25 --> Cannot add or update a child row: a foreign key constraint fails (`db_lpmu`.`detail_rkat`, CONSTRAINT `FOREIGN` FOREIGN KEY (`id_set`) REFERENCES `set_rkat` (`id_setrkat`))
#0 C:\xampp\htdocs\lpmu-web\vendor\codeigniter4\framework\system\Database\MySQLi\Connection.php(329): mysqli->query('INSERT INTO `de...')
#1 C:\xampp\htdocs\lpmu-web\vendor\codeigniter4\framework\system\Database\BaseConnection.php(732): CodeIgniter\Database\MySQLi\Connection->execute('INSERT INTO `de...')
#2 C:\xampp\htdocs\lpmu-web\vendor\codeigniter4\framework\system\Database\BaseConnection.php(647): CodeIgniter\Database\BaseConnection->simpleQuery('INSERT INTO `de...')
#3 C:\xampp\htdocs\lpmu-web\vendor\codeigniter4\framework\system\Database\BaseBuilder.php(2277): CodeIgniter\Database\BaseConnection->query('INSERT INTO `de...', Array, false)
#4 C:\xampp\htdocs\lpmu-web\vendor\codeigniter4\framework\system\Model.php(259): CodeIgniter\Database\BaseBuilder->insert()
#5 C:\xampp\htdocs\lpmu-web\vendor\codeigniter4\framework\system\BaseModel.php(774): CodeIgniter\Model->doInsert(Array)
#6 C:\xampp\htdocs\lpmu-web\vendor\codeigniter4\framework\system\Model.php(686): CodeIgniter\BaseModel->insert(Array, true)
#7 C:\xampp\htdocs\lpmu-web\app\Controllers\Rkat.php(50): CodeIgniter\Model->insert(Array)
#8 C:\xampp\htdocs\lpmu-web\vendor\codeigniter4\framework\system\CodeIgniter.php(928): App\Controllers\Rkat->savebyadmin()
#9 C:\xampp\htdocs\lpmu-web\vendor\codeigniter4\framework\system\CodeIgniter.php(436): CodeIgniter\CodeIgniter->runController(Object(App\Controllers\Rkat))
#10 C:\xampp\htdocs\lpmu-web\vendor\codeigniter4\framework\system\CodeIgniter.php(336): CodeIgniter\CodeIgniter->handleRequest(NULL, Object(Config\Cache), false)
#11 C:\xampp\htdocs\lpmu-web\public\index.php(37): CodeIgniter\CodeIgniter->run()
#12 C:\xampp\htdocs\lpmu-web\vendor\codeigniter4\framework\system\Commands\Server\rewrite.php(45): require_once('C:\\xampp\\htdocs...')
#13 {main}
ERROR - 2021-10-17 21:31:57 --> Cannot add or update a child row: a foreign key constraint fails (`db_lpmu`.`detail_rkat`, CONSTRAINT `FOREIGN` FOREIGN KEY (`id_set`) REFERENCES `set_rkat` (`id_setrkat`))
CRITICAL - 2021-10-17 21:31:57 --> Cannot add or update a child row: a foreign key constraint fails (`db_lpmu`.`detail_rkat`, CONSTRAINT `FOREIGN` FOREIGN KEY (`id_set`) REFERENCES `set_rkat` (`id_setrkat`))
#0 C:\xampp\htdocs\lpmu-web\vendor\codeigniter4\framework\system\Database\MySQLi\Connection.php(329): mysqli->query('INSERT INTO `de...')
#1 C:\xampp\htdocs\lpmu-web\vendor\codeigniter4\framework\system\Database\BaseConnection.php(732): CodeIgniter\Database\MySQLi\Connection->execute('INSERT INTO `de...')
#2 C:\xampp\htdocs\lpmu-web\vendor\codeigniter4\framework\system\Database\BaseConnection.php(647): CodeIgniter\Database\BaseConnection->simpleQuery('INSERT INTO `de...')
#3 C:\xampp\htdocs\lpmu-web\vendor\codeigniter4\framework\system\Database\BaseBuilder.php(2277): CodeIgniter\Database\BaseConnection->query('INSERT INTO `de...', Array, false)
#4 C:\xampp\htdocs\lpmu-web\vendor\codeigniter4\framework\system\Model.php(259): CodeIgniter\Database\BaseBuilder->insert()
#5 C:\xampp\htdocs\lpmu-web\vendor\codeigniter4\framework\system\BaseModel.php(774): CodeIgniter\Model->doInsert(Array)
#6 C:\xampp\htdocs\lpmu-web\vendor\codeigniter4\framework\system\Model.php(686): CodeIgniter\BaseModel->insert(Array, true)
#7 C:\xampp\htdocs\lpmu-web\app\Controllers\Rkat.php(50): CodeIgniter\Model->insert(Array)
#8 C:\xampp\htdocs\lpmu-web\vendor\codeigniter4\framework\system\CodeIgniter.php(928): App\Controllers\Rkat->savebyadmin()
#9 C:\xampp\htdocs\lpmu-web\vendor\codeigniter4\framework\system\CodeIgniter.php(436): CodeIgniter\CodeIgniter->runController(Object(App\Controllers\Rkat))
#10 C:\xampp\htdocs\lpmu-web\vendor\codeigniter4\framework\system\CodeIgniter.php(336): CodeIgniter\CodeIgniter->handleRequest(NULL, Object(Config\Cache), false)
#11 C:\xampp\htdocs\lpmu-web\public\index.php(37): CodeIgniter\CodeIgniter->run()
#12 C:\xampp\htdocs\lpmu-web\vendor\codeigniter4\framework\system\Commands\Server\rewrite.php(45): require_once('C:\\xampp\\htdocs...')
#13 {main}
ERROR - 2021-10-17 21:33:21 --> Cannot add or update a child row: a foreign key constraint fails (`db_lpmu`.`detail_rkat`, CONSTRAINT `FOREIGN` FOREIGN KEY (`id_set`) REFERENCES `set_rkat` (`id_setrkat`))
CRITICAL - 2021-10-17 21:33:21 --> Cannot add or update a child row: a foreign key constraint fails (`db_lpmu`.`detail_rkat`, CONSTRAINT `FOREIGN` FOREIGN KEY (`id_set`) REFERENCES `set_rkat` (`id_setrkat`))
#0 C:\xampp\htdocs\lpmu-web\vendor\codeigniter4\framework\system\Database\MySQLi\Connection.php(329): mysqli->query('INSERT INTO `de...')
#1 C:\xampp\htdocs\lpmu-web\vendor\codeigniter4\framework\system\Database\BaseConnection.php(732): CodeIgniter\Database\MySQLi\Connection->execute('INSERT INTO `de...')
#2 C:\xampp\htdocs\lpmu-web\vendor\codeigniter4\framework\system\Database\BaseConnection.php(647): CodeIgniter\Database\BaseConnection->simpleQuery('INSERT INTO `de...')
#3 C:\xampp\htdocs\lpmu-web\vendor\codeigniter4\framework\system\Database\BaseBuilder.php(2277): CodeIgniter\Database\BaseConnection->query('INSERT INTO `de...', Array, false)
#4 C:\xampp\htdocs\lpmu-web\vendor\codeigniter4\framework\system\Model.php(259): CodeIgniter\Database\BaseBuilder->insert()
#5 C:\xampp\htdocs\lpmu-web\vendor\codeigniter4\framework\system\BaseModel.php(774): CodeIgniter\Model->doInsert(Array)
#6 C:\xampp\htdocs\lpmu-web\vendor\codeigniter4\framework\system\Model.php(686): CodeIgniter\BaseModel->insert(Array, true)
#7 C:\xampp\htdocs\lpmu-web\app\Controllers\Rkat.php(50): CodeIgniter\Model->insert(Array)
#8 C:\xampp\htdocs\lpmu-web\vendor\codeigniter4\framework\system\CodeIgniter.php(928): App\Controllers\Rkat->savebyadmin()
#9 C:\xampp\htdocs\lpmu-web\vendor\codeigniter4\framework\system\CodeIgniter.php(436): CodeIgniter\CodeIgniter->runController(Object(App\Controllers\Rkat))
#10 C:\xampp\htdocs\lpmu-web\vendor\codeigniter4\framework\system\CodeIgniter.php(336): CodeIgniter\CodeIgniter->handleRequest(NULL, Object(Config\Cache), false)
#11 C:\xampp\htdocs\lpmu-web\public\index.php(37): CodeIgniter\CodeIgniter->run()
#12 C:\xampp\htdocs\lpmu-web\vendor\codeigniter4\framework\system\Commands\Server\rewrite.php(45): require_once('C:\\xampp\\htdocs...')
#13 {main}
