ERROR - 2021-11-15 02:31:33 --> Table 'db_lpmu.data_kpi' doesn't exist
CRITICAL - 2021-11-15 02:31:33 --> Table 'db_lpmu.data_kpi' doesn't exist
#0 C:\xampp\htdocs\LPMU\vendor\codeigniter4\framework\system\Database\MySQLi\Connection.php(329): mysqli->query('SELECT *\nFROM `...')
#1 C:\xampp\htdocs\LPMU\vendor\codeigniter4\framework\system\Database\BaseConnection.php(732): CodeIgniter\Database\MySQLi\Connection->execute('SELECT *\nFROM `...')
#2 C:\xampp\htdocs\LPMU\vendor\codeigniter4\framework\system\Database\BaseConnection.php(647): CodeIgniter\Database\BaseConnection->simpleQuery('SELECT *\nFROM `...')
#3 C:\xampp\htdocs\LPMU\vendor\codeigniter4\framework\system\Database\BaseBuilder.php(1881): CodeIgniter\Database\BaseConnection->query('SELECT *\nFROM `...', Array, false)
#4 C:\xampp\htdocs\LPMU\app\Models\DetailRkatModel.php(42): CodeIgniter\Database\BaseBuilder->get()
#5 C:\xampp\htdocs\LPMU\app\Controllers\CapaianRkat.php(25): App\Models\DetailRkatModel->gabungkpi()
#6 C:\xampp\htdocs\LPMU\vendor\codeigniter4\framework\system\CodeIgniter.php(928): App\Controllers\CapaianRkat->createcapaianbyuser()
#7 C:\xampp\htdocs\LPMU\vendor\codeigniter4\framework\system\CodeIgniter.php(436): CodeIgniter\CodeIgniter->runController(Object(App\Controllers\CapaianRkat))
#8 C:\xampp\htdocs\LPMU\vendor\codeigniter4\framework\system\CodeIgniter.php(336): CodeIgniter\CodeIgniter->handleRequest(NULL, Object(Config\Cache), false)
#9 C:\xampp\htdocs\LPMU\public\index.php(37): CodeIgniter\CodeIgniter->run()
#10 C:\xampp\htdocs\LPMU\vendor\codeigniter4\framework\system\Commands\Server\rewrite.php(45): require_once('C:\\xampp\\htdocs...')
#11 {main}
ERROR - 2021-11-15 02:31:37 --> Table 'db_lpmu.data_kpi' doesn't exist
CRITICAL - 2021-11-15 02:31:37 --> Table 'db_lpmu.data_kpi' doesn't exist
#0 C:\xampp\htdocs\LPMU\vendor\codeigniter4\framework\system\Database\MySQLi\Connection.php(329): mysqli->query('SELECT *\nFROM `...')
#1 C:\xampp\htdocs\LPMU\vendor\codeigniter4\framework\system\Database\BaseConnection.php(732): CodeIgniter\Database\MySQLi\Connection->execute('SELECT *\nFROM `...')
#2 C:\xampp\htdocs\LPMU\vendor\codeigniter4\framework\system\Database\BaseConnection.php(647): CodeIgniter\Database\BaseConnection->simpleQuery('SELECT *\nFROM `...')
#3 C:\xampp\htdocs\LPMU\vendor\codeigniter4\framework\system\Database\BaseBuilder.php(1881): CodeIgniter\Database\BaseConnection->query('SELECT *\nFROM `...', Array, false)
#4 C:\xampp\htdocs\LPMU\app\Models\DetailRkatModel.php(42): CodeIgniter\Database\BaseBuilder->get()
#5 C:\xampp\htdocs\LPMU\app\Controllers\Rkat.php(93): App\Models\DetailRkatModel->gabungkpi()
#6 C:\xampp\htdocs\LPMU\vendor\codeigniter4\framework\system\CodeIgniter.php(928): App\Controllers\Rkat->indexbyuser()
#7 C:\xampp\htdocs\LPMU\vendor\codeigniter4\framework\system\CodeIgniter.php(436): CodeIgniter\CodeIgniter->runController(Object(App\Controllers\Rkat))
#8 C:\xampp\htdocs\LPMU\vendor\codeigniter4\framework\system\CodeIgniter.php(336): CodeIgniter\CodeIgniter->handleRequest(NULL, Object(Config\Cache), false)
#9 C:\xampp\htdocs\LPMU\public\index.php(37): CodeIgniter\CodeIgniter->run()
#10 C:\xampp\htdocs\LPMU\vendor\codeigniter4\framework\system\Commands\Server\rewrite.php(45): require_once('C:\\xampp\\htdocs...')
#11 {main}
ERROR - 2021-11-15 02:32:05 --> Table 'db_lpmu.data_kpi' doesn't exist
CRITICAL - 2021-11-15 02:32:05 --> Table 'db_lpmu.data_kpi' doesn't exist
#0 C:\xampp\htdocs\LPMU\vendor\codeigniter4\framework\system\Database\MySQLi\Connection.php(329): mysqli->query('SELECT *\nFROM `...')
#1 C:\xampp\htdocs\LPMU\vendor\codeigniter4\framework\system\Database\BaseConnection.php(732): CodeIgniter\Database\MySQLi\Connection->execute('SELECT *\nFROM `...')
#2 C:\xampp\htdocs\LPMU\vendor\codeigniter4\framework\system\Database\BaseConnection.php(647): CodeIgniter\Database\BaseConnection->simpleQuery('SELECT *\nFROM `...')
#3 C:\xampp\htdocs\LPMU\vendor\codeigniter4\framework\system\Database\BaseBuilder.php(1881): CodeIgniter\Database\BaseConnection->query('SELECT *\nFROM `...', Array, false)
#4 C:\xampp\htdocs\LPMU\app\Models\DetailRkatModel.php(42): CodeIgniter\Database\BaseBuilder->get()
#5 C:\xampp\htdocs\LPMU\app\Controllers\CapaianRkat.php(25): App\Models\DetailRkatModel->gabungkpi()
#6 C:\xampp\htdocs\LPMU\vendor\codeigniter4\framework\system\CodeIgniter.php(928): App\Controllers\CapaianRkat->createcapaianbyuser()
#7 C:\xampp\htdocs\LPMU\vendor\codeigniter4\framework\system\CodeIgniter.php(436): CodeIgniter\CodeIgniter->runController(Object(App\Controllers\CapaianRkat))
#8 C:\xampp\htdocs\LPMU\vendor\codeigniter4\framework\system\CodeIgniter.php(336): CodeIgniter\CodeIgniter->handleRequest(NULL, Object(Config\Cache), false)
#9 C:\xampp\htdocs\LPMU\public\index.php(37): CodeIgniter\CodeIgniter->run()
#10 C:\xampp\htdocs\LPMU\vendor\codeigniter4\framework\system\Commands\Server\rewrite.php(45): require_once('C:\\xampp\\htdocs...')
#11 {main}
