<<<<<<< HEAD
CRITICAL - 2021-11-16 02:29:42 --> Undefined variable: set_rkat
#0 C:\xampp\htdocs\lpmu-web\app\Views\admin\TambahRkat.php(160): CodeIgniter\Debug\Exceptions->errorHandler(8, 'Undefined varia...', 'C:\\xampp\\htdocs...', 160, Array)
#1 C:\xampp\htdocs\lpmu-web\vendor\codeigniter4\framework\system\View\View.php(230): include('C:\\xampp\\htdocs...')
#2 C:\xampp\htdocs\lpmu-web\vendor\codeigniter4\framework\system\View\View.php(232): CodeIgniter\View\View->CodeIgniter\View\{closure}()
#3 C:\xampp\htdocs\lpmu-web\vendor\codeigniter4\framework\system\Common.php(1271): CodeIgniter\View\View->render('admin/TambahRka...', Array, true)
#4 C:\xampp\htdocs\lpmu-web\app\Controllers\Rkat.php(201): view('admin/TambahRka...', Array)
#5 C:\xampp\htdocs\lpmu-web\vendor\codeigniter4\framework\system\CodeIgniter.php(928): App\Controllers\Rkat->createbyadmin()
#6 C:\xampp\htdocs\lpmu-web\vendor\codeigniter4\framework\system\CodeIgniter.php(436): CodeIgniter\CodeIgniter->runController(Object(App\Controllers\Rkat))
#7 C:\xampp\htdocs\lpmu-web\vendor\codeigniter4\framework\system\CodeIgniter.php(336): CodeIgniter\CodeIgniter->handleRequest(NULL, Object(Config\Cache), false)
#8 C:\xampp\htdocs\lpmu-web\public\index.php(37): CodeIgniter\CodeIgniter->run()
#9 C:\xampp\htdocs\lpmu-web\vendor\codeigniter4\framework\system\Commands\Server\rewrite.php(45): require_once('C:\\xampp\\htdocs...')
#10 {main}
CRITICAL - 2021-11-16 02:30:28 --> Undefined variable: set_rkat
#0 C:\xampp\htdocs\lpmu-web\app\Views\admin\TambahRkat.php(160): CodeIgniter\Debug\Exceptions->errorHandler(8, 'Undefined varia...', 'C:\\xampp\\htdocs...', 160, Array)
#1 C:\xampp\htdocs\lpmu-web\vendor\codeigniter4\framework\system\View\View.php(230): include('C:\\xampp\\htdocs...')
#2 C:\xampp\htdocs\lpmu-web\vendor\codeigniter4\framework\system\View\View.php(232): CodeIgniter\View\View->CodeIgniter\View\{closure}()
#3 C:\xampp\htdocs\lpmu-web\vendor\codeigniter4\framework\system\Common.php(1271): CodeIgniter\View\View->render('admin/TambahRka...', Array, true)
#4 C:\xampp\htdocs\lpmu-web\app\Controllers\Rkat.php(201): view('admin/TambahRka...', Array)
#5 C:\xampp\htdocs\lpmu-web\vendor\codeigniter4\framework\system\CodeIgniter.php(928): App\Controllers\Rkat->createbyadmin()
#6 C:\xampp\htdocs\lpmu-web\vendor\codeigniter4\framework\system\CodeIgniter.php(436): CodeIgniter\CodeIgniter->runController(Object(App\Controllers\Rkat))
#7 C:\xampp\htdocs\lpmu-web\vendor\codeigniter4\framework\system\CodeIgniter.php(336): CodeIgniter\CodeIgniter->handleRequest(NULL, Object(Config\Cache), false)
#8 C:\xampp\htdocs\lpmu-web\public\index.php(37): CodeIgniter\CodeIgniter->run()
#9 C:\xampp\htdocs\lpmu-web\vendor\codeigniter4\framework\system\Commands\Server\rewrite.php(45): require_once('C:\\xampp\\htdocs...')
#10 {main}
CRITICAL - 2021-11-16 02:30:35 --> Undefined variable: set_rkat
#0 C:\xampp\htdocs\lpmu-web\app\Views\admin\TambahRkat.php(160): CodeIgniter\Debug\Exceptions->errorHandler(8, 'Undefined varia...', 'C:\\xampp\\htdocs...', 160, Array)
#1 C:\xampp\htdocs\lpmu-web\vendor\codeigniter4\framework\system\View\View.php(230): include('C:\\xampp\\htdocs...')
#2 C:\xampp\htdocs\lpmu-web\vendor\codeigniter4\framework\system\View\View.php(232): CodeIgniter\View\View->CodeIgniter\View\{closure}()
#3 C:\xampp\htdocs\lpmu-web\vendor\codeigniter4\framework\system\Common.php(1271): CodeIgniter\View\View->render('admin/TambahRka...', Array, true)
#4 C:\xampp\htdocs\lpmu-web\app\Controllers\Rkat.php(201): view('admin/TambahRka...', Array)
#5 C:\xampp\htdocs\lpmu-web\vendor\codeigniter4\framework\system\CodeIgniter.php(928): App\Controllers\Rkat->createbyadmin()
#6 C:\xampp\htdocs\lpmu-web\vendor\codeigniter4\framework\system\CodeIgniter.php(436): CodeIgniter\CodeIgniter->runController(Object(App\Controllers\Rkat))
#7 C:\xampp\htdocs\lpmu-web\vendor\codeigniter4\framework\system\CodeIgniter.php(336): CodeIgniter\CodeIgniter->handleRequest(NULL, Object(Config\Cache), false)
#8 C:\xampp\htdocs\lpmu-web\public\index.php(37): CodeIgniter\CodeIgniter->run()
#9 C:\xampp\htdocs\lpmu-web\vendor\codeigniter4\framework\system\Commands\Server\rewrite.php(45): require_once('C:\\xampp\\htdocs...')
#10 {main}
CRITICAL - 2021-11-16 02:30:37 --> Undefined variable: set_rkat
#0 C:\xampp\htdocs\lpmu-web\app\Views\admin\TambahRkat.php(160): CodeIgniter\Debug\Exceptions->errorHandler(8, 'Undefined varia...', 'C:\\xampp\\htdocs...', 160, Array)
#1 C:\xampp\htdocs\lpmu-web\vendor\codeigniter4\framework\system\View\View.php(230): include('C:\\xampp\\htdocs...')
#2 C:\xampp\htdocs\lpmu-web\vendor\codeigniter4\framework\system\View\View.php(232): CodeIgniter\View\View->CodeIgniter\View\{closure}()
#3 C:\xampp\htdocs\lpmu-web\vendor\codeigniter4\framework\system\Common.php(1271): CodeIgniter\View\View->render('admin/TambahRka...', Array, true)
#4 C:\xampp\htdocs\lpmu-web\app\Controllers\Rkat.php(201): view('admin/TambahRka...', Array)
#5 C:\xampp\htdocs\lpmu-web\vendor\codeigniter4\framework\system\CodeIgniter.php(928): App\Controllers\Rkat->createbyadmin()
#6 C:\xampp\htdocs\lpmu-web\vendor\codeigniter4\framework\system\CodeIgniter.php(436): CodeIgniter\CodeIgniter->runController(Object(App\Controllers\Rkat))
#7 C:\xampp\htdocs\lpmu-web\vendor\codeigniter4\framework\system\CodeIgniter.php(336): CodeIgniter\CodeIgniter->handleRequest(NULL, Object(Config\Cache), false)
#8 C:\xampp\htdocs\lpmu-web\public\index.php(37): CodeIgniter\CodeIgniter->run()
#9 C:\xampp\htdocs\lpmu-web\vendor\codeigniter4\framework\system\Commands\Server\rewrite.php(45): require_once('C:\\xampp\\htdocs...')
#10 {main}
CRITICAL - 2021-11-16 02:30:43 --> Undefined variable: set_rkat
#0 C:\xampp\htdocs\lpmu-web\app\Views\admin\TambahRkat.php(160): CodeIgniter\Debug\Exceptions->errorHandler(8, 'Undefined varia...', 'C:\\xampp\\htdocs...', 160, Array)
#1 C:\xampp\htdocs\lpmu-web\vendor\codeigniter4\framework\system\View\View.php(230): include('C:\\xampp\\htdocs...')
#2 C:\xampp\htdocs\lpmu-web\vendor\codeigniter4\framework\system\View\View.php(232): CodeIgniter\View\View->CodeIgniter\View\{closure}()
#3 C:\xampp\htdocs\lpmu-web\vendor\codeigniter4\framework\system\Common.php(1271): CodeIgniter\View\View->render('admin/TambahRka...', Array, true)
#4 C:\xampp\htdocs\lpmu-web\app\Controllers\Rkat.php(201): view('admin/TambahRka...', Array)
#5 C:\xampp\htdocs\lpmu-web\vendor\codeigniter4\framework\system\CodeIgniter.php(928): App\Controllers\Rkat->createbyadmin()
#6 C:\xampp\htdocs\lpmu-web\vendor\codeigniter4\framework\system\CodeIgniter.php(436): CodeIgniter\CodeIgniter->runController(Object(App\Controllers\Rkat))
#7 C:\xampp\htdocs\lpmu-web\vendor\codeigniter4\framework\system\CodeIgniter.php(336): CodeIgniter\CodeIgniter->handleRequest(NULL, Object(Config\Cache), false)
#8 C:\xampp\htdocs\lpmu-web\public\index.php(37): CodeIgniter\CodeIgniter->run()
#9 C:\xampp\htdocs\lpmu-web\vendor\codeigniter4\framework\system\Commands\Server\rewrite.php(45): require_once('C:\\xampp\\htdocs...')
#10 {main}
ERROR - 2021-11-16 04:01:21 --> Table 'db_lpmu.data_kpi' doesn't exist
CRITICAL - 2021-11-16 04:01:21 --> Table 'db_lpmu.data_kpi' doesn't exist
#0 C:\xampp\htdocs\lpmu-web\vendor\codeigniter4\framework\system\Database\MySQLi\Connection.php(329): mysqli->query('SELECT *\nFROM `...')
#1 C:\xampp\htdocs\lpmu-web\vendor\codeigniter4\framework\system\Database\BaseConnection.php(732): CodeIgniter\Database\MySQLi\Connection->execute('SELECT *\nFROM `...')
#2 C:\xampp\htdocs\lpmu-web\vendor\codeigniter4\framework\system\Database\BaseConnection.php(647): CodeIgniter\Database\BaseConnection->simpleQuery('SELECT *\nFROM `...')
#3 C:\xampp\htdocs\lpmu-web\vendor\codeigniter4\framework\system\Database\BaseBuilder.php(1881): CodeIgniter\Database\BaseConnection->query('SELECT *\nFROM `...', Array, false)
#4 C:\xampp\htdocs\lpmu-web\app\Models\DetailRkatModel.php(42): CodeIgniter\Database\BaseBuilder->get()
#5 C:\xampp\htdocs\lpmu-web\app\Controllers\CapaianRkat.php(25): App\Models\DetailRkatModel->gabungkpi()
#6 C:\xampp\htdocs\lpmu-web\vendor\codeigniter4\framework\system\CodeIgniter.php(928): App\Controllers\CapaianRkat->createcapaianbyuser()
#7 C:\xampp\htdocs\lpmu-web\vendor\codeigniter4\framework\system\CodeIgniter.php(436): CodeIgniter\CodeIgniter->runController(Object(App\Controllers\CapaianRkat))
#8 C:\xampp\htdocs\lpmu-web\vendor\codeigniter4\framework\system\CodeIgniter.php(336): CodeIgniter\CodeIgniter->handleRequest(NULL, Object(Config\Cache), false)
#9 C:\xampp\htdocs\lpmu-web\public\index.php(37): CodeIgniter\CodeIgniter->run()
#10 C:\xampp\htdocs\lpmu-web\vendor\codeigniter4\framework\system\Commands\Server\rewrite.php(45): require_once('C:\\xampp\\htdocs...')
#11 {main}
=======
ERROR - 2021-11-16 00:06:43 --> Table 'db_lpmu.detail_kpi' doesn't exist
CRITICAL - 2021-11-16 00:06:43 --> Table 'db_lpmu.detail_kpi' doesn't exist
#0 C:\xampp\htdocs\LPMU\vendor\codeigniter4\framework\system\Database\MySQLi\Connection.php(329): mysqli->query('SELECT *\nFROM `...')
#1 C:\xampp\htdocs\LPMU\vendor\codeigniter4\framework\system\Database\BaseConnection.php(732): CodeIgniter\Database\MySQLi\Connection->execute('SELECT *\nFROM `...')
#2 C:\xampp\htdocs\LPMU\vendor\codeigniter4\framework\system\Database\BaseConnection.php(647): CodeIgniter\Database\BaseConnection->simpleQuery('SELECT *\nFROM `...')
#3 C:\xampp\htdocs\LPMU\vendor\codeigniter4\framework\system\Database\BaseBuilder.php(1881): CodeIgniter\Database\BaseConnection->query('SELECT *\nFROM `...', Array, false)
#4 C:\xampp\htdocs\LPMU\vendor\codeigniter4\framework\system\Model.php(197): CodeIgniter\Database\BaseBuilder->get()
#5 C:\xampp\htdocs\LPMU\vendor\codeigniter4\framework\system\BaseModel.php(603): CodeIgniter\Model->doFindAll(0, 0)
#6 C:\xampp\htdocs\LPMU\app\Controllers\Admin.php(19): CodeIgniter\BaseModel->findAll()
#7 C:\xampp\htdocs\LPMU\vendor\codeigniter4\framework\system\CodeIgniter.php(928): App\Controllers\Admin->adminkpi()
#8 C:\xampp\htdocs\LPMU\vendor\codeigniter4\framework\system\CodeIgniter.php(436): CodeIgniter\CodeIgniter->runController(Object(App\Controllers\Admin))
#9 C:\xampp\htdocs\LPMU\vendor\codeigniter4\framework\system\CodeIgniter.php(336): CodeIgniter\CodeIgniter->handleRequest(NULL, Object(Config\Cache), false)
#10 C:\xampp\htdocs\LPMU\public\index.php(37): CodeIgniter\CodeIgniter->run()
#11 C:\xampp\htdocs\LPMU\vendor\codeigniter4\framework\system\Commands\Server\rewrite.php(45): require_once('C:\\xampp\\htdocs...')
#12 {main}
ERROR - 2021-11-16 00:08:41 --> Table 'db_lpmu.detail_kpi' doesn't exist
CRITICAL - 2021-11-16 00:08:41 --> Table 'db_lpmu.detail_kpi' doesn't exist
#0 C:\xampp\htdocs\LPMU\vendor\codeigniter4\framework\system\Database\MySQLi\Connection.php(329): mysqli->query('SELECT *\nFROM `...')
#1 C:\xampp\htdocs\LPMU\vendor\codeigniter4\framework\system\Database\BaseConnection.php(732): CodeIgniter\Database\MySQLi\Connection->execute('SELECT *\nFROM `...')
#2 C:\xampp\htdocs\LPMU\vendor\codeigniter4\framework\system\Database\BaseConnection.php(647): CodeIgniter\Database\BaseConnection->simpleQuery('SELECT *\nFROM `...')
#3 C:\xampp\htdocs\LPMU\vendor\codeigniter4\framework\system\Database\BaseBuilder.php(1881): CodeIgniter\Database\BaseConnection->query('SELECT *\nFROM `...', Array, false)
#4 C:\xampp\htdocs\LPMU\vendor\codeigniter4\framework\system\Model.php(197): CodeIgniter\Database\BaseBuilder->get()
#5 C:\xampp\htdocs\LPMU\vendor\codeigniter4\framework\system\BaseModel.php(603): CodeIgniter\Model->doFindAll(0, 0)
#6 C:\xampp\htdocs\LPMU\app\Controllers\Admin.php(19): CodeIgniter\BaseModel->findAll()
#7 C:\xampp\htdocs\LPMU\vendor\codeigniter4\framework\system\CodeIgniter.php(928): App\Controllers\Admin->adminkpi()
#8 C:\xampp\htdocs\LPMU\vendor\codeigniter4\framework\system\CodeIgniter.php(436): CodeIgniter\CodeIgniter->runController(Object(App\Controllers\Admin))
#9 C:\xampp\htdocs\LPMU\vendor\codeigniter4\framework\system\CodeIgniter.php(336): CodeIgniter\CodeIgniter->handleRequest(NULL, Object(Config\Cache), false)
#10 C:\xampp\htdocs\LPMU\public\index.php(37): CodeIgniter\CodeIgniter->run()
#11 C:\xampp\htdocs\LPMU\vendor\codeigniter4\framework\system\Commands\Server\rewrite.php(45): require_once('C:\\xampp\\htdocs...')
#12 {main}
ERROR - 2021-11-16 00:08:55 --> Table 'db_lpmu.detail_kpi' doesn't exist
CRITICAL - 2021-11-16 00:08:55 --> Table 'db_lpmu.detail_kpi' doesn't exist
#0 C:\xampp\htdocs\LPMU\vendor\codeigniter4\framework\system\Database\MySQLi\Connection.php(329): mysqli->query('SELECT *\nFROM `...')
#1 C:\xampp\htdocs\LPMU\vendor\codeigniter4\framework\system\Database\BaseConnection.php(732): CodeIgniter\Database\MySQLi\Connection->execute('SELECT *\nFROM `...')
#2 C:\xampp\htdocs\LPMU\vendor\codeigniter4\framework\system\Database\BaseConnection.php(647): CodeIgniter\Database\BaseConnection->simpleQuery('SELECT *\nFROM `...')
#3 C:\xampp\htdocs\LPMU\vendor\codeigniter4\framework\system\Database\BaseBuilder.php(1881): CodeIgniter\Database\BaseConnection->query('SELECT *\nFROM `...', Array, false)
#4 C:\xampp\htdocs\LPMU\vendor\codeigniter4\framework\system\Model.php(197): CodeIgniter\Database\BaseBuilder->get()
#5 C:\xampp\htdocs\LPMU\vendor\codeigniter4\framework\system\BaseModel.php(603): CodeIgniter\Model->doFindAll(0, 0)
#6 C:\xampp\htdocs\LPMU\app\Controllers\Admin.php(19): CodeIgniter\BaseModel->findAll()
#7 C:\xampp\htdocs\LPMU\vendor\codeigniter4\framework\system\CodeIgniter.php(928): App\Controllers\Admin->adminkpi()
#8 C:\xampp\htdocs\LPMU\vendor\codeigniter4\framework\system\CodeIgniter.php(436): CodeIgniter\CodeIgniter->runController(Object(App\Controllers\Admin))
#9 C:\xampp\htdocs\LPMU\vendor\codeigniter4\framework\system\CodeIgniter.php(336): CodeIgniter\CodeIgniter->handleRequest(NULL, Object(Config\Cache), false)
#10 C:\xampp\htdocs\LPMU\public\index.php(37): CodeIgniter\CodeIgniter->run()
#11 C:\xampp\htdocs\LPMU\vendor\codeigniter4\framework\system\Commands\Server\rewrite.php(45): require_once('C:\\xampp\\htdocs...')
#12 {main}
ERROR - 2021-11-16 00:09:05 --> Table 'db_lpmu.detail_kpi' doesn't exist
CRITICAL - 2021-11-16 00:09:05 --> Table 'db_lpmu.detail_kpi' doesn't exist
#0 C:\xampp\htdocs\LPMU\vendor\codeigniter4\framework\system\Database\MySQLi\Connection.php(329): mysqli->query('SELECT *\nFROM `...')
#1 C:\xampp\htdocs\LPMU\vendor\codeigniter4\framework\system\Database\BaseConnection.php(732): CodeIgniter\Database\MySQLi\Connection->execute('SELECT *\nFROM `...')
#2 C:\xampp\htdocs\LPMU\vendor\codeigniter4\framework\system\Database\BaseConnection.php(647): CodeIgniter\Database\BaseConnection->simpleQuery('SELECT *\nFROM `...')
#3 C:\xampp\htdocs\LPMU\vendor\codeigniter4\framework\system\Database\BaseBuilder.php(1881): CodeIgniter\Database\BaseConnection->query('SELECT *\nFROM `...', Array, false)
#4 C:\xampp\htdocs\LPMU\vendor\codeigniter4\framework\system\Model.php(197): CodeIgniter\Database\BaseBuilder->get()
#5 C:\xampp\htdocs\LPMU\vendor\codeigniter4\framework\system\BaseModel.php(603): CodeIgniter\Model->doFindAll(0, 0)
#6 C:\xampp\htdocs\LPMU\app\Controllers\Admin.php(19): CodeIgniter\BaseModel->findAll()
#7 C:\xampp\htdocs\LPMU\vendor\codeigniter4\framework\system\CodeIgniter.php(928): App\Controllers\Admin->adminkpi()
#8 C:\xampp\htdocs\LPMU\vendor\codeigniter4\framework\system\CodeIgniter.php(436): CodeIgniter\CodeIgniter->runController(Object(App\Controllers\Admin))
#9 C:\xampp\htdocs\LPMU\vendor\codeigniter4\framework\system\CodeIgniter.php(336): CodeIgniter\CodeIgniter->handleRequest(NULL, Object(Config\Cache), false)
#10 C:\xampp\htdocs\LPMU\public\index.php(37): CodeIgniter\CodeIgniter->run()
#11 C:\xampp\htdocs\LPMU\vendor\codeigniter4\framework\system\Commands\Server\rewrite.php(45): require_once('C:\\xampp\\htdocs...')
#12 {main}
CRITICAL - 2021-11-16 00:13:13 --> Undefined variable: user
#0 C:\xampp\htdocs\LPMU\app\Views\admin\ListKpiButir.php(171): CodeIgniter\Debug\Exceptions->errorHandler(8, 'Undefined varia...', 'C:\\xampp\\htdocs...', 171, Array)
#1 C:\xampp\htdocs\LPMU\vendor\codeigniter4\framework\system\View\View.php(230): include('C:\\xampp\\htdocs...')
#2 C:\xampp\htdocs\LPMU\vendor\codeigniter4\framework\system\View\View.php(232): CodeIgniter\View\View->CodeIgniter\View\{closure}()
#3 C:\xampp\htdocs\LPMU\vendor\codeigniter4\framework\system\Common.php(1271): CodeIgniter\View\View->render('/admin/ListKpiB...', Array, true)
#4 C:\xampp\htdocs\LPMU\app\Controllers\Admin.php(42): view('/admin/ListKpiB...')
#5 C:\xampp\htdocs\LPMU\vendor\codeigniter4\framework\system\CodeIgniter.php(928): App\Controllers\Admin->listbutirkpi()
#6 C:\xampp\htdocs\LPMU\vendor\codeigniter4\framework\system\CodeIgniter.php(436): CodeIgniter\CodeIgniter->runController(Object(App\Controllers\Admin))
#7 C:\xampp\htdocs\LPMU\vendor\codeigniter4\framework\system\CodeIgniter.php(336): CodeIgniter\CodeIgniter->handleRequest(NULL, Object(Config\Cache), false)
#8 C:\xampp\htdocs\LPMU\public\index.php(37): CodeIgniter\CodeIgniter->run()
#9 C:\xampp\htdocs\LPMU\vendor\codeigniter4\framework\system\Commands\Server\rewrite.php(45): require_once('C:\\xampp\\htdocs...')
#10 {main}
CRITICAL - 2021-11-16 00:23:08 --> Invalid file: kpi/kesimpulan.php
#0 C:\xampp\htdocs\LPMU\vendor\codeigniter4\framework\system\View\View.php(213): CodeIgniter\Exceptions\FrameworkException::forInvalidFile('kpi/kesimpulan....')
#1 C:\xampp\htdocs\LPMU\vendor\codeigniter4\framework\system\Common.php(1271): CodeIgniter\View\View->render('kpi/kesimpulan', Array, true)
#2 C:\xampp\htdocs\LPMU\app\Controllers\Kpi.php(27): view('kpi/kesimpulan')
#3 C:\xampp\htdocs\LPMU\vendor\codeigniter4\framework\system\CodeIgniter.php(928): App\Controllers\Kpi->kesimpulan()
#4 C:\xampp\htdocs\LPMU\vendor\codeigniter4\framework\system\CodeIgniter.php(436): CodeIgniter\CodeIgniter->runController(Object(App\Controllers\Kpi))
#5 C:\xampp\htdocs\LPMU\vendor\codeigniter4\framework\system\CodeIgniter.php(336): CodeIgniter\CodeIgniter->handleRequest(NULL, Object(Config\Cache), false)
#6 C:\xampp\htdocs\LPMU\public\index.php(37): CodeIgniter\CodeIgniter->run()
#7 C:\xampp\htdocs\LPMU\vendor\codeigniter4\framework\system\Commands\Server\rewrite.php(45): require_once('C:\\xampp\\htdocs...')
#8 {main}
CRITICAL - 2021-11-16 00:24:34 --> Invalid file: kpi/rencana.php
#0 C:\xampp\htdocs\LPMU\vendor\codeigniter4\framework\system\View\View.php(213): CodeIgniter\Exceptions\FrameworkException::forInvalidFile('kpi/rencana.php')
#1 C:\xampp\htdocs\LPMU\vendor\codeigniter4\framework\system\Common.php(1271): CodeIgniter\View\View->render('kpi/rencana', Array, true)
#2 C:\xampp\htdocs\LPMU\app\Controllers\Kpi.php(19): view('kpi/rencana')
#3 C:\xampp\htdocs\LPMU\vendor\codeigniter4\framework\system\CodeIgniter.php(928): App\Controllers\Kpi->rencana()
#4 C:\xampp\htdocs\LPMU\vendor\codeigniter4\framework\system\CodeIgniter.php(436): CodeIgniter\CodeIgniter->runController(Object(App\Controllers\Kpi))
#5 C:\xampp\htdocs\LPMU\vendor\codeigniter4\framework\system\CodeIgniter.php(336): CodeIgniter\CodeIgniter->handleRequest(NULL, Object(Config\Cache), false)
#6 C:\xampp\htdocs\LPMU\public\index.php(37): CodeIgniter\CodeIgniter->run()
#7 C:\xampp\htdocs\LPMU\vendor\codeigniter4\framework\system\Commands\Server\rewrite.php(45): require_once('C:\\xampp\\htdocs...')
#8 {main}
ERROR - 2021-11-16 00:39:11 --> Table 'db_lpmu.detail_kpi' doesn't exist
CRITICAL - 2021-11-16 00:39:11 --> Table 'db_lpmu.detail_kpi' doesn't exist
#0 C:\xampp\htdocs\LPMU\vendor\codeigniter4\framework\system\Database\MySQLi\Connection.php(329): mysqli->query('SELECT *\nFROM `...')
#1 C:\xampp\htdocs\LPMU\vendor\codeigniter4\framework\system\Database\BaseConnection.php(732): CodeIgniter\Database\MySQLi\Connection->execute('SELECT *\nFROM `...')
#2 C:\xampp\htdocs\LPMU\vendor\codeigniter4\framework\system\Database\BaseConnection.php(647): CodeIgniter\Database\BaseConnection->simpleQuery('SELECT *\nFROM `...')
#3 C:\xampp\htdocs\LPMU\vendor\codeigniter4\framework\system\Database\BaseBuilder.php(1881): CodeIgniter\Database\BaseConnection->query('SELECT *\nFROM `...', Array, false)
#4 C:\xampp\htdocs\LPMU\vendor\codeigniter4\framework\system\Model.php(197): CodeIgniter\Database\BaseBuilder->get()
#5 C:\xampp\htdocs\LPMU\vendor\codeigniter4\framework\system\BaseModel.php(603): CodeIgniter\Model->doFindAll(0, 0)
#6 C:\xampp\htdocs\LPMU\app\Controllers\Admin.php(19): CodeIgniter\BaseModel->findAll()
#7 C:\xampp\htdocs\LPMU\vendor\codeigniter4\framework\system\CodeIgniter.php(928): App\Controllers\Admin->adminkpi()
#8 C:\xampp\htdocs\LPMU\vendor\codeigniter4\framework\system\CodeIgniter.php(436): CodeIgniter\CodeIgniter->runController(Object(App\Controllers\Admin))
#9 C:\xampp\htdocs\LPMU\vendor\codeigniter4\framework\system\CodeIgniter.php(336): CodeIgniter\CodeIgniter->handleRequest(NULL, Object(Config\Cache), false)
#10 C:\xampp\htdocs\LPMU\public\index.php(37): CodeIgniter\CodeIgniter->run()
#11 C:\xampp\htdocs\LPMU\vendor\codeigniter4\framework\system\Commands\Server\rewrite.php(45): require_once('C:\\xampp\\htdocs...')
#12 {main}
ERROR - 2021-11-16 00:39:20 --> Table 'db_lpmu.detail_kpi' doesn't exist
CRITICAL - 2021-11-16 00:39:20 --> Table 'db_lpmu.detail_kpi' doesn't exist
#0 C:\xampp\htdocs\LPMU\vendor\codeigniter4\framework\system\Database\MySQLi\Connection.php(329): mysqli->query('SELECT *\nFROM `...')
#1 C:\xampp\htdocs\LPMU\vendor\codeigniter4\framework\system\Database\BaseConnection.php(732): CodeIgniter\Database\MySQLi\Connection->execute('SELECT *\nFROM `...')
#2 C:\xampp\htdocs\LPMU\vendor\codeigniter4\framework\system\Database\BaseConnection.php(647): CodeIgniter\Database\BaseConnection->simpleQuery('SELECT *\nFROM `...')
#3 C:\xampp\htdocs\LPMU\vendor\codeigniter4\framework\system\Database\BaseBuilder.php(1881): CodeIgniter\Database\BaseConnection->query('SELECT *\nFROM `...', Array, false)
#4 C:\xampp\htdocs\LPMU\vendor\codeigniter4\framework\system\Model.php(197): CodeIgniter\Database\BaseBuilder->get()
#5 C:\xampp\htdocs\LPMU\vendor\codeigniter4\framework\system\BaseModel.php(603): CodeIgniter\Model->doFindAll(0, 0)
#6 C:\xampp\htdocs\LPMU\app\Controllers\Admin.php(19): CodeIgniter\BaseModel->findAll()
#7 C:\xampp\htdocs\LPMU\vendor\codeigniter4\framework\system\CodeIgniter.php(928): App\Controllers\Admin->adminkpi()
#8 C:\xampp\htdocs\LPMU\vendor\codeigniter4\framework\system\CodeIgniter.php(436): CodeIgniter\CodeIgniter->runController(Object(App\Controllers\Admin))
#9 C:\xampp\htdocs\LPMU\vendor\codeigniter4\framework\system\CodeIgniter.php(336): CodeIgniter\CodeIgniter->handleRequest(NULL, Object(Config\Cache), false)
#10 C:\xampp\htdocs\LPMU\public\index.php(37): CodeIgniter\CodeIgniter->run()
#11 C:\xampp\htdocs\LPMU\vendor\codeigniter4\framework\system\Commands\Server\rewrite.php(45): require_once('C:\\xampp\\htdocs...')
#12 {main}
ERROR - 2021-11-16 00:43:41 --> Table 'db_lpmu.detail_kpi' doesn't exist
CRITICAL - 2021-11-16 00:43:41 --> Table 'db_lpmu.detail_kpi' doesn't exist
#0 C:\xampp\htdocs\LPMU\vendor\codeigniter4\framework\system\Database\MySQLi\Connection.php(329): mysqli->query('SELECT *\nFROM `...')
#1 C:\xampp\htdocs\LPMU\vendor\codeigniter4\framework\system\Database\BaseConnection.php(732): CodeIgniter\Database\MySQLi\Connection->execute('SELECT *\nFROM `...')
#2 C:\xampp\htdocs\LPMU\vendor\codeigniter4\framework\system\Database\BaseConnection.php(647): CodeIgniter\Database\BaseConnection->simpleQuery('SELECT *\nFROM `...')
#3 C:\xampp\htdocs\LPMU\vendor\codeigniter4\framework\system\Database\BaseBuilder.php(1881): CodeIgniter\Database\BaseConnection->query('SELECT *\nFROM `...', Array, false)
#4 C:\xampp\htdocs\LPMU\vendor\codeigniter4\framework\system\Model.php(197): CodeIgniter\Database\BaseBuilder->get()
#5 C:\xampp\htdocs\LPMU\vendor\codeigniter4\framework\system\BaseModel.php(603): CodeIgniter\Model->doFindAll(0, 0)
#6 C:\xampp\htdocs\LPMU\app\Controllers\Admin.php(19): CodeIgniter\BaseModel->findAll()
#7 C:\xampp\htdocs\LPMU\vendor\codeigniter4\framework\system\CodeIgniter.php(928): App\Controllers\Admin->adminkpi()
#8 C:\xampp\htdocs\LPMU\vendor\codeigniter4\framework\system\CodeIgniter.php(436): CodeIgniter\CodeIgniter->runController(Object(App\Controllers\Admin))
#9 C:\xampp\htdocs\LPMU\vendor\codeigniter4\framework\system\CodeIgniter.php(336): CodeIgniter\CodeIgniter->handleRequest(NULL, Object(Config\Cache), false)
#10 C:\xampp\htdocs\LPMU\public\index.php(37): CodeIgniter\CodeIgniter->run()
#11 C:\xampp\htdocs\LPMU\vendor\codeigniter4\framework\system\Commands\Server\rewrite.php(45): require_once('C:\\xampp\\htdocs...')
#12 {main}
CRITICAL - 2021-11-16 00:52:56 --> Undefined property: App\Controllers\Admin::$md
#0 C:\xampp\htdocs\LPMU\app\Controllers\Admin.php(18): CodeIgniter\Debug\Exceptions->errorHandler(8, 'Undefined prope...', 'C:\\xampp\\htdocs...', 18, Array)
#1 C:\xampp\htdocs\LPMU\vendor\codeigniter4\framework\system\CodeIgniter.php(928): App\Controllers\Admin->listbutirkpi()
#2 C:\xampp\htdocs\LPMU\vendor\codeigniter4\framework\system\CodeIgniter.php(436): CodeIgniter\CodeIgniter->runController(Object(App\Controllers\Admin))
#3 C:\xampp\htdocs\LPMU\vendor\codeigniter4\framework\system\CodeIgniter.php(336): CodeIgniter\CodeIgniter->handleRequest(NULL, Object(Config\Cache), false)
#4 C:\xampp\htdocs\LPMU\public\index.php(37): CodeIgniter\CodeIgniter->run()
#5 C:\xampp\htdocs\LPMU\vendor\codeigniter4\framework\system\Commands\Server\rewrite.php(45): require_once('C:\\xampp\\htdocs...')
#6 {main}
CRITICAL - 2021-11-16 00:55:19 --> Call to undefined method App\Controllers\Admin::model()
#0 C:\xampp\htdocs\LPMU\vendor\codeigniter4\framework\system\CodeIgniter.php(901): App\Controllers\BaseController->initController(Object(CodeIgniter\HTTP\IncomingRequest), Object(CodeIgniter\HTTP\Response), Object(CodeIgniter\Log\Logger))
#1 C:\xampp\htdocs\LPMU\vendor\codeigniter4\framework\system\CodeIgniter.php(426): CodeIgniter\CodeIgniter->createController()
#2 C:\xampp\htdocs\LPMU\vendor\codeigniter4\framework\system\CodeIgniter.php(336): CodeIgniter\CodeIgniter->handleRequest(NULL, Object(Config\Cache), false)
#3 C:\xampp\htdocs\LPMU\public\index.php(37): CodeIgniter\CodeIgniter->run()
#4 C:\xampp\htdocs\LPMU\vendor\codeigniter4\framework\system\Commands\Server\rewrite.php(45): require_once('C:\\xampp\\htdocs...')
#5 {main}
CRITICAL - 2021-11-16 00:55:59 --> Call to undefined method App\Controllers\Admin::model()
#0 C:\xampp\htdocs\LPMU\vendor\codeigniter4\framework\system\CodeIgniter.php(901): App\Controllers\BaseController->initController(Object(CodeIgniter\HTTP\IncomingRequest), Object(CodeIgniter\HTTP\Response), Object(CodeIgniter\Log\Logger))
#1 C:\xampp\htdocs\LPMU\vendor\codeigniter4\framework\system\CodeIgniter.php(426): CodeIgniter\CodeIgniter->createController()
#2 C:\xampp\htdocs\LPMU\vendor\codeigniter4\framework\system\CodeIgniter.php(336): CodeIgniter\CodeIgniter->handleRequest(NULL, Object(Config\Cache), false)
#3 C:\xampp\htdocs\LPMU\public\index.php(37): CodeIgniter\CodeIgniter->run()
#4 C:\xampp\htdocs\LPMU\vendor\codeigniter4\framework\system\Commands\Server\rewrite.php(45): require_once('C:\\xampp\\htdocs...')
#5 {main}
CRITICAL - 2021-11-16 00:56:00 --> Call to undefined method App\Controllers\Admin::model()
#0 C:\xampp\htdocs\LPMU\vendor\codeigniter4\framework\system\CodeIgniter.php(901): App\Controllers\BaseController->initController(Object(CodeIgniter\HTTP\IncomingRequest), Object(CodeIgniter\HTTP\Response), Object(CodeIgniter\Log\Logger))
#1 C:\xampp\htdocs\LPMU\vendor\codeigniter4\framework\system\CodeIgniter.php(426): CodeIgniter\CodeIgniter->createController()
#2 C:\xampp\htdocs\LPMU\vendor\codeigniter4\framework\system\CodeIgniter.php(336): CodeIgniter\CodeIgniter->handleRequest(NULL, Object(Config\Cache), false)
#3 C:\xampp\htdocs\LPMU\public\index.php(37): CodeIgniter\CodeIgniter->run()
#4 C:\xampp\htdocs\LPMU\vendor\codeigniter4\framework\system\Commands\Server\rewrite.php(45): require_once('C:\\xampp\\htdocs...')
#5 {main}
CRITICAL - 2021-11-16 00:56:50 --> Call to undefined method App\Controllers\Admin::model()
#0 C:\xampp\htdocs\LPMU\vendor\codeigniter4\framework\system\CodeIgniter.php(901): App\Controllers\BaseController->initController(Object(CodeIgniter\HTTP\IncomingRequest), Object(CodeIgniter\HTTP\Response), Object(CodeIgniter\Log\Logger))
#1 C:\xampp\htdocs\LPMU\vendor\codeigniter4\framework\system\CodeIgniter.php(426): CodeIgniter\CodeIgniter->createController()
#2 C:\xampp\htdocs\LPMU\vendor\codeigniter4\framework\system\CodeIgniter.php(336): CodeIgniter\CodeIgniter->handleRequest(NULL, Object(Config\Cache), false)
#3 C:\xampp\htdocs\LPMU\public\index.php(37): CodeIgniter\CodeIgniter->run()
#4 C:\xampp\htdocs\LPMU\vendor\codeigniter4\framework\system\Commands\Server\rewrite.php(45): require_once('C:\\xampp\\htdocs...')
#5 {main}
CRITICAL - 2021-11-16 00:57:48 --> Undefined property: App\Controllers\Admin::$md
#0 C:\xampp\htdocs\LPMU\app\Controllers\Admin.php(18): CodeIgniter\Debug\Exceptions->errorHandler(8, 'Undefined prope...', 'C:\\xampp\\htdocs...', 18, Array)
#1 C:\xampp\htdocs\LPMU\vendor\codeigniter4\framework\system\CodeIgniter.php(928): App\Controllers\Admin->listbutirkpi()
#2 C:\xampp\htdocs\LPMU\vendor\codeigniter4\framework\system\CodeIgniter.php(436): CodeIgniter\CodeIgniter->runController(Object(App\Controllers\Admin))
#3 C:\xampp\htdocs\LPMU\vendor\codeigniter4\framework\system\CodeIgniter.php(336): CodeIgniter\CodeIgniter->handleRequest(NULL, Object(Config\Cache), false)
#4 C:\xampp\htdocs\LPMU\public\index.php(37): CodeIgniter\CodeIgniter->run()
#5 C:\xampp\htdocs\LPMU\vendor\codeigniter4\framework\system\Commands\Server\rewrite.php(45): require_once('C:\\xampp\\htdocs...')
#6 {main}
CRITICAL - 2021-11-16 00:57:49 --> Undefined property: App\Controllers\Admin::$md
#0 C:\xampp\htdocs\LPMU\app\Controllers\Admin.php(18): CodeIgniter\Debug\Exceptions->errorHandler(8, 'Undefined prope...', 'C:\\xampp\\htdocs...', 18, Array)
#1 C:\xampp\htdocs\LPMU\vendor\codeigniter4\framework\system\CodeIgniter.php(928): App\Controllers\Admin->listbutirkpi()
#2 C:\xampp\htdocs\LPMU\vendor\codeigniter4\framework\system\CodeIgniter.php(436): CodeIgniter\CodeIgniter->runController(Object(App\Controllers\Admin))
#3 C:\xampp\htdocs\LPMU\vendor\codeigniter4\framework\system\CodeIgniter.php(336): CodeIgniter\CodeIgniter->handleRequest(NULL, Object(Config\Cache), false)
#4 C:\xampp\htdocs\LPMU\public\index.php(37): CodeIgniter\CodeIgniter->run()
#5 C:\xampp\htdocs\LPMU\vendor\codeigniter4\framework\system\Commands\Server\rewrite.php(45): require_once('C:\\xampp\\htdocs...')
#6 {main}
CRITICAL - 2021-11-16 01:07:22 --> Class 'App\Models\DetailKpiModel' not found
#0 C:\xampp\htdocs\LPMU\vendor\codeigniter4\framework\system\CodeIgniter.php(928): App\Controllers\Admin->listbutirkpi()
#1 C:\xampp\htdocs\LPMU\vendor\codeigniter4\framework\system\CodeIgniter.php(436): CodeIgniter\CodeIgniter->runController(Object(App\Controllers\Admin))
#2 C:\xampp\htdocs\LPMU\vendor\codeigniter4\framework\system\CodeIgniter.php(336): CodeIgniter\CodeIgniter->handleRequest(NULL, Object(Config\Cache), false)
#3 C:\xampp\htdocs\LPMU\public\index.php(37): CodeIgniter\CodeIgniter->run()
#4 C:\xampp\htdocs\LPMU\vendor\codeigniter4\framework\system\Commands\Server\rewrite.php(45): require_once('C:\\xampp\\htdocs...')
#5 {main}
CRITICAL - 2021-11-16 01:07:58 --> Class 'App\Controllers\DataKpiModel' not found
#0 C:\xampp\htdocs\LPMU\vendor\codeigniter4\framework\system\CodeIgniter.php(928): App\Controllers\Admin->listbutirkpi()
#1 C:\xampp\htdocs\LPMU\vendor\codeigniter4\framework\system\CodeIgniter.php(436): CodeIgniter\CodeIgniter->runController(Object(App\Controllers\Admin))
#2 C:\xampp\htdocs\LPMU\vendor\codeigniter4\framework\system\CodeIgniter.php(336): CodeIgniter\CodeIgniter->handleRequest(NULL, Object(Config\Cache), false)
#3 C:\xampp\htdocs\LPMU\public\index.php(37): CodeIgniter\CodeIgniter->run()
#4 C:\xampp\htdocs\LPMU\vendor\codeigniter4\framework\system\Commands\Server\rewrite.php(45): require_once('C:\\xampp\\htdocs...')
#5 {main}
CRITICAL - 2021-11-16 01:08:18 --> Class 'App\Controllers\DataKpiModel' not found
#0 C:\xampp\htdocs\LPMU\vendor\codeigniter4\framework\system\CodeIgniter.php(928): App\Controllers\Admin->listbutirkpi()
#1 C:\xampp\htdocs\LPMU\vendor\codeigniter4\framework\system\CodeIgniter.php(436): CodeIgniter\CodeIgniter->runController(Object(App\Controllers\Admin))
#2 C:\xampp\htdocs\LPMU\vendor\codeigniter4\framework\system\CodeIgniter.php(336): CodeIgniter\CodeIgniter->handleRequest(NULL, Object(Config\Cache), false)
#3 C:\xampp\htdocs\LPMU\public\index.php(37): CodeIgniter\CodeIgniter->run()
#4 C:\xampp\htdocs\LPMU\vendor\codeigniter4\framework\system\Commands\Server\rewrite.php(45): require_once('C:\\xampp\\htdocs...')
#5 {main}
CRITICAL - 2021-11-16 01:08:19 --> Class 'App\Controllers\DataKpiModel' not found
#0 C:\xampp\htdocs\LPMU\vendor\codeigniter4\framework\system\CodeIgniter.php(928): App\Controllers\Admin->listbutirkpi()
#1 C:\xampp\htdocs\LPMU\vendor\codeigniter4\framework\system\CodeIgniter.php(436): CodeIgniter\CodeIgniter->runController(Object(App\Controllers\Admin))
#2 C:\xampp\htdocs\LPMU\vendor\codeigniter4\framework\system\CodeIgniter.php(336): CodeIgniter\CodeIgniter->handleRequest(NULL, Object(Config\Cache), false)
#3 C:\xampp\htdocs\LPMU\public\index.php(37): CodeIgniter\CodeIgniter->run()
#4 C:\xampp\htdocs\LPMU\vendor\codeigniter4\framework\system\Commands\Server\rewrite.php(45): require_once('C:\\xampp\\htdocs...')
#5 {main}
CRITICAL - 2021-11-16 01:09:30 --> Class 'App\Controllers\DataKpiModel' not found
#0 C:\xampp\htdocs\LPMU\vendor\codeigniter4\framework\system\CodeIgniter.php(928): App\Controllers\Admin->listbutirkpi()
#1 C:\xampp\htdocs\LPMU\vendor\codeigniter4\framework\system\CodeIgniter.php(436): CodeIgniter\CodeIgniter->runController(Object(App\Controllers\Admin))
#2 C:\xampp\htdocs\LPMU\vendor\codeigniter4\framework\system\CodeIgniter.php(336): CodeIgniter\CodeIgniter->handleRequest(NULL, Object(Config\Cache), false)
#3 C:\xampp\htdocs\LPMU\public\index.php(37): CodeIgniter\CodeIgniter->run()
#4 C:\xampp\htdocs\LPMU\vendor\codeigniter4\framework\system\Commands\Server\rewrite.php(45): require_once('C:\\xampp\\htdocs...')
#5 {main}
CRITICAL - 2021-11-16 01:23:39 --> Undefined variable: user
#0 C:\xampp\htdocs\LPMU\app\Views\admin\ListKpiButir.php(174): CodeIgniter\Debug\Exceptions->errorHandler(8, 'Undefined varia...', 'C:\\xampp\\htdocs...', 174, Array)
#1 C:\xampp\htdocs\LPMU\vendor\codeigniter4\framework\system\View\View.php(230): include('C:\\xampp\\htdocs...')
#2 C:\xampp\htdocs\LPMU\vendor\codeigniter4\framework\system\View\View.php(232): CodeIgniter\View\View->CodeIgniter\View\{closure}()
#3 C:\xampp\htdocs\LPMU\vendor\codeigniter4\framework\system\Common.php(1271): CodeIgniter\View\View->render('/admin/ListKpiB...', Array, true)
#4 C:\xampp\htdocs\LPMU\app\Controllers\Admin.php(19): view('/admin/ListKpiB...')
#5 C:\xampp\htdocs\LPMU\vendor\codeigniter4\framework\system\CodeIgniter.php(928): App\Controllers\Admin->listbutirkpi()
#6 C:\xampp\htdocs\LPMU\vendor\codeigniter4\framework\system\CodeIgniter.php(436): CodeIgniter\CodeIgniter->runController(Object(App\Controllers\Admin))
#7 C:\xampp\htdocs\LPMU\vendor\codeigniter4\framework\system\CodeIgniter.php(336): CodeIgniter\CodeIgniter->handleRequest(NULL, Object(Config\Cache), false)
#8 C:\xampp\htdocs\LPMU\public\index.php(37): CodeIgniter\CodeIgniter->run()
#9 C:\xampp\htdocs\LPMU\vendor\codeigniter4\framework\system\Commands\Server\rewrite.php(45): require_once('C:\\xampp\\htdocs...')
#10 {main}
CRITICAL - 2021-11-16 01:23:41 --> Undefined variable: user
#0 C:\xampp\htdocs\LPMU\app\Views\admin\ListKpiButir.php(174): CodeIgniter\Debug\Exceptions->errorHandler(8, 'Undefined varia...', 'C:\\xampp\\htdocs...', 174, Array)
#1 C:\xampp\htdocs\LPMU\vendor\codeigniter4\framework\system\View\View.php(230): include('C:\\xampp\\htdocs...')
#2 C:\xampp\htdocs\LPMU\vendor\codeigniter4\framework\system\View\View.php(232): CodeIgniter\View\View->CodeIgniter\View\{closure}()
#3 C:\xampp\htdocs\LPMU\vendor\codeigniter4\framework\system\Common.php(1271): CodeIgniter\View\View->render('/admin/ListKpiB...', Array, true)
#4 C:\xampp\htdocs\LPMU\app\Controllers\Admin.php(19): view('/admin/ListKpiB...')
#5 C:\xampp\htdocs\LPMU\vendor\codeigniter4\framework\system\CodeIgniter.php(928): App\Controllers\Admin->listbutirkpi()
#6 C:\xampp\htdocs\LPMU\vendor\codeigniter4\framework\system\CodeIgniter.php(436): CodeIgniter\CodeIgniter->runController(Object(App\Controllers\Admin))
#7 C:\xampp\htdocs\LPMU\vendor\codeigniter4\framework\system\CodeIgniter.php(336): CodeIgniter\CodeIgniter->handleRequest(NULL, Object(Config\Cache), false)
#8 C:\xampp\htdocs\LPMU\public\index.php(37): CodeIgniter\CodeIgniter->run()
#9 C:\xampp\htdocs\LPMU\vendor\codeigniter4\framework\system\Commands\Server\rewrite.php(45): require_once('C:\\xampp\\htdocs...')
#10 {main}
CRITICAL - 2021-11-16 01:35:14 --> syntax error, unexpected 'endforeach' (T_ENDFOREACH), expecting end of file
#0 C:\xampp\htdocs\LPMU\vendor\codeigniter4\framework\system\View\View.php(232): CodeIgniter\View\View->CodeIgniter\View\{closure}()
#1 C:\xampp\htdocs\LPMU\vendor\codeigniter4\framework\system\Common.php(1271): CodeIgniter\View\View->render('/admin/ListKpiB...', Array, true)
#2 C:\xampp\htdocs\LPMU\app\Controllers\Admin.php(22): view('/admin/ListKpiB...', Array)
#3 C:\xampp\htdocs\LPMU\vendor\codeigniter4\framework\system\CodeIgniter.php(928): App\Controllers\Admin->listbutirkpi()
#4 C:\xampp\htdocs\LPMU\vendor\codeigniter4\framework\system\CodeIgniter.php(436): CodeIgniter\CodeIgniter->runController(Object(App\Controllers\Admin))
#5 C:\xampp\htdocs\LPMU\vendor\codeigniter4\framework\system\CodeIgniter.php(336): CodeIgniter\CodeIgniter->handleRequest(NULL, Object(Config\Cache), false)
#6 C:\xampp\htdocs\LPMU\public\index.php(37): CodeIgniter\CodeIgniter->run()
#7 C:\xampp\htdocs\LPMU\vendor\codeigniter4\framework\system\Commands\Server\rewrite.php(45): require_once('C:\\xampp\\htdocs...')
#8 {main}
CRITICAL - 2021-11-16 01:35:39 --> syntax error, unexpected 'endforeach' (T_ENDFOREACH), expecting end of file
#0 C:\xampp\htdocs\LPMU\vendor\codeigniter4\framework\system\View\View.php(232): CodeIgniter\View\View->CodeIgniter\View\{closure}()
#1 C:\xampp\htdocs\LPMU\vendor\codeigniter4\framework\system\Common.php(1271): CodeIgniter\View\View->render('/admin/ListKpiB...', Array, true)
#2 C:\xampp\htdocs\LPMU\app\Controllers\Admin.php(22): view('/admin/ListKpiB...', Array)
#3 C:\xampp\htdocs\LPMU\vendor\codeigniter4\framework\system\CodeIgniter.php(928): App\Controllers\Admin->listbutirkpi()
#4 C:\xampp\htdocs\LPMU\vendor\codeigniter4\framework\system\CodeIgniter.php(436): CodeIgniter\CodeIgniter->runController(Object(App\Controllers\Admin))
#5 C:\xampp\htdocs\LPMU\vendor\codeigniter4\framework\system\CodeIgniter.php(336): CodeIgniter\CodeIgniter->handleRequest(NULL, Object(Config\Cache), false)
#6 C:\xampp\htdocs\LPMU\public\index.php(37): CodeIgniter\CodeIgniter->run()
#7 C:\xampp\htdocs\LPMU\vendor\codeigniter4\framework\system\Commands\Server\rewrite.php(45): require_once('C:\\xampp\\htdocs...')
#8 {main}
CRITICAL - 2021-11-16 01:35:53 --> syntax error, unexpected 'endforeach' (T_ENDFOREACH), expecting end of file
#0 C:\xampp\htdocs\LPMU\vendor\codeigniter4\framework\system\View\View.php(232): CodeIgniter\View\View->CodeIgniter\View\{closure}()
#1 C:\xampp\htdocs\LPMU\vendor\codeigniter4\framework\system\Common.php(1271): CodeIgniter\View\View->render('/admin/ListKpiB...', Array, true)
#2 C:\xampp\htdocs\LPMU\app\Controllers\Admin.php(22): view('/admin/ListKpiB...', Array)
#3 C:\xampp\htdocs\LPMU\vendor\codeigniter4\framework\system\CodeIgniter.php(928): App\Controllers\Admin->listbutirkpi()
#4 C:\xampp\htdocs\LPMU\vendor\codeigniter4\framework\system\CodeIgniter.php(436): CodeIgniter\CodeIgniter->runController(Object(App\Controllers\Admin))
#5 C:\xampp\htdocs\LPMU\vendor\codeigniter4\framework\system\CodeIgniter.php(336): CodeIgniter\CodeIgniter->handleRequest(NULL, Object(Config\Cache), false)
#6 C:\xampp\htdocs\LPMU\public\index.php(37): CodeIgniter\CodeIgniter->run()
#7 C:\xampp\htdocs\LPMU\vendor\codeigniter4\framework\system\Commands\Server\rewrite.php(45): require_once('C:\\xampp\\htdocs...')
#8 {main}
CRITICAL - 2021-11-16 01:36:10 --> syntax error, unexpected 'endforeach' (T_ENDFOREACH), expecting end of file
#0 C:\xampp\htdocs\LPMU\vendor\codeigniter4\framework\system\View\View.php(232): CodeIgniter\View\View->CodeIgniter\View\{closure}()
#1 C:\xampp\htdocs\LPMU\vendor\codeigniter4\framework\system\Common.php(1271): CodeIgniter\View\View->render('/admin/ListKpiB...', Array, true)
#2 C:\xampp\htdocs\LPMU\app\Controllers\Admin.php(22): view('/admin/ListKpiB...', Array)
#3 C:\xampp\htdocs\LPMU\vendor\codeigniter4\framework\system\CodeIgniter.php(928): App\Controllers\Admin->listbutirkpi()
#4 C:\xampp\htdocs\LPMU\vendor\codeigniter4\framework\system\CodeIgniter.php(436): CodeIgniter\CodeIgniter->runController(Object(App\Controllers\Admin))
#5 C:\xampp\htdocs\LPMU\vendor\codeigniter4\framework\system\CodeIgniter.php(336): CodeIgniter\CodeIgniter->handleRequest(NULL, Object(Config\Cache), false)
#6 C:\xampp\htdocs\LPMU\public\index.php(37): CodeIgniter\CodeIgniter->run()
#7 C:\xampp\htdocs\LPMU\vendor\codeigniter4\framework\system\Commands\Server\rewrite.php(45): require_once('C:\\xampp\\htdocs...')
#8 {main}
CRITICAL - 2021-11-16 01:38:50 --> syntax error, unexpected 'endforeach' (T_ENDFOREACH), expecting end of file
#0 C:\xampp\htdocs\LPMU\vendor\codeigniter4\framework\system\View\View.php(232): CodeIgniter\View\View->CodeIgniter\View\{closure}()
#1 C:\xampp\htdocs\LPMU\vendor\codeigniter4\framework\system\Common.php(1271): CodeIgniter\View\View->render('/admin/ListKpiB...', Array, true)
#2 C:\xampp\htdocs\LPMU\app\Controllers\Admin.php(22): view('/admin/ListKpiB...', Array)
#3 C:\xampp\htdocs\LPMU\vendor\codeigniter4\framework\system\CodeIgniter.php(928): App\Controllers\Admin->listbutirkpi()
#4 C:\xampp\htdocs\LPMU\vendor\codeigniter4\framework\system\CodeIgniter.php(436): CodeIgniter\CodeIgniter->runController(Object(App\Controllers\Admin))
#5 C:\xampp\htdocs\LPMU\vendor\codeigniter4\framework\system\CodeIgniter.php(336): CodeIgniter\CodeIgniter->handleRequest(NULL, Object(Config\Cache), false)
#6 C:\xampp\htdocs\LPMU\public\index.php(37): CodeIgniter\CodeIgniter->run()
#7 C:\xampp\htdocs\LPMU\vendor\codeigniter4\framework\system\Commands\Server\rewrite.php(45): require_once('C:\\xampp\\htdocs...')
#8 {main}
CRITICAL - 2021-11-16 01:51:01 --> Undefined index: semester
#0 C:\xampp\htdocs\LPMU\app\Views\admin\ListRkat.php(178): CodeIgniter\Debug\Exceptions->errorHandler(8, 'Undefined index...', 'C:\\xampp\\htdocs...', 178, Array)
#1 C:\xampp\htdocs\LPMU\vendor\codeigniter4\framework\system\View\View.php(230): include('C:\\xampp\\htdocs...')
#2 C:\xampp\htdocs\LPMU\vendor\codeigniter4\framework\system\View\View.php(232): CodeIgniter\View\View->CodeIgniter\View\{closure}()
#3 C:\xampp\htdocs\LPMU\vendor\codeigniter4\framework\system\Common.php(1271): CodeIgniter\View\View->render('admin/ListRkat', Array, true)
#4 C:\xampp\htdocs\LPMU\app\Controllers\Rkat.php(166): view('admin/ListRkat', Array)
#5 C:\xampp\htdocs\LPMU\vendor\codeigniter4\framework\system\CodeIgniter.php(928): App\Controllers\Rkat->indexbyadmin()
#6 C:\xampp\htdocs\LPMU\vendor\codeigniter4\framework\system\CodeIgniter.php(436): CodeIgniter\CodeIgniter->runController(Object(App\Controllers\Rkat))
#7 C:\xampp\htdocs\LPMU\vendor\codeigniter4\framework\system\CodeIgniter.php(336): CodeIgniter\CodeIgniter->handleRequest(NULL, Object(Config\Cache), false)
#8 C:\xampp\htdocs\LPMU\public\index.php(37): CodeIgniter\CodeIgniter->run()
#9 C:\xampp\htdocs\LPMU\vendor\codeigniter4\framework\system\Commands\Server\rewrite.php(45): require_once('C:\\xampp\\htdocs...')
#10 {main}
<<<<<<< HEAD
CRITICAL - 2021-11-16 02:20:34 --> Call to undefined function form_open()
#0 C:\xampp\htdocs\LPMU\vendor\codeigniter4\framework\system\View\View.php(230): include()
#1 C:\xampp\htdocs\LPMU\vendor\codeigniter4\framework\system\View\View.php(232): CodeIgniter\View\View->CodeIgniter\View\{closure}()
#2 C:\xampp\htdocs\LPMU\vendor\codeigniter4\framework\system\Common.php(1271): CodeIgniter\View\View->render('/admin/TambahKp...', Array, true)
#3 C:\xampp\htdocs\LPMU\app\Controllers\Admin.php(26): view('/admin/TambahKp...')
#4 C:\xampp\htdocs\LPMU\vendor\codeigniter4\framework\system\CodeIgniter.php(928): App\Controllers\Admin->form_tambahkpi()
#5 C:\xampp\htdocs\LPMU\vendor\codeigniter4\framework\system\CodeIgniter.php(436): CodeIgniter\CodeIgniter->runController(Object(App\Controllers\Admin))
#6 C:\xampp\htdocs\LPMU\vendor\codeigniter4\framework\system\CodeIgniter.php(336): CodeIgniter\CodeIgniter->handleRequest(NULL, Object(Config\Cache), false)
#7 C:\xampp\htdocs\LPMU\public\index.php(37): CodeIgniter\CodeIgniter->run()
#8 C:\xampp\htdocs\LPMU\vendor\codeigniter4\framework\system\Commands\Server\rewrite.php(45): require_once('C:\\xampp\\htdocs...')
#9 {main}
CRITICAL - 2021-11-16 02:21:11 --> Call to undefined function form_open()
#0 C:\xampp\htdocs\LPMU\vendor\codeigniter4\framework\system\View\View.php(230): include()
#1 C:\xampp\htdocs\LPMU\vendor\codeigniter4\framework\system\View\View.php(232): CodeIgniter\View\View->CodeIgniter\View\{closure}()
#2 C:\xampp\htdocs\LPMU\vendor\codeigniter4\framework\system\Common.php(1271): CodeIgniter\View\View->render('/admin/TambahKp...', Array, true)
#3 C:\xampp\htdocs\LPMU\app\Controllers\Admin.php(26): view('/admin/TambahKp...')
#4 C:\xampp\htdocs\LPMU\vendor\codeigniter4\framework\system\CodeIgniter.php(928): App\Controllers\Admin->form_tambahkpi()
#5 C:\xampp\htdocs\LPMU\vendor\codeigniter4\framework\system\CodeIgniter.php(436): CodeIgniter\CodeIgniter->runController(Object(App\Controllers\Admin))
#6 C:\xampp\htdocs\LPMU\vendor\codeigniter4\framework\system\CodeIgniter.php(336): CodeIgniter\CodeIgniter->handleRequest(NULL, Object(Config\Cache), false)
#7 C:\xampp\htdocs\LPMU\public\index.php(37): CodeIgniter\CodeIgniter->run()
#8 C:\xampp\htdocs\LPMU\vendor\codeigniter4\framework\system\Commands\Server\rewrite.php(45): require_once('C:\\xampp\\htdocs...')
#9 {main}
CRITICAL - 2021-11-16 02:21:13 --> Call to undefined function form_open()
#0 C:\xampp\htdocs\LPMU\vendor\codeigniter4\framework\system\View\View.php(230): include()
#1 C:\xampp\htdocs\LPMU\vendor\codeigniter4\framework\system\View\View.php(232): CodeIgniter\View\View->CodeIgniter\View\{closure}()
#2 C:\xampp\htdocs\LPMU\vendor\codeigniter4\framework\system\Common.php(1271): CodeIgniter\View\View->render('/admin/TambahKp...', Array, true)
#3 C:\xampp\htdocs\LPMU\app\Controllers\Admin.php(26): view('/admin/TambahKp...')
#4 C:\xampp\htdocs\LPMU\vendor\codeigniter4\framework\system\CodeIgniter.php(928): App\Controllers\Admin->form_tambahkpi()
#5 C:\xampp\htdocs\LPMU\vendor\codeigniter4\framework\system\CodeIgniter.php(436): CodeIgniter\CodeIgniter->runController(Object(App\Controllers\Admin))
#6 C:\xampp\htdocs\LPMU\vendor\codeigniter4\framework\system\CodeIgniter.php(336): CodeIgniter\CodeIgniter->handleRequest(NULL, Object(Config\Cache), false)
#7 C:\xampp\htdocs\LPMU\public\index.php(37): CodeIgniter\CodeIgniter->run()
#8 C:\xampp\htdocs\LPMU\vendor\codeigniter4\framework\system\Commands\Server\rewrite.php(45): require_once('C:\\xampp\\htdocs...')
#9 {main}
CRITICAL - 2021-11-16 02:21:40 --> Call to undefined function form_open()
#0 C:\xampp\htdocs\LPMU\vendor\codeigniter4\framework\system\View\View.php(230): include()
#1 C:\xampp\htdocs\LPMU\vendor\codeigniter4\framework\system\View\View.php(232): CodeIgniter\View\View->CodeIgniter\View\{closure}()
#2 C:\xampp\htdocs\LPMU\vendor\codeigniter4\framework\system\Common.php(1271): CodeIgniter\View\View->render('/admin/TambahKp...', Array, true)
#3 C:\xampp\htdocs\LPMU\app\Controllers\Admin.php(26): view('/admin/TambahKp...')
#4 C:\xampp\htdocs\LPMU\vendor\codeigniter4\framework\system\CodeIgniter.php(928): App\Controllers\Admin->form_tambahkpi()
#5 C:\xampp\htdocs\LPMU\vendor\codeigniter4\framework\system\CodeIgniter.php(436): CodeIgniter\CodeIgniter->runController(Object(App\Controllers\Admin))
#6 C:\xampp\htdocs\LPMU\vendor\codeigniter4\framework\system\CodeIgniter.php(336): CodeIgniter\CodeIgniter->handleRequest(NULL, Object(Config\Cache), false)
#7 C:\xampp\htdocs\LPMU\public\index.php(37): CodeIgniter\CodeIgniter->run()
#8 C:\xampp\htdocs\LPMU\vendor\codeigniter4\framework\system\Commands\Server\rewrite.php(45): require_once('C:\\xampp\\htdocs...')
#9 {main}
CRITICAL - 2021-11-16 02:21:41 --> Call to undefined function form_open()
#0 C:\xampp\htdocs\LPMU\vendor\codeigniter4\framework\system\View\View.php(230): include()
#1 C:\xampp\htdocs\LPMU\vendor\codeigniter4\framework\system\View\View.php(232): CodeIgniter\View\View->CodeIgniter\View\{closure}()
#2 C:\xampp\htdocs\LPMU\vendor\codeigniter4\framework\system\Common.php(1271): CodeIgniter\View\View->render('/admin/TambahKp...', Array, true)
#3 C:\xampp\htdocs\LPMU\app\Controllers\Admin.php(26): view('/admin/TambahKp...')
#4 C:\xampp\htdocs\LPMU\vendor\codeigniter4\framework\system\CodeIgniter.php(928): App\Controllers\Admin->form_tambahkpi()
#5 C:\xampp\htdocs\LPMU\vendor\codeigniter4\framework\system\CodeIgniter.php(436): CodeIgniter\CodeIgniter->runController(Object(App\Controllers\Admin))
#6 C:\xampp\htdocs\LPMU\vendor\codeigniter4\framework\system\CodeIgniter.php(336): CodeIgniter\CodeIgniter->handleRequest(NULL, Object(Config\Cache), false)
#7 C:\xampp\htdocs\LPMU\public\index.php(37): CodeIgniter\CodeIgniter->run()
#8 C:\xampp\htdocs\LPMU\vendor\codeigniter4\framework\system\Commands\Server\rewrite.php(45): require_once('C:\\xampp\\htdocs...')
#9 {main}
CRITICAL - 2021-11-16 02:21:50 --> Call to undefined function form_open()
#0 C:\xampp\htdocs\LPMU\vendor\codeigniter4\framework\system\View\View.php(230): include()
#1 C:\xampp\htdocs\LPMU\vendor\codeigniter4\framework\system\View\View.php(232): CodeIgniter\View\View->CodeIgniter\View\{closure}()
#2 C:\xampp\htdocs\LPMU\vendor\codeigniter4\framework\system\Common.php(1271): CodeIgniter\View\View->render('/admin/TambahKp...', Array, true)
#3 C:\xampp\htdocs\LPMU\app\Controllers\Admin.php(26): view('/admin/TambahKp...')
#4 C:\xampp\htdocs\LPMU\vendor\codeigniter4\framework\system\CodeIgniter.php(928): App\Controllers\Admin->form_tambahkpi()
#5 C:\xampp\htdocs\LPMU\vendor\codeigniter4\framework\system\CodeIgniter.php(436): CodeIgniter\CodeIgniter->runController(Object(App\Controllers\Admin))
#6 C:\xampp\htdocs\LPMU\vendor\codeigniter4\framework\system\CodeIgniter.php(336): CodeIgniter\CodeIgniter->handleRequest(NULL, Object(Config\Cache), false)
#7 C:\xampp\htdocs\LPMU\public\index.php(37): CodeIgniter\CodeIgniter->run()
#8 C:\xampp\htdocs\LPMU\vendor\codeigniter4\framework\system\Commands\Server\rewrite.php(45): require_once('C:\\xampp\\htdocs...')
#9 {main}
CRITICAL - 2021-11-16 02:21:50 --> Call to undefined function form_open()
#0 C:\xampp\htdocs\LPMU\vendor\codeigniter4\framework\system\View\View.php(230): include()
#1 C:\xampp\htdocs\LPMU\vendor\codeigniter4\framework\system\View\View.php(232): CodeIgniter\View\View->CodeIgniter\View\{closure}()
#2 C:\xampp\htdocs\LPMU\vendor\codeigniter4\framework\system\Common.php(1271): CodeIgniter\View\View->render('/admin/TambahKp...', Array, true)
#3 C:\xampp\htdocs\LPMU\app\Controllers\Admin.php(26): view('/admin/TambahKp...')
#4 C:\xampp\htdocs\LPMU\vendor\codeigniter4\framework\system\CodeIgniter.php(928): App\Controllers\Admin->form_tambahkpi()
#5 C:\xampp\htdocs\LPMU\vendor\codeigniter4\framework\system\CodeIgniter.php(436): CodeIgniter\CodeIgniter->runController(Object(App\Controllers\Admin))
#6 C:\xampp\htdocs\LPMU\vendor\codeigniter4\framework\system\CodeIgniter.php(336): CodeIgniter\CodeIgniter->handleRequest(NULL, Object(Config\Cache), false)
#7 C:\xampp\htdocs\LPMU\public\index.php(37): CodeIgniter\CodeIgniter->run()
#8 C:\xampp\htdocs\LPMU\vendor\codeigniter4\framework\system\Commands\Server\rewrite.php(45): require_once('C:\\xampp\\htdocs...')
#9 {main}
CRITICAL - 2021-11-16 02:28:56 --> Class 'App\Controllers\DataKpiModel' not found
#0 C:\xampp\htdocs\LPMU\vendor\codeigniter4\framework\system\CodeIgniter.php(928): App\Controllers\Admin->listbutirkpi()
#1 C:\xampp\htdocs\LPMU\vendor\codeigniter4\framework\system\CodeIgniter.php(436): CodeIgniter\CodeIgniter->runController(Object(App\Controllers\Admin))
#2 C:\xampp\htdocs\LPMU\vendor\codeigniter4\framework\system\CodeIgniter.php(336): CodeIgniter\CodeIgniter->handleRequest(NULL, Object(Config\Cache), false)
#3 C:\xampp\htdocs\LPMU\public\index.php(37): CodeIgniter\CodeIgniter->run()
#4 C:\xampp\htdocs\LPMU\vendor\codeigniter4\framework\system\Commands\Server\rewrite.php(45): require_once('C:\\xampp\\htdocs...')
#5 {main}
CRITICAL - 2021-11-16 02:41:06 --> Declaration of App\Models\DataKpiButirModel::save($data) must be compatible with CodeIgniter\BaseModel::save($data): bool
#0 [internal function]: CodeIgniter\Debug\Exceptions->shutdownHandler()
#1 {main}
CRITICAL - 2021-11-16 02:44:13 --> Declaration of App\Models\DataKpiModel::save($data) must be compatible with CodeIgniter\BaseModel::save($data): bool
#0 [internal function]: CodeIgniter\Debug\Exceptions->shutdownHandler()
#1 {main}
CRITICAL - 2021-11-16 02:45:45 --> Declaration of App\Models\DataKpiModel::save($data) must be compatible with CodeIgniter\BaseModel::save($data): bool
#0 [internal function]: CodeIgniter\Debug\Exceptions->shutdownHandler()
#1 {main}
CRITICAL - 2021-11-16 02:45:48 --> Declaration of App\Models\DataKpiModel::save($data) must be compatible with CodeIgniter\BaseModel::save($data): bool
#0 [internal function]: CodeIgniter\Debug\Exceptions->shutdownHandler()
#1 {main}
CRITICAL - 2021-11-16 02:48:05 --> Declaration of App\Models\DataKpiModel::save($data) must be compatible with CodeIgniter\BaseModel::save($data): bool
#0 [internal function]: CodeIgniter\Debug\Exceptions->shutdownHandler()
#1 {main}
CRITICAL - 2021-11-16 02:48:09 --> Call to undefined function form_open()
#0 C:\xampp\htdocs\LPMU\vendor\codeigniter4\framework\system\View\View.php(230): include()
#1 C:\xampp\htdocs\LPMU\vendor\codeigniter4\framework\system\View\View.php(232): CodeIgniter\View\View->CodeIgniter\View\{closure}()
#2 C:\xampp\htdocs\LPMU\vendor\codeigniter4\framework\system\Common.php(1271): CodeIgniter\View\View->render('/admin/TambahBu...', Array, true)
#3 C:\xampp\htdocs\LPMU\app\Controllers\Admin.php(33): view('/admin/TambahBu...')
#4 C:\xampp\htdocs\LPMU\vendor\codeigniter4\framework\system\CodeIgniter.php(928): App\Controllers\Admin->form_tambahbutirkpi()
#5 C:\xampp\htdocs\LPMU\vendor\codeigniter4\framework\system\CodeIgniter.php(436): CodeIgniter\CodeIgniter->runController(Object(App\Controllers\Admin))
#6 C:\xampp\htdocs\LPMU\vendor\codeigniter4\framework\system\CodeIgniter.php(336): CodeIgniter\CodeIgniter->handleRequest(NULL, Object(Config\Cache), false)
#7 C:\xampp\htdocs\LPMU\public\index.php(37): CodeIgniter\CodeIgniter->run()
#8 C:\xampp\htdocs\LPMU\vendor\codeigniter4\framework\system\Commands\Server\rewrite.php(45): require_once('C:\\xampp\\htdocs...')
#9 {main}
CRITICAL - 2021-11-16 02:53:27 --> Call to undefined function form_open()
#0 C:\xampp\htdocs\LPMU\vendor\codeigniter4\framework\system\View\View.php(230): include()
#1 C:\xampp\htdocs\LPMU\vendor\codeigniter4\framework\system\View\View.php(232): CodeIgniter\View\View->CodeIgniter\View\{closure}()
#2 C:\xampp\htdocs\LPMU\vendor\codeigniter4\framework\system\Common.php(1271): CodeIgniter\View\View->render('/admin/TambahBu...', Array, true)
#3 C:\xampp\htdocs\LPMU\app\Controllers\Admin.php(33): view('/admin/TambahBu...')
#4 C:\xampp\htdocs\LPMU\vendor\codeigniter4\framework\system\CodeIgniter.php(928): App\Controllers\Admin->form_tambahbutirkpi()
#5 C:\xampp\htdocs\LPMU\vendor\codeigniter4\framework\system\CodeIgniter.php(436): CodeIgniter\CodeIgniter->runController(Object(App\Controllers\Admin))
#6 C:\xampp\htdocs\LPMU\vendor\codeigniter4\framework\system\CodeIgniter.php(336): CodeIgniter\CodeIgniter->handleRequest(NULL, Object(Config\Cache), false)
#7 C:\xampp\htdocs\LPMU\public\index.php(37): CodeIgniter\CodeIgniter->run()
#8 C:\xampp\htdocs\LPMU\vendor\codeigniter4\framework\system\Commands\Server\rewrite.php(45): require_once('C:\\xampp\\htdocs...')
#9 {main}
CRITICAL - 2021-11-16 02:53:33 --> Call to undefined function form_open()
#0 C:\xampp\htdocs\LPMU\vendor\codeigniter4\framework\system\View\View.php(230): include()
#1 C:\xampp\htdocs\LPMU\vendor\codeigniter4\framework\system\View\View.php(232): CodeIgniter\View\View->CodeIgniter\View\{closure}()
#2 C:\xampp\htdocs\LPMU\vendor\codeigniter4\framework\system\Common.php(1271): CodeIgniter\View\View->render('/admin/TambahBu...', Array, true)
#3 C:\xampp\htdocs\LPMU\app\Controllers\Admin.php(33): view('/admin/TambahBu...')
#4 C:\xampp\htdocs\LPMU\vendor\codeigniter4\framework\system\CodeIgniter.php(928): App\Controllers\Admin->form_tambahbutirkpi()
#5 C:\xampp\htdocs\LPMU\vendor\codeigniter4\framework\system\CodeIgniter.php(436): CodeIgniter\CodeIgniter->runController(Object(App\Controllers\Admin))
#6 C:\xampp\htdocs\LPMU\vendor\codeigniter4\framework\system\CodeIgniter.php(336): CodeIgniter\CodeIgniter->handleRequest(NULL, Object(Config\Cache), false)
#7 C:\xampp\htdocs\LPMU\public\index.php(37): CodeIgniter\CodeIgniter->run()
#8 C:\xampp\htdocs\LPMU\vendor\codeigniter4\framework\system\Commands\Server\rewrite.php(45): require_once('C:\\xampp\\htdocs...')
#9 {main}
CRITICAL - 2021-11-16 02:56:16 --> Declaration of App\Models\DataKpiModel::save($data) must be compatible with CodeIgniter\BaseModel::save($data): bool
#0 [internal function]: CodeIgniter\Debug\Exceptions->shutdownHandler()
#1 {main}
CRITICAL - 2021-11-16 02:56:19 --> Declaration of App\Models\DataKpiModel::save($data) must be compatible with CodeIgniter\BaseModel::save($data): bool
#0 [internal function]: CodeIgniter\Debug\Exceptions->shutdownHandler()
#1 {main}
ERROR - 2021-11-16 03:02:04 --> Unknown column 'angkabutir' in 'field list'
CRITICAL - 2021-11-16 03:02:04 --> Unknown column 'angkabutir' in 'field list'
#0 C:\xampp\htdocs\LPMU\vendor\codeigniter4\framework\system\Database\MySQLi\Connection.php(329): mysqli->query('INSERT INTO `ta...')
#1 C:\xampp\htdocs\LPMU\vendor\codeigniter4\framework\system\Database\BaseConnection.php(732): CodeIgniter\Database\MySQLi\Connection->execute('INSERT INTO `ta...')
#2 C:\xampp\htdocs\LPMU\vendor\codeigniter4\framework\system\Database\BaseConnection.php(647): CodeIgniter\Database\BaseConnection->simpleQuery('INSERT INTO `ta...')
#3 C:\xampp\htdocs\LPMU\vendor\codeigniter4\framework\system\Database\BaseBuilder.php(2277): CodeIgniter\Database\BaseConnection->query('INSERT INTO `ta...', Array, false)
#4 C:\xampp\htdocs\LPMU\app\Models\DataKpiButirModel.php(20): CodeIgniter\Database\BaseBuilder->insert(Array)
#5 C:\xampp\htdocs\LPMU\app\Controllers\Admin.php(82): App\Models\DataKpiButirModel->simpan(Array)
#6 C:\xampp\htdocs\LPMU\vendor\codeigniter4\framework\system\CodeIgniter.php(928): App\Controllers\Admin->simpanbutirkpi()
#7 C:\xampp\htdocs\LPMU\vendor\codeigniter4\framework\system\CodeIgniter.php(436): CodeIgniter\CodeIgniter->runController(Object(App\Controllers\Admin))
#8 C:\xampp\htdocs\LPMU\vendor\codeigniter4\framework\system\CodeIgniter.php(336): CodeIgniter\CodeIgniter->handleRequest(NULL, Object(Config\Cache), false)
#9 C:\xampp\htdocs\LPMU\public\index.php(37): CodeIgniter\CodeIgniter->run()
#10 C:\xampp\htdocs\LPMU\vendor\codeigniter4\framework\system\Commands\Server\rewrite.php(45): require_once('C:\\xampp\\htdocs...')
#11 {main}
ERROR - 2021-11-16 03:02:48 --> Column 'nama_butir' cannot be null
CRITICAL - 2021-11-16 03:02:48 --> Column 'nama_butir' cannot be null
#0 C:\xampp\htdocs\LPMU\vendor\codeigniter4\framework\system\Database\MySQLi\Connection.php(329): mysqli->query('INSERT INTO `ta...')
#1 C:\xampp\htdocs\LPMU\vendor\codeigniter4\framework\system\Database\BaseConnection.php(732): CodeIgniter\Database\MySQLi\Connection->execute('INSERT INTO `ta...')
#2 C:\xampp\htdocs\LPMU\vendor\codeigniter4\framework\system\Database\BaseConnection.php(647): CodeIgniter\Database\BaseConnection->simpleQuery('INSERT INTO `ta...')
#3 C:\xampp\htdocs\LPMU\vendor\codeigniter4\framework\system\Database\BaseBuilder.php(2277): CodeIgniter\Database\BaseConnection->query('INSERT INTO `ta...', Array, false)
#4 C:\xampp\htdocs\LPMU\app\Models\DataKpiButirModel.php(20): CodeIgniter\Database\BaseBuilder->insert(Array)
#5 C:\xampp\htdocs\LPMU\app\Controllers\Admin.php(82): App\Models\DataKpiButirModel->simpan(Array)
#6 C:\xampp\htdocs\LPMU\vendor\codeigniter4\framework\system\CodeIgniter.php(928): App\Controllers\Admin->simpanbutirkpi()
#7 C:\xampp\htdocs\LPMU\vendor\codeigniter4\framework\system\CodeIgniter.php(436): CodeIgniter\CodeIgniter->runController(Object(App\Controllers\Admin))
#8 C:\xampp\htdocs\LPMU\vendor\codeigniter4\framework\system\CodeIgniter.php(336): CodeIgniter\CodeIgniter->handleRequest(NULL, Object(Config\Cache), false)
#9 C:\xampp\htdocs\LPMU\public\index.php(37): CodeIgniter\CodeIgniter->run()
#10 C:\xampp\htdocs\LPMU\vendor\codeigniter4\framework\system\Commands\Server\rewrite.php(45): require_once('C:\\xampp\\htdocs...')
#11 {main}
CRITICAL - 2021-11-16 03:05:06 --> Declaration of App\Models\DataKpiModel::save($data) must be compatible with CodeIgniter\BaseModel::save($data): bool
#0 [internal function]: CodeIgniter\Debug\Exceptions->shutdownHandler()
#1 {main}
CRITICAL - 2021-11-16 03:14:06 --> Declaration of App\Models\DataKpiModel::save($data) must be compatible with CodeIgniter\BaseModel::save($data): bool
#0 [internal function]: CodeIgniter\Debug\Exceptions->shutdownHandler()
#1 {main}
CRITICAL - 2021-11-16 03:14:55 --> Declaration of App\Models\DataKpiModel::save($data) must be compatible with CodeIgniter\BaseModel::save($data): bool
#0 [internal function]: CodeIgniter\Debug\Exceptions->shutdownHandler()
#1 {main}
CRITICAL - 2021-11-16 03:15:16 --> Allowed fields must be specified for model: App\Models\DataKpiModel
#0 C:\xampp\htdocs\LPMU\vendor\codeigniter4\framework\system\BaseModel.php(1205): CodeIgniter\Database\Exceptions\DataException::forInvalidAllowedFields('App\\Models\\Data...')
#1 C:\xampp\htdocs\LPMU\vendor\codeigniter4\framework\system\BaseModel.php(745): CodeIgniter\BaseModel->doProtectFields(Array)
#2 C:\xampp\htdocs\LPMU\vendor\codeigniter4\framework\system\Model.php(686): CodeIgniter\BaseModel->insert(Array, false)
#3 C:\xampp\htdocs\LPMU\vendor\codeigniter4\framework\system\BaseModel.php(687): CodeIgniter\Model->insert(Array, false)
#4 C:\xampp\htdocs\LPMU\app\Controllers\Admin.php(52): CodeIgniter\BaseModel->save(Array)
#5 C:\xampp\htdocs\LPMU\vendor\codeigniter4\framework\system\CodeIgniter.php(928): App\Controllers\Admin->simpankpi()
#6 C:\xampp\htdocs\LPMU\vendor\codeigniter4\framework\system\CodeIgniter.php(436): CodeIgniter\CodeIgniter->runController(Object(App\Controllers\Admin))
#7 C:\xampp\htdocs\LPMU\vendor\codeigniter4\framework\system\CodeIgniter.php(336): CodeIgniter\CodeIgniter->handleRequest(NULL, Object(Config\Cache), false)
#8 C:\xampp\htdocs\LPMU\public\index.php(37): CodeIgniter\CodeIgniter->run()
#9 C:\xampp\htdocs\LPMU\vendor\codeigniter4\framework\system\Commands\Server\rewrite.php(45): require_once('C:\\xampp\\htdocs...')
#10 {main}
CRITICAL - 2021-11-16 03:20:36 --> Undefined variable: reading
#0 C:\xampp\htdocs\LPMU\app\Views\admin\ListKpiButir.php(208): CodeIgniter\Debug\Exceptions->errorHandler(8, 'Undefined varia...', 'C:\\xampp\\htdocs...', 208, Array)
#1 C:\xampp\htdocs\LPMU\vendor\codeigniter4\framework\system\View\View.php(230): include('C:\\xampp\\htdocs...')
#2 C:\xampp\htdocs\LPMU\vendor\codeigniter4\framework\system\View\View.php(232): CodeIgniter\View\View->CodeIgniter\View\{closure}()
#3 C:\xampp\htdocs\LPMU\vendor\codeigniter4\framework\system\Common.php(1271): CodeIgniter\View\View->render('/admin/ListKpiB...', Array, true)
#4 C:\xampp\htdocs\LPMU\app\Controllers\Admin.php(23): view('/admin/ListKpiB...', Array)
#5 C:\xampp\htdocs\LPMU\vendor\codeigniter4\framework\system\CodeIgniter.php(928): App\Controllers\Admin->listbutirkpi()
#6 C:\xampp\htdocs\LPMU\vendor\codeigniter4\framework\system\CodeIgniter.php(436): CodeIgniter\CodeIgniter->runController(Object(App\Controllers\Admin))
#7 C:\xampp\htdocs\LPMU\vendor\codeigniter4\framework\system\CodeIgniter.php(336): CodeIgniter\CodeIgniter->handleRequest(NULL, Object(Config\Cache), false)
#8 C:\xampp\htdocs\LPMU\public\index.php(37): CodeIgniter\CodeIgniter->run()
#9 C:\xampp\htdocs\LPMU\vendor\codeigniter4\framework\system\Commands\Server\rewrite.php(45): require_once('C:\\xampp\\htdocs...')
#10 {main}
CRITICAL - 2021-11-16 03:21:13 --> Use of undefined constant base_url - assumed 'base_url' (this will throw an Error in a future version of PHP)
#0 C:\xampp\htdocs\LPMU\app\Views\admin\ListKpiButir.php(208): CodeIgniter\Debug\Exceptions->errorHandler(2, 'Use of undefine...', 'C:\\xampp\\htdocs...', 208, Array)
#1 C:\xampp\htdocs\LPMU\vendor\codeigniter4\framework\system\View\View.php(230): include('C:\\xampp\\htdocs...')
#2 C:\xampp\htdocs\LPMU\vendor\codeigniter4\framework\system\View\View.php(232): CodeIgniter\View\View->CodeIgniter\View\{closure}()
#3 C:\xampp\htdocs\LPMU\vendor\codeigniter4\framework\system\Common.php(1271): CodeIgniter\View\View->render('/admin/ListKpiB...', Array, true)
#4 C:\xampp\htdocs\LPMU\app\Controllers\Admin.php(23): view('/admin/ListKpiB...', Array)
#5 C:\xampp\htdocs\LPMU\vendor\codeigniter4\framework\system\CodeIgniter.php(928): App\Controllers\Admin->listbutirkpi()
#6 C:\xampp\htdocs\LPMU\vendor\codeigniter4\framework\system\CodeIgniter.php(436): CodeIgniter\CodeIgniter->runController(Object(App\Controllers\Admin))
#7 C:\xampp\htdocs\LPMU\vendor\codeigniter4\framework\system\CodeIgniter.php(336): CodeIgniter\CodeIgniter->handleRequest(NULL, Object(Config\Cache), false)
#8 C:\xampp\htdocs\LPMU\public\index.php(37): CodeIgniter\CodeIgniter->run()
#9 C:\xampp\htdocs\LPMU\vendor\codeigniter4\framework\system\Commands\Server\rewrite.php(45): require_once('C:\\xampp\\htdocs...')
#10 {main}
CRITICAL - 2021-11-16 03:21:14 --> Use of undefined constant base_url - assumed 'base_url' (this will throw an Error in a future version of PHP)
#0 C:\xampp\htdocs\LPMU\app\Views\admin\ListKpiButir.php(208): CodeIgniter\Debug\Exceptions->errorHandler(2, 'Use of undefine...', 'C:\\xampp\\htdocs...', 208, Array)
#1 C:\xampp\htdocs\LPMU\vendor\codeigniter4\framework\system\View\View.php(230): include('C:\\xampp\\htdocs...')
#2 C:\xampp\htdocs\LPMU\vendor\codeigniter4\framework\system\View\View.php(232): CodeIgniter\View\View->CodeIgniter\View\{closure}()
#3 C:\xampp\htdocs\LPMU\vendor\codeigniter4\framework\system\Common.php(1271): CodeIgniter\View\View->render('/admin/ListKpiB...', Array, true)
#4 C:\xampp\htdocs\LPMU\app\Controllers\Admin.php(23): view('/admin/ListKpiB...', Array)
#5 C:\xampp\htdocs\LPMU\vendor\codeigniter4\framework\system\CodeIgniter.php(928): App\Controllers\Admin->listbutirkpi()
#6 C:\xampp\htdocs\LPMU\vendor\codeigniter4\framework\system\CodeIgniter.php(436): CodeIgniter\CodeIgniter->runController(Object(App\Controllers\Admin))
#7 C:\xampp\htdocs\LPMU\vendor\codeigniter4\framework\system\CodeIgniter.php(336): CodeIgniter\CodeIgniter->handleRequest(NULL, Object(Config\Cache), false)
#8 C:\xampp\htdocs\LPMU\public\index.php(37): CodeIgniter\CodeIgniter->run()
#9 C:\xampp\htdocs\LPMU\vendor\codeigniter4\framework\system\Commands\Server\rewrite.php(45): require_once('C:\\xampp\\htdocs...')
#10 {main}
CRITICAL - 2021-11-16 03:48:02 --> Call to undefined function mysql_query()
#0 C:\xampp\htdocs\LPMU\vendor\codeigniter4\framework\system\View\View.php(230): include()
#1 C:\xampp\htdocs\LPMU\vendor\codeigniter4\framework\system\View\View.php(232): CodeIgniter\View\View->CodeIgniter\View\{closure}()
#2 C:\xampp\htdocs\LPMU\vendor\codeigniter4\framework\system\Common.php(1271): CodeIgniter\View\View->render('/admin/TambahBu...', Array, true)
#3 C:\xampp\htdocs\LPMU\app\Controllers\Admin.php(33): view('/admin/TambahBu...')
#4 C:\xampp\htdocs\LPMU\vendor\codeigniter4\framework\system\CodeIgniter.php(928): App\Controllers\Admin->form_tambahbutirkpi()
#5 C:\xampp\htdocs\LPMU\vendor\codeigniter4\framework\system\CodeIgniter.php(436): CodeIgniter\CodeIgniter->runController(Object(App\Controllers\Admin))
#6 C:\xampp\htdocs\LPMU\vendor\codeigniter4\framework\system\CodeIgniter.php(336): CodeIgniter\CodeIgniter->handleRequest(NULL, Object(Config\Cache), false)
#7 C:\xampp\htdocs\LPMU\public\index.php(37): CodeIgniter\CodeIgniter->run()
#8 C:\xampp\htdocs\LPMU\vendor\codeigniter4\framework\system\Commands\Server\rewrite.php(45): require_once('C:\\xampp\\htdocs...')
#9 {main}
CRITICAL - 2021-11-16 03:48:33 --> Call to undefined function mysql_query()
#0 C:\xampp\htdocs\LPMU\vendor\codeigniter4\framework\system\View\View.php(230): include()
#1 C:\xampp\htdocs\LPMU\vendor\codeigniter4\framework\system\View\View.php(232): CodeIgniter\View\View->CodeIgniter\View\{closure}()
#2 C:\xampp\htdocs\LPMU\vendor\codeigniter4\framework\system\Common.php(1271): CodeIgniter\View\View->render('/admin/TambahBu...', Array, true)
#3 C:\xampp\htdocs\LPMU\app\Controllers\Admin.php(33): view('/admin/TambahBu...')
#4 C:\xampp\htdocs\LPMU\vendor\codeigniter4\framework\system\CodeIgniter.php(928): App\Controllers\Admin->form_tambahbutirkpi()
#5 C:\xampp\htdocs\LPMU\vendor\codeigniter4\framework\system\CodeIgniter.php(436): CodeIgniter\CodeIgniter->runController(Object(App\Controllers\Admin))
#6 C:\xampp\htdocs\LPMU\vendor\codeigniter4\framework\system\CodeIgniter.php(336): CodeIgniter\CodeIgniter->handleRequest(NULL, Object(Config\Cache), false)
#7 C:\xampp\htdocs\LPMU\public\index.php(37): CodeIgniter\CodeIgniter->run()
#8 C:\xampp\htdocs\LPMU\vendor\codeigniter4\framework\system\Commands\Server\rewrite.php(45): require_once('C:\\xampp\\htdocs...')
#9 {main}
CRITICAL - 2021-11-16 03:49:46 --> Call to undefined function mysql_connect()
#0 C:\xampp\htdocs\LPMU\vendor\codeigniter4\framework\system\View\View.php(230): include()
#1 C:\xampp\htdocs\LPMU\vendor\codeigniter4\framework\system\View\View.php(232): CodeIgniter\View\View->CodeIgniter\View\{closure}()
#2 C:\xampp\htdocs\LPMU\vendor\codeigniter4\framework\system\Common.php(1271): CodeIgniter\View\View->render('/admin/TambahBu...', Array, true)
#3 C:\xampp\htdocs\LPMU\app\Controllers\Admin.php(33): view('/admin/TambahBu...')
#4 C:\xampp\htdocs\LPMU\vendor\codeigniter4\framework\system\CodeIgniter.php(928): App\Controllers\Admin->form_tambahbutirkpi()
#5 C:\xampp\htdocs\LPMU\vendor\codeigniter4\framework\system\CodeIgniter.php(436): CodeIgniter\CodeIgniter->runController(Object(App\Controllers\Admin))
#6 C:\xampp\htdocs\LPMU\vendor\codeigniter4\framework\system\CodeIgniter.php(336): CodeIgniter\CodeIgniter->handleRequest(NULL, Object(Config\Cache), false)
#7 C:\xampp\htdocs\LPMU\public\index.php(37): CodeIgniter\CodeIgniter->run()
#8 C:\xampp\htdocs\LPMU\vendor\codeigniter4\framework\system\Commands\Server\rewrite.php(45): require_once('C:\\xampp\\htdocs...')
#9 {main}
CRITICAL - 2021-11-16 03:50:10 --> Call to undefined function mysql_connect()
#0 C:\xampp\htdocs\LPMU\vendor\codeigniter4\framework\system\View\View.php(230): include()
#1 C:\xampp\htdocs\LPMU\vendor\codeigniter4\framework\system\View\View.php(232): CodeIgniter\View\View->CodeIgniter\View\{closure}()
#2 C:\xampp\htdocs\LPMU\vendor\codeigniter4\framework\system\Common.php(1271): CodeIgniter\View\View->render('/admin/TambahBu...', Array, true)
#3 C:\xampp\htdocs\LPMU\app\Controllers\Admin.php(33): view('/admin/TambahBu...')
#4 C:\xampp\htdocs\LPMU\vendor\codeigniter4\framework\system\CodeIgniter.php(928): App\Controllers\Admin->form_tambahbutirkpi()
#5 C:\xampp\htdocs\LPMU\vendor\codeigniter4\framework\system\CodeIgniter.php(436): CodeIgniter\CodeIgniter->runController(Object(App\Controllers\Admin))
#6 C:\xampp\htdocs\LPMU\vendor\codeigniter4\framework\system\CodeIgniter.php(336): CodeIgniter\CodeIgniter->handleRequest(NULL, Object(Config\Cache), false)
#7 C:\xampp\htdocs\LPMU\public\index.php(37): CodeIgniter\CodeIgniter->run()
#8 C:\xampp\htdocs\LPMU\vendor\codeigniter4\framework\system\Commands\Server\rewrite.php(45): require_once('C:\\xampp\\htdocs...')
#9 {main}
CRITICAL - 2021-11-16 03:56:22 --> Undefined property: stdClass::$angka_butir
#0 C:\xampp\htdocs\LPMU\app\Views\admin\ListKpi.php(198): CodeIgniter\Debug\Exceptions->errorHandler(8, 'Undefined prope...', 'C:\\xampp\\htdocs...', 198, Array)
#1 C:\xampp\htdocs\LPMU\vendor\codeigniter4\framework\system\View\View.php(230): include('C:\\xampp\\htdocs...')
#2 C:\xampp\htdocs\LPMU\vendor\codeigniter4\framework\system\View\View.php(232): CodeIgniter\View\View->CodeIgniter\View\{closure}()
#3 C:\xampp\htdocs\LPMU\vendor\codeigniter4\framework\system\Common.php(1271): CodeIgniter\View\View->render('/admin/ListKpi', Array, true)
#4 C:\xampp\htdocs\LPMU\app\Controllers\Admin.php(22): view('/admin/ListKpi', Array)
#5 C:\xampp\htdocs\LPMU\vendor\codeigniter4\framework\system\CodeIgniter.php(928): App\Controllers\Admin->listkpi()
#6 C:\xampp\htdocs\LPMU\vendor\codeigniter4\framework\system\CodeIgniter.php(436): CodeIgniter\CodeIgniter->runController(Object(App\Controllers\Admin))
#7 C:\xampp\htdocs\LPMU\vendor\codeigniter4\framework\system\CodeIgniter.php(336): CodeIgniter\CodeIgniter->handleRequest(NULL, Object(Config\Cache), false)
#8 C:\xampp\htdocs\LPMU\public\index.php(37): CodeIgniter\CodeIgniter->run()
#9 C:\xampp\htdocs\LPMU\vendor\codeigniter4\framework\system\Commands\Server\rewrite.php(45): require_once('C:\\xampp\\htdocs...')
#10 {main}
=======
>>>>>>> 29f57b1869f05c06dd0c1b735bee3c426f8c50d0
<<<<<<< HEAD
CRITICAL - 2021-11-16 04:04:57 --> syntax error, unexpected '<<' (T_SL), expecting function (T_FUNCTION) or const (T_CONST)
#0 C:\xampp\htdocs\lpmu-web\vendor\codeigniter4\framework\system\Router\Router.php(169): CodeIgniter\Router\Router->autoRoute('rkat/createbyus...')
#1 C:\xampp\htdocs\lpmu-web\vendor\codeigniter4\framework\system\CodeIgniter.php(809): CodeIgniter\Router\Router->handle('rkat/createbyus...')
#2 C:\xampp\htdocs\lpmu-web\vendor\codeigniter4\framework\system\CodeIgniter.php(389): CodeIgniter\CodeIgniter->tryToRouteIt(Object(CodeIgniter\Router\RouteCollection))
#3 C:\xampp\htdocs\lpmu-web\vendor\codeigniter4\framework\system\CodeIgniter.php(336): CodeIgniter\CodeIgniter->handleRequest(NULL, Object(Config\Cache), false)
#4 C:\xampp\htdocs\lpmu-web\public\index.php(37): CodeIgniter\CodeIgniter->run()
#5 C:\xampp\htdocs\lpmu-web\vendor\codeigniter4\framework\system\Commands\Server\rewrite.php(45): require_once('C:\\xampp\\htdocs...')
#6 {main}
=======
>>>>>>> c03e7ac2eccc2e0c352ad519a03903c4fbc6a7a8
>>>>>>> ebc5a08c6f9988aa4bfcb94306aeeef2ec24cd52
CRITICAL - 2021-11-16 19:48:55 --> syntax error, unexpected '<<' (T_SL), expecting function (T_FUNCTION) or const (T_CONST)
#0 C:\xampp\htdocs\lpmu\vendor\codeigniter4\framework\system\Router\Router.php(169): CodeIgniter\Router\Router->autoRoute('rkat/createbyus...')
#1 C:\xampp\htdocs\lpmu\vendor\codeigniter4\framework\system\CodeIgniter.php(809): CodeIgniter\Router\Router->handle('rkat/createbyus...')
#2 C:\xampp\htdocs\lpmu\vendor\codeigniter4\framework\system\CodeIgniter.php(389): CodeIgniter\CodeIgniter->tryToRouteIt(Object(CodeIgniter\Router\RouteCollection))
#3 C:\xampp\htdocs\lpmu\vendor\codeigniter4\framework\system\CodeIgniter.php(336): CodeIgniter\CodeIgniter->handleRequest(NULL, Object(Config\Cache), false)
#4 C:\xampp\htdocs\lpmu\public\index.php(37): CodeIgniter\CodeIgniter->run()
#5 C:\xampp\htdocs\lpmu\vendor\codeigniter4\framework\system\Commands\Server\rewrite.php(45): require_once('C:\\xampp\\htdocs...')
#6 {main}
