CRITICAL - 2021-08-10 00:00:03 --> Invalid file: setrkat/tambahsetrkat.php
#0 C:\xampp\htdocs\lpmu-web\vendor\codeigniter4\framework\system\View\View.php(213): CodeIgniter\Exceptions\FrameworkException::forInvalidFile('setrkat/tambahs...')
#1 C:\xampp\htdocs\lpmu-web\vendor\codeigniter4\framework\system\Common.php(1271): CodeIgniter\View\View->render('setrkat/tambahs...', Array, true)
#2 C:\xampp\htdocs\lpmu-web\app\Controllers\SetRkat.php(12): view('setrkat/tambahs...')
#3 C:\xampp\htdocs\lpmu-web\vendor\codeigniter4\framework\system\CodeIgniter.php(928): App\Controllers\SetRkat->create()
#4 C:\xampp\htdocs\lpmu-web\vendor\codeigniter4\framework\system\CodeIgniter.php(436): CodeIgniter\CodeIgniter->runController(Object(App\Controllers\SetRkat))
#5 C:\xampp\htdocs\lpmu-web\vendor\codeigniter4\framework\system\CodeIgniter.php(336): CodeIgniter\CodeIgniter->handleRequest(NULL, Object(Config\Cache), false)
#6 C:\xampp\htdocs\lpmu-web\public\index.php(37): CodeIgniter\CodeIgniter->run()
#7 C:\xampp\htdocs\lpmu-web\vendor\codeigniter4\framework\system\Commands\Server\rewrite.php(45): require_once('C:\\xampp\\htdocs...')
#8 {main}
CRITICAL - 2021-08-10 00:01:39 --> Undefined variable: user
#0 C:\xampp\htdocs\lpmu-web\app\Views\admin\TambahSetRkat.php(176): CodeIgniter\Debug\Exceptions->errorHandler(8, 'Undefined varia...', 'C:\\xampp\\htdocs...', 176, Array)
#1 C:\xampp\htdocs\lpmu-web\vendor\codeigniter4\framework\system\View\View.php(230): include('C:\\xampp\\htdocs...')
#2 C:\xampp\htdocs\lpmu-web\vendor\codeigniter4\framework\system\View\View.php(232): CodeIgniter\View\View->CodeIgniter\View\{closure}()
#3 C:\xampp\htdocs\lpmu-web\vendor\codeigniter4\framework\system\Common.php(1271): CodeIgniter\View\View->render('admin/TambahSet...', Array, true)
#4 C:\xampp\htdocs\lpmu-web\app\Controllers\SetRkat.php(20): view('admin/TambahSet...')
#5 C:\xampp\htdocs\lpmu-web\vendor\codeigniter4\framework\system\CodeIgniter.php(928): App\Controllers\SetRkat->create()
#6 C:\xampp\htdocs\lpmu-web\vendor\codeigniter4\framework\system\CodeIgniter.php(436): CodeIgniter\CodeIgniter->runController(Object(App\Controllers\SetRkat))
#7 C:\xampp\htdocs\lpmu-web\vendor\codeigniter4\framework\system\CodeIgniter.php(336): CodeIgniter\CodeIgniter->handleRequest(NULL, Object(Config\Cache), false)
#8 C:\xampp\htdocs\lpmu-web\public\index.php(37): CodeIgniter\CodeIgniter->run()
#9 C:\xampp\htdocs\lpmu-web\vendor\codeigniter4\framework\system\Commands\Server\rewrite.php(45): require_once('C:\\xampp\\htdocs...')
#10 {main}
CRITICAL - 2021-08-10 00:02:47 --> Undefined variable: user
#0 C:\xampp\htdocs\lpmu-web\app\Views\admin\TambahSetRkat.php(176): CodeIgniter\Debug\Exceptions->errorHandler(8, 'Undefined varia...', 'C:\\xampp\\htdocs...', 176, Array)
#1 C:\xampp\htdocs\lpmu-web\vendor\codeigniter4\framework\system\View\View.php(230): include('C:\\xampp\\htdocs...')
#2 C:\xampp\htdocs\lpmu-web\vendor\codeigniter4\framework\system\View\View.php(232): CodeIgniter\View\View->CodeIgniter\View\{closure}()
#3 C:\xampp\htdocs\lpmu-web\vendor\codeigniter4\framework\system\Common.php(1271): CodeIgniter\View\View->render('admin/TambahSet...', Array, true)
#4 C:\xampp\htdocs\lpmu-web\app\Controllers\SetRkat.php(21): view('admin/TambahSet...')
#5 C:\xampp\htdocs\lpmu-web\vendor\codeigniter4\framework\system\CodeIgniter.php(928): App\Controllers\SetRkat->create()
#6 C:\xampp\htdocs\lpmu-web\vendor\codeigniter4\framework\system\CodeIgniter.php(436): CodeIgniter\CodeIgniter->runController(Object(App\Controllers\SetRkat))
#7 C:\xampp\htdocs\lpmu-web\vendor\codeigniter4\framework\system\CodeIgniter.php(336): CodeIgniter\CodeIgniter->handleRequest(NULL, Object(Config\Cache), false)
#8 C:\xampp\htdocs\lpmu-web\public\index.php(37): CodeIgniter\CodeIgniter->run()
#9 C:\xampp\htdocs\lpmu-web\vendor\codeigniter4\framework\system\Commands\Server\rewrite.php(45): require_once('C:\\xampp\\htdocs...')
#10 {main}
CRITICAL - 2021-08-10 00:04:07 --> Undefined variable: user
#0 C:\xampp\htdocs\lpmu-web\app\Views\admin\TambahSetRkat.php(176): CodeIgniter\Debug\Exceptions->errorHandler(8, 'Undefined varia...', 'C:\\xampp\\htdocs...', 176, Array)
#1 C:\xampp\htdocs\lpmu-web\vendor\codeigniter4\framework\system\View\View.php(230): include('C:\\xampp\\htdocs...')
#2 C:\xampp\htdocs\lpmu-web\vendor\codeigniter4\framework\system\View\View.php(232): CodeIgniter\View\View->CodeIgniter\View\{closure}()
#3 C:\xampp\htdocs\lpmu-web\vendor\codeigniter4\framework\system\Common.php(1271): CodeIgniter\View\View->render('admin/TambahSet...', Array, true)
#4 C:\xampp\htdocs\lpmu-web\app\Controllers\SetRkat.php(25): view('admin/TambahSet...')
#5 C:\xampp\htdocs\lpmu-web\vendor\codeigniter4\framework\system\CodeIgniter.php(928): App\Controllers\SetRkat->create()
#6 C:\xampp\htdocs\lpmu-web\vendor\codeigniter4\framework\system\CodeIgniter.php(436): CodeIgniter\CodeIgniter->runController(Object(App\Controllers\SetRkat))
#7 C:\xampp\htdocs\lpmu-web\vendor\codeigniter4\framework\system\CodeIgniter.php(336): CodeIgniter\CodeIgniter->handleRequest(NULL, Object(Config\Cache), false)
#8 C:\xampp\htdocs\lpmu-web\public\index.php(37): CodeIgniter\CodeIgniter->run()
#9 C:\xampp\htdocs\lpmu-web\vendor\codeigniter4\framework\system\Commands\Server\rewrite.php(45): require_once('C:\\xampp\\htdocs...')
#10 {main}
CRITICAL - 2021-08-10 00:05:26 --> syntax error, unexpected ',', expecting ']'
#0 C:\xampp\htdocs\lpmu-web\vendor\codeigniter4\framework\system\Router\Router.php(169): CodeIgniter\Router\Router->autoRoute('setrkat/create')
#1 C:\xampp\htdocs\lpmu-web\vendor\codeigniter4\framework\system\CodeIgniter.php(809): CodeIgniter\Router\Router->handle('setrkat/create')
#2 C:\xampp\htdocs\lpmu-web\vendor\codeigniter4\framework\system\CodeIgniter.php(389): CodeIgniter\CodeIgniter->tryToRouteIt(Object(CodeIgniter\Router\RouteCollection))
#3 C:\xampp\htdocs\lpmu-web\vendor\codeigniter4\framework\system\CodeIgniter.php(336): CodeIgniter\CodeIgniter->handleRequest(NULL, Object(Config\Cache), false)
#4 C:\xampp\htdocs\lpmu-web\public\index.php(37): CodeIgniter\CodeIgniter->run()
#5 C:\xampp\htdocs\lpmu-web\vendor\codeigniter4\framework\system\Commands\Server\rewrite.php(45): require_once('C:\\xampp\\htdocs...')
#6 {main}
CRITICAL - 2021-08-10 00:05:54 --> Undefined variable: user
#0 C:\xampp\htdocs\lpmu-web\app\Views\admin\TambahSetRkat.php(176): CodeIgniter\Debug\Exceptions->errorHandler(8, 'Undefined varia...', 'C:\\xampp\\htdocs...', 176, Array)
#1 C:\xampp\htdocs\lpmu-web\vendor\codeigniter4\framework\system\View\View.php(230): include('C:\\xampp\\htdocs...')
#2 C:\xampp\htdocs\lpmu-web\vendor\codeigniter4\framework\system\View\View.php(232): CodeIgniter\View\View->CodeIgniter\View\{closure}()
#3 C:\xampp\htdocs\lpmu-web\vendor\codeigniter4\framework\system\Common.php(1271): CodeIgniter\View\View->render('admin/TambahSet...', Array, true)
#4 C:\xampp\htdocs\lpmu-web\app\Controllers\SetRkat.php(25): view('admin/TambahSet...')
#5 C:\xampp\htdocs\lpmu-web\vendor\codeigniter4\framework\system\CodeIgniter.php(928): App\Controllers\SetRkat->create()
#6 C:\xampp\htdocs\lpmu-web\vendor\codeigniter4\framework\system\CodeIgniter.php(436): CodeIgniter\CodeIgniter->runController(Object(App\Controllers\SetRkat))
#7 C:\xampp\htdocs\lpmu-web\vendor\codeigniter4\framework\system\CodeIgniter.php(336): CodeIgniter\CodeIgniter->handleRequest(NULL, Object(Config\Cache), false)
#8 C:\xampp\htdocs\lpmu-web\public\index.php(37): CodeIgniter\CodeIgniter->run()
#9 C:\xampp\htdocs\lpmu-web\vendor\codeigniter4\framework\system\Commands\Server\rewrite.php(45): require_once('C:\\xampp\\htdocs...')
#10 {main}
ERROR - 2021-08-10 00:14:23 --> Column 'nama_kegiatan' cannot be null
CRITICAL - 2021-08-10 00:14:23 --> Column 'nama_kegiatan' cannot be null
#0 C:\xampp\htdocs\lpmu-web\vendor\codeigniter4\framework\system\Database\MySQLi\Connection.php(329): mysqli->query('INSERT INTO `de...')
#1 C:\xampp\htdocs\lpmu-web\vendor\codeigniter4\framework\system\Database\BaseConnection.php(732): CodeIgniter\Database\MySQLi\Connection->execute('INSERT INTO `de...')
#2 C:\xampp\htdocs\lpmu-web\vendor\codeigniter4\framework\system\Database\BaseConnection.php(647): CodeIgniter\Database\BaseConnection->simpleQuery('INSERT INTO `de...')
#3 C:\xampp\htdocs\lpmu-web\vendor\codeigniter4\framework\system\Database\BaseBuilder.php(2277): CodeIgniter\Database\BaseConnection->query('INSERT INTO `de...', Array, false)
#4 C:\xampp\htdocs\lpmu-web\vendor\codeigniter4\framework\system\Model.php(259): CodeIgniter\Database\BaseBuilder->insert()
#5 C:\xampp\htdocs\lpmu-web\vendor\codeigniter4\framework\system\BaseModel.php(774): CodeIgniter\Model->doInsert(Array)
#6 C:\xampp\htdocs\lpmu-web\vendor\codeigniter4\framework\system\Model.php(686): CodeIgniter\BaseModel->insert(Array, false)
#7 C:\xampp\htdocs\lpmu-web\vendor\codeigniter4\framework\system\BaseModel.php(687): CodeIgniter\Model->insert(Array, false)
#8 C:\xampp\htdocs\lpmu-web\app\Controllers\Rkat.php(95): CodeIgniter\BaseModel->save(Array)
#9 C:\xampp\htdocs\lpmu-web\vendor\codeigniter4\framework\system\CodeIgniter.php(928): App\Controllers\Rkat->seve()
#10 C:\xampp\htdocs\lpmu-web\vendor\codeigniter4\framework\system\CodeIgniter.php(436): CodeIgniter\CodeIgniter->runController(Object(App\Controllers\Rkat))
#11 C:\xampp\htdocs\lpmu-web\vendor\codeigniter4\framework\system\CodeIgniter.php(336): CodeIgniter\CodeIgniter->handleRequest(NULL, Object(Config\Cache), false)
#12 C:\xampp\htdocs\lpmu-web\public\index.php(37): CodeIgniter\CodeIgniter->run()
#13 C:\xampp\htdocs\lpmu-web\vendor\codeigniter4\framework\system\Commands\Server\rewrite.php(45): require_once('C:\\xampp\\htdocs...')
#14 {main}
CRITICAL - 2021-08-10 00:16:24 --> Invalid file: setrkat/form.php
#0 C:\xampp\htdocs\lpmu-web\vendor\codeigniter4\framework\system\View\View.php(213): CodeIgniter\Exceptions\FrameworkException::forInvalidFile('setrkat/form.ph...')
#1 C:\xampp\htdocs\lpmu-web\vendor\codeigniter4\framework\system\Common.php(1271): CodeIgniter\View\View->render('setrkat/form', Array, true)
#2 C:\xampp\htdocs\lpmu-web\app\Controllers\SetRkat.php(16): view('setrkat/form', Array)
#3 C:\xampp\htdocs\lpmu-web\vendor\codeigniter4\framework\system\CodeIgniter.php(928): App\Controllers\SetRkat->index()
#4 C:\xampp\htdocs\lpmu-web\vendor\codeigniter4\framework\system\CodeIgniter.php(436): CodeIgniter\CodeIgniter->runController(Object(App\Controllers\SetRkat))
#5 C:\xampp\htdocs\lpmu-web\vendor\codeigniter4\framework\system\CodeIgniter.php(336): CodeIgniter\CodeIgniter->handleRequest(NULL, Object(Config\Cache), false)
#6 C:\xampp\htdocs\lpmu-web\public\index.php(37): CodeIgniter\CodeIgniter->run()
#7 C:\xampp\htdocs\lpmu-web\vendor\codeigniter4\framework\system\Commands\Server\rewrite.php(45): require_once('C:\\xampp\\htdocs...')
#8 {main}
CRITICAL - 2021-08-10 00:16:56 --> Invalid file: setrkat/create.php
#0 C:\xampp\htdocs\lpmu-web\vendor\codeigniter4\framework\system\View\View.php(213): CodeIgniter\Exceptions\FrameworkException::forInvalidFile('setrkat/create....')
#1 C:\xampp\htdocs\lpmu-web\vendor\codeigniter4\framework\system\Common.php(1271): CodeIgniter\View\View->render('setrkat/create', Array, true)
#2 C:\xampp\htdocs\lpmu-web\app\Controllers\SetRkat.php(16): view('setrkat/create', Array)
#3 C:\xampp\htdocs\lpmu-web\vendor\codeigniter4\framework\system\CodeIgniter.php(928): App\Controllers\SetRkat->index()
#4 C:\xampp\htdocs\lpmu-web\vendor\codeigniter4\framework\system\CodeIgniter.php(436): CodeIgniter\CodeIgniter->runController(Object(App\Controllers\SetRkat))
#5 C:\xampp\htdocs\lpmu-web\vendor\codeigniter4\framework\system\CodeIgniter.php(336): CodeIgniter\CodeIgniter->handleRequest(NULL, Object(Config\Cache), false)
#6 C:\xampp\htdocs\lpmu-web\public\index.php(37): CodeIgniter\CodeIgniter->run()
#7 C:\xampp\htdocs\lpmu-web\vendor\codeigniter4\framework\system\Commands\Server\rewrite.php(45): require_once('C:\\xampp\\htdocs...')
#8 {main}
ERROR - 2021-08-10 00:17:15 --> Duplicate entry '0' for key 'PRIMARY'
CRITICAL - 2021-08-10 00:17:15 --> Duplicate entry '0' for key 'PRIMARY'
#0 C:\xampp\htdocs\lpmu-web\vendor\codeigniter4\framework\system\Database\MySQLi\Connection.php(329): mysqli->query('INSERT INTO `se...')
#1 C:\xampp\htdocs\lpmu-web\vendor\codeigniter4\framework\system\Database\BaseConnection.php(732): CodeIgniter\Database\MySQLi\Connection->execute('INSERT INTO `se...')
#2 C:\xampp\htdocs\lpmu-web\vendor\codeigniter4\framework\system\Database\BaseConnection.php(647): CodeIgniter\Database\BaseConnection->simpleQuery('INSERT INTO `se...')
#3 C:\xampp\htdocs\lpmu-web\vendor\codeigniter4\framework\system\Database\BaseBuilder.php(2277): CodeIgniter\Database\BaseConnection->query('INSERT INTO `se...', Array, false)
#4 C:\xampp\htdocs\lpmu-web\vendor\codeigniter4\framework\system\Model.php(259): CodeIgniter\Database\BaseBuilder->insert()
#5 C:\xampp\htdocs\lpmu-web\vendor\codeigniter4\framework\system\BaseModel.php(774): CodeIgniter\Model->doInsert(Array)
#6 C:\xampp\htdocs\lpmu-web\vendor\codeigniter4\framework\system\Model.php(686): CodeIgniter\BaseModel->insert(Array, false)
#7 C:\xampp\htdocs\lpmu-web\vendor\codeigniter4\framework\system\BaseModel.php(687): CodeIgniter\Model->insert(Array, false)
#8 C:\xampp\htdocs\lpmu-web\app\Controllers\SetRkat.php(33): CodeIgniter\BaseModel->save(Array)
#9 C:\xampp\htdocs\lpmu-web\vendor\codeigniter4\framework\system\CodeIgniter.php(928): App\Controllers\SetRkat->store()
#10 C:\xampp\htdocs\lpmu-web\vendor\codeigniter4\framework\system\CodeIgniter.php(436): CodeIgniter\CodeIgniter->runController(Object(App\Controllers\SetRkat))
#11 C:\xampp\htdocs\lpmu-web\vendor\codeigniter4\framework\system\CodeIgniter.php(336): CodeIgniter\CodeIgniter->handleRequest(NULL, Object(Config\Cache), false)
#12 C:\xampp\htdocs\lpmu-web\public\index.php(37): CodeIgniter\CodeIgniter->run()
#13 C:\xampp\htdocs\lpmu-web\vendor\codeigniter4\framework\system\Commands\Server\rewrite.php(45): require_once('C:\\xampp\\htdocs...')
#14 {main}
ERROR - 2021-08-10 00:20:24 --> Duplicate entry '0' for key 'PRIMARY'
CRITICAL - 2021-08-10 00:20:24 --> Duplicate entry '0' for key 'PRIMARY'
#0 C:\xampp\htdocs\lpmu-web\vendor\codeigniter4\framework\system\Database\MySQLi\Connection.php(329): mysqli->query('INSERT INTO `se...')
#1 C:\xampp\htdocs\lpmu-web\vendor\codeigniter4\framework\system\Database\BaseConnection.php(732): CodeIgniter\Database\MySQLi\Connection->execute('INSERT INTO `se...')
#2 C:\xampp\htdocs\lpmu-web\vendor\codeigniter4\framework\system\Database\BaseConnection.php(647): CodeIgniter\Database\BaseConnection->simpleQuery('INSERT INTO `se...')
#3 C:\xampp\htdocs\lpmu-web\vendor\codeigniter4\framework\system\Database\BaseBuilder.php(2277): CodeIgniter\Database\BaseConnection->query('INSERT INTO `se...', Array, false)
#4 C:\xampp\htdocs\lpmu-web\vendor\codeigniter4\framework\system\Model.php(259): CodeIgniter\Database\BaseBuilder->insert()
#5 C:\xampp\htdocs\lpmu-web\vendor\codeigniter4\framework\system\BaseModel.php(774): CodeIgniter\Model->doInsert(Array)
#6 C:\xampp\htdocs\lpmu-web\vendor\codeigniter4\framework\system\Model.php(686): CodeIgniter\BaseModel->insert(Array, false)
#7 C:\xampp\htdocs\lpmu-web\vendor\codeigniter4\framework\system\BaseModel.php(687): CodeIgniter\Model->insert(Array, false)
#8 C:\xampp\htdocs\lpmu-web\app\Controllers\SetRkat.php(33): CodeIgniter\BaseModel->save(Array)
#9 C:\xampp\htdocs\lpmu-web\vendor\codeigniter4\framework\system\CodeIgniter.php(928): App\Controllers\SetRkat->store()
#10 C:\xampp\htdocs\lpmu-web\vendor\codeigniter4\framework\system\CodeIgniter.php(436): CodeIgniter\CodeIgniter->runController(Object(App\Controllers\SetRkat))
#11 C:\xampp\htdocs\lpmu-web\vendor\codeigniter4\framework\system\CodeIgniter.php(336): CodeIgniter\CodeIgniter->handleRequest(NULL, Object(Config\Cache), false)
#12 C:\xampp\htdocs\lpmu-web\public\index.php(37): CodeIgniter\CodeIgniter->run()
#13 C:\xampp\htdocs\lpmu-web\vendor\codeigniter4\framework\system\Commands\Server\rewrite.php(45): require_once('C:\\xampp\\htdocs...')
#14 {main}
ERROR - 2021-08-10 00:20:46 --> Duplicate entry '0' for key 'PRIMARY'
CRITICAL - 2021-08-10 00:20:46 --> Duplicate entry '0' for key 'PRIMARY'
#0 C:\xampp\htdocs\lpmu-web\vendor\codeigniter4\framework\system\Database\MySQLi\Connection.php(329): mysqli->query('INSERT INTO `se...')
#1 C:\xampp\htdocs\lpmu-web\vendor\codeigniter4\framework\system\Database\BaseConnection.php(732): CodeIgniter\Database\MySQLi\Connection->execute('INSERT INTO `se...')
#2 C:\xampp\htdocs\lpmu-web\vendor\codeigniter4\framework\system\Database\BaseConnection.php(647): CodeIgniter\Database\BaseConnection->simpleQuery('INSERT INTO `se...')
#3 C:\xampp\htdocs\lpmu-web\vendor\codeigniter4\framework\system\Database\BaseBuilder.php(2277): CodeIgniter\Database\BaseConnection->query('INSERT INTO `se...', Array, false)
#4 C:\xampp\htdocs\lpmu-web\vendor\codeigniter4\framework\system\Model.php(259): CodeIgniter\Database\BaseBuilder->insert()
#5 C:\xampp\htdocs\lpmu-web\vendor\codeigniter4\framework\system\BaseModel.php(774): CodeIgniter\Model->doInsert(Array)
#6 C:\xampp\htdocs\lpmu-web\vendor\codeigniter4\framework\system\Model.php(686): CodeIgniter\BaseModel->insert(Array, false)
#7 C:\xampp\htdocs\lpmu-web\vendor\codeigniter4\framework\system\BaseModel.php(687): CodeIgniter\Model->insert(Array, false)
#8 C:\xampp\htdocs\lpmu-web\app\Controllers\SetRkat.php(33): CodeIgniter\BaseModel->save(Array)
#9 C:\xampp\htdocs\lpmu-web\vendor\codeigniter4\framework\system\CodeIgniter.php(928): App\Controllers\SetRkat->store()
#10 C:\xampp\htdocs\lpmu-web\vendor\codeigniter4\framework\system\CodeIgniter.php(436): CodeIgniter\CodeIgniter->runController(Object(App\Controllers\SetRkat))
#11 C:\xampp\htdocs\lpmu-web\vendor\codeigniter4\framework\system\CodeIgniter.php(336): CodeIgniter\CodeIgniter->handleRequest(NULL, Object(Config\Cache), false)
#12 C:\xampp\htdocs\lpmu-web\public\index.php(37): CodeIgniter\CodeIgniter->run()
#13 C:\xampp\htdocs\lpmu-web\vendor\codeigniter4\framework\system\Commands\Server\rewrite.php(45): require_once('C:\\xampp\\htdocs...')
#14 {main}
ERROR - 2021-08-10 00:21:24 --> Duplicate entry '0' for key 'PRIMARY'
CRITICAL - 2021-08-10 00:21:24 --> Duplicate entry '0' for key 'PRIMARY'
#0 C:\xampp\htdocs\lpmu-web\vendor\codeigniter4\framework\system\Database\MySQLi\Connection.php(329): mysqli->query('INSERT INTO `se...')
#1 C:\xampp\htdocs\lpmu-web\vendor\codeigniter4\framework\system\Database\BaseConnection.php(732): CodeIgniter\Database\MySQLi\Connection->execute('INSERT INTO `se...')
#2 C:\xampp\htdocs\lpmu-web\vendor\codeigniter4\framework\system\Database\BaseConnection.php(647): CodeIgniter\Database\BaseConnection->simpleQuery('INSERT INTO `se...')
#3 C:\xampp\htdocs\lpmu-web\vendor\codeigniter4\framework\system\Database\BaseBuilder.php(2277): CodeIgniter\Database\BaseConnection->query('INSERT INTO `se...', Array, false)
#4 C:\xampp\htdocs\lpmu-web\vendor\codeigniter4\framework\system\Model.php(259): CodeIgniter\Database\BaseBuilder->insert()
#5 C:\xampp\htdocs\lpmu-web\vendor\codeigniter4\framework\system\BaseModel.php(774): CodeIgniter\Model->doInsert(Array)
#6 C:\xampp\htdocs\lpmu-web\vendor\codeigniter4\framework\system\Model.php(686): CodeIgniter\BaseModel->insert(Array, false)
#7 C:\xampp\htdocs\lpmu-web\vendor\codeigniter4\framework\system\BaseModel.php(687): CodeIgniter\Model->insert(Array, false)
#8 C:\xampp\htdocs\lpmu-web\app\Controllers\SetRkat.php(33): CodeIgniter\BaseModel->save(Array)
#9 C:\xampp\htdocs\lpmu-web\vendor\codeigniter4\framework\system\CodeIgniter.php(928): App\Controllers\SetRkat->store()
#10 C:\xampp\htdocs\lpmu-web\vendor\codeigniter4\framework\system\CodeIgniter.php(436): CodeIgniter\CodeIgniter->runController(Object(App\Controllers\SetRkat))
#11 C:\xampp\htdocs\lpmu-web\vendor\codeigniter4\framework\system\CodeIgniter.php(336): CodeIgniter\CodeIgniter->handleRequest(NULL, Object(Config\Cache), false)
#12 C:\xampp\htdocs\lpmu-web\public\index.php(37): CodeIgniter\CodeIgniter->run()
#13 C:\xampp\htdocs\lpmu-web\vendor\codeigniter4\framework\system\Commands\Server\rewrite.php(45): require_once('C:\\xampp\\htdocs...')
#14 {main}
CRITICAL - 2021-08-10 00:27:29 --> Invalid file: setrkat/create.php
#0 C:\xampp\htdocs\lpmu-web\vendor\codeigniter4\framework\system\View\View.php(213): CodeIgniter\Exceptions\FrameworkException::forInvalidFile('setrkat/create....')
#1 C:\xampp\htdocs\lpmu-web\vendor\codeigniter4\framework\system\Common.php(1271): CodeIgniter\View\View->render('setrkat/create', Array, true)
#2 C:\xampp\htdocs\lpmu-web\app\Controllers\SetRkat.php(16): view('setrkat/create', Array)
#3 C:\xampp\htdocs\lpmu-web\vendor\codeigniter4\framework\system\CodeIgniter.php(928): App\Controllers\SetRkat->index()
#4 C:\xampp\htdocs\lpmu-web\vendor\codeigniter4\framework\system\CodeIgniter.php(436): CodeIgniter\CodeIgniter->runController(Object(App\Controllers\SetRkat))
#5 C:\xampp\htdocs\lpmu-web\vendor\codeigniter4\framework\system\CodeIgniter.php(336): CodeIgniter\CodeIgniter->handleRequest(NULL, Object(Config\Cache), false)
#6 C:\xampp\htdocs\lpmu-web\public\index.php(37): CodeIgniter\CodeIgniter->run()
#7 C:\xampp\htdocs\lpmu-web\vendor\codeigniter4\framework\system\Commands\Server\rewrite.php(45): require_once('C:\\xampp\\htdocs...')
#8 {main}
CRITICAL - 2021-08-10 00:35:27 --> Invalid file: setrkat/create.php
#0 C:\xampp\htdocs\lpmu-web\vendor\codeigniter4\framework\system\View\View.php(213): CodeIgniter\Exceptions\FrameworkException::forInvalidFile('setrkat/create....')
#1 C:\xampp\htdocs\lpmu-web\vendor\codeigniter4\framework\system\Common.php(1271): CodeIgniter\View\View->render('setrkat/create', Array, true)
#2 C:\xampp\htdocs\lpmu-web\app\Controllers\SetRkat.php(16): view('setrkat/create', Array)
#3 C:\xampp\htdocs\lpmu-web\vendor\codeigniter4\framework\system\CodeIgniter.php(928): App\Controllers\SetRkat->index()
#4 C:\xampp\htdocs\lpmu-web\vendor\codeigniter4\framework\system\CodeIgniter.php(436): CodeIgniter\CodeIgniter->runController(Object(App\Controllers\SetRkat))
#5 C:\xampp\htdocs\lpmu-web\vendor\codeigniter4\framework\system\CodeIgniter.php(336): CodeIgniter\CodeIgniter->handleRequest(NULL, Object(Config\Cache), false)
#6 C:\xampp\htdocs\lpmu-web\public\index.php(37): CodeIgniter\CodeIgniter->run()
#7 C:\xampp\htdocs\lpmu-web\vendor\codeigniter4\framework\system\Commands\Server\rewrite.php(45): require_once('C:\\xampp\\htdocs...')
#8 {main}
CRITICAL - 2021-08-10 00:55:48 --> Undefined index: username
#0 C:\xampp\htdocs\lpmu-web\app\Views\admin\ListSetRkat.php(176): CodeIgniter\Debug\Exceptions->errorHandler(8, 'Undefined index...', 'C:\\xampp\\htdocs...', 176, Array)
#1 C:\xampp\htdocs\lpmu-web\vendor\codeigniter4\framework\system\View\View.php(230): include('C:\\xampp\\htdocs...')
#2 C:\xampp\htdocs\lpmu-web\vendor\codeigniter4\framework\system\View\View.php(232): CodeIgniter\View\View->CodeIgniter\View\{closure}()
#3 C:\xampp\htdocs\lpmu-web\vendor\codeigniter4\framework\system\Common.php(1271): CodeIgniter\View\View->render('admin/ListSetRk...', Array, true)
#4 C:\xampp\htdocs\lpmu-web\app\Controllers\SetRkat.php(16): view('admin/ListSetRk...', Array)
#5 C:\xampp\htdocs\lpmu-web\vendor\codeigniter4\framework\system\CodeIgniter.php(928): App\Controllers\SetRkat->index()
#6 C:\xampp\htdocs\lpmu-web\vendor\codeigniter4\framework\system\CodeIgniter.php(436): CodeIgniter\CodeIgniter->runController(Object(App\Controllers\SetRkat))
#7 C:\xampp\htdocs\lpmu-web\vendor\codeigniter4\framework\system\CodeIgniter.php(336): CodeIgniter\CodeIgniter->handleRequest(NULL, Object(Config\Cache), false)
#8 C:\xampp\htdocs\lpmu-web\public\index.php(37): CodeIgniter\CodeIgniter->run()
#9 C:\xampp\htdocs\lpmu-web\vendor\codeigniter4\framework\system\Commands\Server\rewrite.php(45): require_once('C:\\xampp\\htdocs...')
#10 {main}
CRITICAL - 2021-08-10 01:26:31 --> Undefined index: id
#0 C:\xampp\htdocs\lpmu-web\app\Views\admin\ListSetRkat.php(178): CodeIgniter\Debug\Exceptions->errorHandler(8, 'Undefined index...', 'C:\\xampp\\htdocs...', 178, Array)
#1 C:\xampp\htdocs\lpmu-web\vendor\codeigniter4\framework\system\View\View.php(230): include('C:\\xampp\\htdocs...')
#2 C:\xampp\htdocs\lpmu-web\vendor\codeigniter4\framework\system\View\View.php(232): CodeIgniter\View\View->CodeIgniter\View\{closure}()
#3 C:\xampp\htdocs\lpmu-web\vendor\codeigniter4\framework\system\Common.php(1271): CodeIgniter\View\View->render('admin/ListSetRk...', Array, true)
#4 C:\xampp\htdocs\lpmu-web\app\Controllers\SetRkat.php(16): view('admin/ListSetRk...', Array)
#5 C:\xampp\htdocs\lpmu-web\vendor\codeigniter4\framework\system\CodeIgniter.php(928): App\Controllers\SetRkat->index()
#6 C:\xampp\htdocs\lpmu-web\vendor\codeigniter4\framework\system\CodeIgniter.php(436): CodeIgniter\CodeIgniter->runController(Object(App\Controllers\SetRkat))
#7 C:\xampp\htdocs\lpmu-web\vendor\codeigniter4\framework\system\CodeIgniter.php(336): CodeIgniter\CodeIgniter->handleRequest(NULL, Object(Config\Cache), false)
#8 C:\xampp\htdocs\lpmu-web\public\index.php(37): CodeIgniter\CodeIgniter->run()
#9 C:\xampp\htdocs\lpmu-web\vendor\codeigniter4\framework\system\Commands\Server\rewrite.php(45): require_once('C:\\xampp\\htdocs...')
#10 {main}
CRITICAL - 2021-08-10 01:26:56 --> Undefined index: id
#0 C:\xampp\htdocs\lpmu-web\app\Views\admin\ListSetRkat.php(178): CodeIgniter\Debug\Exceptions->errorHandler(8, 'Undefined index...', 'C:\\xampp\\htdocs...', 178, Array)
#1 C:\xampp\htdocs\lpmu-web\vendor\codeigniter4\framework\system\View\View.php(230): include('C:\\xampp\\htdocs...')
#2 C:\xampp\htdocs\lpmu-web\vendor\codeigniter4\framework\system\View\View.php(232): CodeIgniter\View\View->CodeIgniter\View\{closure}()
#3 C:\xampp\htdocs\lpmu-web\vendor\codeigniter4\framework\system\Common.php(1271): CodeIgniter\View\View->render('admin/ListSetRk...', Array, true)
#4 C:\xampp\htdocs\lpmu-web\app\Controllers\SetRkat.php(16): view('admin/ListSetRk...', Array)
#5 C:\xampp\htdocs\lpmu-web\vendor\codeigniter4\framework\system\CodeIgniter.php(928): App\Controllers\SetRkat->index()
#6 C:\xampp\htdocs\lpmu-web\vendor\codeigniter4\framework\system\CodeIgniter.php(436): CodeIgniter\CodeIgniter->runController(Object(App\Controllers\SetRkat))
#7 C:\xampp\htdocs\lpmu-web\vendor\codeigniter4\framework\system\CodeIgniter.php(336): CodeIgniter\CodeIgniter->handleRequest(NULL, Object(Config\Cache), false)
#8 C:\xampp\htdocs\lpmu-web\public\index.php(37): CodeIgniter\CodeIgniter->run()
#9 C:\xampp\htdocs\lpmu-web\vendor\codeigniter4\framework\system\Commands\Server\rewrite.php(45): require_once('C:\\xampp\\htdocs...')
#10 {main}
CRITICAL - 2021-08-10 01:28:04 --> Class 'App\Controllers\AuthModel' not found
#0 C:\xampp\htdocs\lpmu-web\vendor\codeigniter4\framework\system\CodeIgniter.php(928): App\Controllers\SetRkat->index()
#1 C:\xampp\htdocs\lpmu-web\vendor\codeigniter4\framework\system\CodeIgniter.php(436): CodeIgniter\CodeIgniter->runController(Object(App\Controllers\SetRkat))
#2 C:\xampp\htdocs\lpmu-web\vendor\codeigniter4\framework\system\CodeIgniter.php(336): CodeIgniter\CodeIgniter->handleRequest(NULL, Object(Config\Cache), false)
#3 C:\xampp\htdocs\lpmu-web\public\index.php(37): CodeIgniter\CodeIgniter->run()
#4 C:\xampp\htdocs\lpmu-web\vendor\codeigniter4\framework\system\Commands\Server\rewrite.php(45): require_once('C:\\xampp\\htdocs...')
#5 {main}
CRITICAL - 2021-08-10 01:28:26 --> You must set the database table to be used with your query.
#0 C:\xampp\htdocs\lpmu-web\vendor\codeigniter4\framework\system\Model.php(602): CodeIgniter\Database\BaseConnection->table(NULL)
#1 C:\xampp\htdocs\lpmu-web\vendor\codeigniter4\framework\system\Model.php(798): CodeIgniter\Model->builder()
#2 C:\xampp\htdocs\lpmu-web\app\Controllers\SetRkat.php(17): CodeIgniter\Model->__call('orderBy', Array)
#3 C:\xampp\htdocs\lpmu-web\vendor\codeigniter4\framework\system\CodeIgniter.php(928): App\Controllers\SetRkat->index()
#4 C:\xampp\htdocs\lpmu-web\vendor\codeigniter4\framework\system\CodeIgniter.php(436): CodeIgniter\CodeIgniter->runController(Object(App\Controllers\SetRkat))
#5 C:\xampp\htdocs\lpmu-web\vendor\codeigniter4\framework\system\CodeIgniter.php(336): CodeIgniter\CodeIgniter->handleRequest(NULL, Object(Config\Cache), false)
#6 C:\xampp\htdocs\lpmu-web\public\index.php(37): CodeIgniter\CodeIgniter->run()
#7 C:\xampp\htdocs\lpmu-web\vendor\codeigniter4\framework\system\Commands\Server\rewrite.php(45): require_once('C:\\xampp\\htdocs...')
#8 {main}
CRITICAL - 2021-08-10 01:29:25 --> You must set the database table to be used with your query.
#0 C:\xampp\htdocs\lpmu-web\vendor\codeigniter4\framework\system\Model.php(602): CodeIgniter\Database\BaseConnection->table(NULL)
#1 C:\xampp\htdocs\lpmu-web\vendor\codeigniter4\framework\system\Model.php(798): CodeIgniter\Model->builder()
#2 C:\xampp\htdocs\lpmu-web\app\Controllers\SetRkat.php(18): CodeIgniter\Model->__call('orderBy', Array)
#3 C:\xampp\htdocs\lpmu-web\vendor\codeigniter4\framework\system\CodeIgniter.php(928): App\Controllers\SetRkat->index()
#4 C:\xampp\htdocs\lpmu-web\vendor\codeigniter4\framework\system\CodeIgniter.php(436): CodeIgniter\CodeIgniter->runController(Object(App\Controllers\SetRkat))
#5 C:\xampp\htdocs\lpmu-web\vendor\codeigniter4\framework\system\CodeIgniter.php(336): CodeIgniter\CodeIgniter->handleRequest(NULL, Object(Config\Cache), false)
#6 C:\xampp\htdocs\lpmu-web\public\index.php(37): CodeIgniter\CodeIgniter->run()
#7 C:\xampp\htdocs\lpmu-web\vendor\codeigniter4\framework\system\Commands\Server\rewrite.php(45): require_once('C:\\xampp\\htdocs...')
#8 {main}
CRITICAL - 2021-08-10 01:55:59 --> Undefined variable: user
#0 C:\xampp\htdocs\lpmu-web\app\Views\rkat\form.php(141): CodeIgniter\Debug\Exceptions->errorHandler(8, 'Undefined varia...', 'C:\\xampp\\htdocs...', 141, Array)
#1 C:\xampp\htdocs\lpmu-web\vendor\codeigniter4\framework\system\View\View.php(230): include('C:\\xampp\\htdocs...')
#2 C:\xampp\htdocs\lpmu-web\vendor\codeigniter4\framework\system\View\View.php(232): CodeIgniter\View\View->CodeIgniter\View\{closure}()
#3 C:\xampp\htdocs\lpmu-web\vendor\codeigniter4\framework\system\Common.php(1271): CodeIgniter\View\View->render('rkat/form', Array, true)
#4 C:\xampp\htdocs\lpmu-web\app\Controllers\SetRkat.php(87): view('rkat/form')
#5 C:\xampp\htdocs\lpmu-web\vendor\codeigniter4\framework\system\CodeIgniter.php(928): App\Controllers\SetRkat->createbyuser()
#6 C:\xampp\htdocs\lpmu-web\vendor\codeigniter4\framework\system\CodeIgniter.php(436): CodeIgniter\CodeIgniter->runController(Object(App\Controllers\SetRkat))
#7 C:\xampp\htdocs\lpmu-web\vendor\codeigniter4\framework\system\CodeIgniter.php(336): CodeIgniter\CodeIgniter->handleRequest(NULL, Object(Config\Cache), false)
#8 C:\xampp\htdocs\lpmu-web\public\index.php(37): CodeIgniter\CodeIgniter->run()
#9 C:\xampp\htdocs\lpmu-web\vendor\codeigniter4\framework\system\Commands\Server\rewrite.php(45): require_once('C:\\xampp\\htdocs...')
#10 {main}
CRITICAL - 2021-08-10 01:56:43 --> Undefined variable: setrkat
#0 C:\xampp\htdocs\lpmu-web\app\Views\rkat\form.php(141): CodeIgniter\Debug\Exceptions->errorHandler(8, 'Undefined varia...', 'C:\\xampp\\htdocs...', 141, Array)
#1 C:\xampp\htdocs\lpmu-web\vendor\codeigniter4\framework\system\View\View.php(230): include('C:\\xampp\\htdocs...')
#2 C:\xampp\htdocs\lpmu-web\vendor\codeigniter4\framework\system\View\View.php(232): CodeIgniter\View\View->CodeIgniter\View\{closure}()
#3 C:\xampp\htdocs\lpmu-web\vendor\codeigniter4\framework\system\Common.php(1271): CodeIgniter\View\View->render('rkat/form', Array, true)
#4 C:\xampp\htdocs\lpmu-web\app\Controllers\SetRkat.php(87): view('rkat/form')
#5 C:\xampp\htdocs\lpmu-web\vendor\codeigniter4\framework\system\CodeIgniter.php(928): App\Controllers\SetRkat->createbyuser()
#6 C:\xampp\htdocs\lpmu-web\vendor\codeigniter4\framework\system\CodeIgniter.php(436): CodeIgniter\CodeIgniter->runController(Object(App\Controllers\SetRkat))
#7 C:\xampp\htdocs\lpmu-web\vendor\codeigniter4\framework\system\CodeIgniter.php(336): CodeIgniter\CodeIgniter->handleRequest(NULL, Object(Config\Cache), false)
#8 C:\xampp\htdocs\lpmu-web\public\index.php(37): CodeIgniter\CodeIgniter->run()
#9 C:\xampp\htdocs\lpmu-web\vendor\codeigniter4\framework\system\Commands\Server\rewrite.php(45): require_once('C:\\xampp\\htdocs...')
#10 {main}
CRITICAL - 2021-08-10 01:58:06 --> Undefined variable: setrkat
#0 C:\xampp\htdocs\lpmu-web\app\Views\rkat\form.php(141): CodeIgniter\Debug\Exceptions->errorHandler(8, 'Undefined varia...', 'C:\\xampp\\htdocs...', 141, Array)
#1 C:\xampp\htdocs\lpmu-web\vendor\codeigniter4\framework\system\View\View.php(230): include('C:\\xampp\\htdocs...')
#2 C:\xampp\htdocs\lpmu-web\vendor\codeigniter4\framework\system\View\View.php(232): CodeIgniter\View\View->CodeIgniter\View\{closure}()
#3 C:\xampp\htdocs\lpmu-web\vendor\codeigniter4\framework\system\Common.php(1271): CodeIgniter\View\View->render('rkat/form', Array, true)
#4 C:\xampp\htdocs\lpmu-web\app\Controllers\SetRkat.php(87): view('rkat/form')
#5 C:\xampp\htdocs\lpmu-web\vendor\codeigniter4\framework\system\CodeIgniter.php(928): App\Controllers\SetRkat->createbyuser()
#6 C:\xampp\htdocs\lpmu-web\vendor\codeigniter4\framework\system\CodeIgniter.php(436): CodeIgniter\CodeIgniter->runController(Object(App\Controllers\SetRkat))
#7 C:\xampp\htdocs\lpmu-web\vendor\codeigniter4\framework\system\CodeIgniter.php(336): CodeIgniter\CodeIgniter->handleRequest(NULL, Object(Config\Cache), false)
#8 C:\xampp\htdocs\lpmu-web\public\index.php(37): CodeIgniter\CodeIgniter->run()
#9 C:\xampp\htdocs\lpmu-web\vendor\codeigniter4\framework\system\Commands\Server\rewrite.php(45): require_once('C:\\xampp\\htdocs...')
#10 {main}
CRITICAL - 2021-08-10 01:58:57 --> Undefined variable: setrkat
#0 C:\xampp\htdocs\lpmu-web\app\Views\rkat\form.php(141): CodeIgniter\Debug\Exceptions->errorHandler(8, 'Undefined varia...', 'C:\\xampp\\htdocs...', 141, Array)
#1 C:\xampp\htdocs\lpmu-web\vendor\codeigniter4\framework\system\View\View.php(230): include('C:\\xampp\\htdocs...')
#2 C:\xampp\htdocs\lpmu-web\vendor\codeigniter4\framework\system\View\View.php(232): CodeIgniter\View\View->CodeIgniter\View\{closure}()
#3 C:\xampp\htdocs\lpmu-web\vendor\codeigniter4\framework\system\Common.php(1271): CodeIgniter\View\View->render('rkat/form', Array, true)
#4 C:\xampp\htdocs\lpmu-web\app\Controllers\SetRkat.php(87): view('rkat/form')
#5 C:\xampp\htdocs\lpmu-web\vendor\codeigniter4\framework\system\CodeIgniter.php(928): App\Controllers\SetRkat->createbyuser()
#6 C:\xampp\htdocs\lpmu-web\vendor\codeigniter4\framework\system\CodeIgniter.php(436): CodeIgniter\CodeIgniter->runController(Object(App\Controllers\SetRkat))
#7 C:\xampp\htdocs\lpmu-web\vendor\codeigniter4\framework\system\CodeIgniter.php(336): CodeIgniter\CodeIgniter->handleRequest(NULL, Object(Config\Cache), false)
#8 C:\xampp\htdocs\lpmu-web\public\index.php(37): CodeIgniter\CodeIgniter->run()
#9 C:\xampp\htdocs\lpmu-web\vendor\codeigniter4\framework\system\Commands\Server\rewrite.php(45): require_once('C:\\xampp\\htdocs...')
#10 {main}
CRITICAL - 2021-08-10 01:59:15 --> Undefined variable: setrkat
#0 C:\xampp\htdocs\lpmu-web\app\Views\rkat\form.php(141): CodeIgniter\Debug\Exceptions->errorHandler(8, 'Undefined varia...', 'C:\\xampp\\htdocs...', 141, Array)
#1 C:\xampp\htdocs\lpmu-web\vendor\codeigniter4\framework\system\View\View.php(230): include('C:\\xampp\\htdocs...')
#2 C:\xampp\htdocs\lpmu-web\vendor\codeigniter4\framework\system\View\View.php(232): CodeIgniter\View\View->CodeIgniter\View\{closure}()
#3 C:\xampp\htdocs\lpmu-web\vendor\codeigniter4\framework\system\Common.php(1271): CodeIgniter\View\View->render('rkat/form', Array, true)
#4 C:\xampp\htdocs\lpmu-web\app\Controllers\SetRkat.php(87): view('rkat/form')
#5 C:\xampp\htdocs\lpmu-web\vendor\codeigniter4\framework\system\CodeIgniter.php(928): App\Controllers\SetRkat->createbyuser()
#6 C:\xampp\htdocs\lpmu-web\vendor\codeigniter4\framework\system\CodeIgniter.php(436): CodeIgniter\CodeIgniter->runController(Object(App\Controllers\SetRkat))
#7 C:\xampp\htdocs\lpmu-web\vendor\codeigniter4\framework\system\CodeIgniter.php(336): CodeIgniter\CodeIgniter->handleRequest(NULL, Object(Config\Cache), false)
#8 C:\xampp\htdocs\lpmu-web\public\index.php(37): CodeIgniter\CodeIgniter->run()
#9 C:\xampp\htdocs\lpmu-web\vendor\codeigniter4\framework\system\Commands\Server\rewrite.php(45): require_once('C:\\xampp\\htdocs...')
#10 {main}
CRITICAL - 2021-08-10 01:59:50 --> Undefined variable: setrkat
#0 C:\xampp\htdocs\lpmu-web\app\Views\rkat\form.php(141): CodeIgniter\Debug\Exceptions->errorHandler(8, 'Undefined varia...', 'C:\\xampp\\htdocs...', 141, Array)
#1 C:\xampp\htdocs\lpmu-web\vendor\codeigniter4\framework\system\View\View.php(230): include('C:\\xampp\\htdocs...')
#2 C:\xampp\htdocs\lpmu-web\vendor\codeigniter4\framework\system\View\View.php(232): CodeIgniter\View\View->CodeIgniter\View\{closure}()
#3 C:\xampp\htdocs\lpmu-web\vendor\codeigniter4\framework\system\Common.php(1271): CodeIgniter\View\View->render('rkat/form', Array, true)
#4 C:\xampp\htdocs\lpmu-web\app\Controllers\SetRkat.php(84): view('rkat/form')
#5 C:\xampp\htdocs\lpmu-web\vendor\codeigniter4\framework\system\CodeIgniter.php(928): App\Controllers\SetRkat->createbyuser()
#6 C:\xampp\htdocs\lpmu-web\vendor\codeigniter4\framework\system\CodeIgniter.php(436): CodeIgniter\CodeIgniter->runController(Object(App\Controllers\SetRkat))
#7 C:\xampp\htdocs\lpmu-web\vendor\codeigniter4\framework\system\CodeIgniter.php(336): CodeIgniter\CodeIgniter->handleRequest(NULL, Object(Config\Cache), false)
#8 C:\xampp\htdocs\lpmu-web\public\index.php(37): CodeIgniter\CodeIgniter->run()
#9 C:\xampp\htdocs\lpmu-web\vendor\codeigniter4\framework\system\Commands\Server\rewrite.php(45): require_once('C:\\xampp\\htdocs...')
#10 {main}
CRITICAL - 2021-08-10 02:04:20 --> Undefined variable: user
#0 C:\xampp\htdocs\lpmu-web\app\Views\admin\EditSetRkat.php(151): CodeIgniter\Debug\Exceptions->errorHandler(8, 'Undefined varia...', 'C:\\xampp\\htdocs...', 151, Array)
#1 C:\xampp\htdocs\lpmu-web\vendor\codeigniter4\framework\system\View\View.php(230): include('C:\\xampp\\htdocs...')
#2 C:\xampp\htdocs\lpmu-web\vendor\codeigniter4\framework\system\View\View.php(232): CodeIgniter\View\View->CodeIgniter\View\{closure}()
#3 C:\xampp\htdocs\lpmu-web\vendor\codeigniter4\framework\system\Common.php(1271): CodeIgniter\View\View->render('/admin/EditSetR...', Array, true)
#4 C:\xampp\htdocs\lpmu-web\app\Controllers\SetRkat.php(44): view('/admin/EditSetR...', Array)
#5 C:\xampp\htdocs\lpmu-web\vendor\codeigniter4\framework\system\CodeIgniter.php(928): App\Controllers\SetRkat->edit('3')
#6 C:\xampp\htdocs\lpmu-web\vendor\codeigniter4\framework\system\CodeIgniter.php(436): CodeIgniter\CodeIgniter->runController(Object(App\Controllers\SetRkat))
#7 C:\xampp\htdocs\lpmu-web\vendor\codeigniter4\framework\system\CodeIgniter.php(336): CodeIgniter\CodeIgniter->handleRequest(NULL, Object(Config\Cache), false)
#8 C:\xampp\htdocs\lpmu-web\public\index.php(37): CodeIgniter\CodeIgniter->run()
#9 C:\xampp\htdocs\lpmu-web\vendor\codeigniter4\framework\system\Commands\Server\rewrite.php(45): require_once('C:\\xampp\\htdocs...')
#10 {main}
CRITICAL - 2021-08-10 02:12:08 --> Undefined variable: set_rkat
#0 C:\xampp\htdocs\lpmu-web\app\Views\rkat\form.php(129): CodeIgniter\Debug\Exceptions->errorHandler(8, 'Undefined varia...', 'C:\\xampp\\htdocs...', 129, Array)
#1 C:\xampp\htdocs\lpmu-web\vendor\codeigniter4\framework\system\View\View.php(230): include('C:\\xampp\\htdocs...')
#2 C:\xampp\htdocs\lpmu-web\vendor\codeigniter4\framework\system\View\View.php(232): CodeIgniter\View\View->CodeIgniter\View\{closure}()
#3 C:\xampp\htdocs\lpmu-web\vendor\codeigniter4\framework\system\Common.php(1271): CodeIgniter\View\View->render('rkat/form', Array, true)
#4 C:\xampp\htdocs\lpmu-web\app\Controllers\SetRkat.php(84): view('rkat/form')
#5 C:\xampp\htdocs\lpmu-web\vendor\codeigniter4\framework\system\CodeIgniter.php(928): App\Controllers\SetRkat->createbyuser()
#6 C:\xampp\htdocs\lpmu-web\vendor\codeigniter4\framework\system\CodeIgniter.php(436): CodeIgniter\CodeIgniter->runController(Object(App\Controllers\SetRkat))
#7 C:\xampp\htdocs\lpmu-web\vendor\codeigniter4\framework\system\CodeIgniter.php(336): CodeIgniter\CodeIgniter->handleRequest(NULL, Object(Config\Cache), false)
#8 C:\xampp\htdocs\lpmu-web\public\index.php(37): CodeIgniter\CodeIgniter->run()
#9 C:\xampp\htdocs\lpmu-web\vendor\codeigniter4\framework\system\Commands\Server\rewrite.php(45): require_once('C:\\xampp\\htdocs...')
#10 {main}
CRITICAL - 2021-08-10 02:12:21 --> Undefined variable: set_rkat
#0 C:\xampp\htdocs\lpmu-web\app\Views\rkat\form.php(132): CodeIgniter\Debug\Exceptions->errorHandler(8, 'Undefined varia...', 'C:\\xampp\\htdocs...', 132, Array)
#1 C:\xampp\htdocs\lpmu-web\vendor\codeigniter4\framework\system\View\View.php(230): include('C:\\xampp\\htdocs...')
#2 C:\xampp\htdocs\lpmu-web\vendor\codeigniter4\framework\system\View\View.php(232): CodeIgniter\View\View->CodeIgniter\View\{closure}()
#3 C:\xampp\htdocs\lpmu-web\vendor\codeigniter4\framework\system\Common.php(1271): CodeIgniter\View\View->render('rkat/form', Array, true)
#4 C:\xampp\htdocs\lpmu-web\app\Controllers\SetRkat.php(84): view('rkat/form')
#5 C:\xampp\htdocs\lpmu-web\vendor\codeigniter4\framework\system\CodeIgniter.php(928): App\Controllers\SetRkat->createbyuser()
#6 C:\xampp\htdocs\lpmu-web\vendor\codeigniter4\framework\system\CodeIgniter.php(436): CodeIgniter\CodeIgniter->runController(Object(App\Controllers\SetRkat))
#7 C:\xampp\htdocs\lpmu-web\vendor\codeigniter4\framework\system\CodeIgniter.php(336): CodeIgniter\CodeIgniter->handleRequest(NULL, Object(Config\Cache), false)
#8 C:\xampp\htdocs\lpmu-web\public\index.php(37): CodeIgniter\CodeIgniter->run()
#9 C:\xampp\htdocs\lpmu-web\vendor\codeigniter4\framework\system\Commands\Server\rewrite.php(45): require_once('C:\\xampp\\htdocs...')
#10 {main}
ERROR - 2021-08-10 03:08:29 --> Table 'db_lpmu.set_rkat' doesn't exist
CRITICAL - 2021-08-10 03:08:29 --> Table 'db_lpmu.set_rkat' doesn't exist
#0 C:\xampp\htdocs\LPMU\vendor\codeigniter4\framework\system\Database\MySQLi\Connection.php(329): mysqli->query('SELECT *\nFROM `...')
#1 C:\xampp\htdocs\LPMU\vendor\codeigniter4\framework\system\Database\BaseConnection.php(732): CodeIgniter\Database\MySQLi\Connection->execute('SELECT *\nFROM `...')
#2 C:\xampp\htdocs\LPMU\vendor\codeigniter4\framework\system\Database\BaseConnection.php(647): CodeIgniter\Database\BaseConnection->simpleQuery('SELECT *\nFROM `...')
#3 C:\xampp\htdocs\LPMU\vendor\codeigniter4\framework\system\Database\BaseBuilder.php(1881): CodeIgniter\Database\BaseConnection->query('SELECT *\nFROM `...', Array, false)
#4 C:\xampp\htdocs\LPMU\vendor\codeigniter4\framework\system\Model.php(197): CodeIgniter\Database\BaseBuilder->get()
#5 C:\xampp\htdocs\LPMU\vendor\codeigniter4\framework\system\BaseModel.php(603): CodeIgniter\Model->doFindAll(0, 0)
#6 C:\xampp\htdocs\LPMU\app\Controllers\SetRkat.php(25): CodeIgniter\BaseModel->findAll()
#7 C:\xampp\htdocs\LPMU\vendor\codeigniter4\framework\system\CodeIgniter.php(928): App\Controllers\SetRkat->create()
#8 C:\xampp\htdocs\LPMU\vendor\codeigniter4\framework\system\CodeIgniter.php(436): CodeIgniter\CodeIgniter->runController(Object(App\Controllers\SetRkat))
#9 C:\xampp\htdocs\LPMU\vendor\codeigniter4\framework\system\CodeIgniter.php(336): CodeIgniter\CodeIgniter->handleRequest(NULL, Object(Config\Cache), false)
#10 C:\xampp\htdocs\LPMU\public\index.php(37): CodeIgniter\CodeIgniter->run()
#11 C:\xampp\htdocs\LPMU\vendor\codeigniter4\framework\system\Commands\Server\rewrite.php(45): require_once('C:\\xampp\\htdocs...')
#12 {main}
ERROR - 2021-08-10 03:08:37 --> Table 'db_lpmu.set_rkat' doesn't exist
CRITICAL - 2021-08-10 03:08:37 --> Table 'db_lpmu.set_rkat' doesn't exist
#0 C:\xampp\htdocs\LPMU\vendor\codeigniter4\framework\system\Database\MySQLi\Connection.php(329): mysqli->query('SELECT *\nFROM `...')
#1 C:\xampp\htdocs\LPMU\vendor\codeigniter4\framework\system\Database\BaseConnection.php(732): CodeIgniter\Database\MySQLi\Connection->execute('SELECT *\nFROM `...')
#2 C:\xampp\htdocs\LPMU\vendor\codeigniter4\framework\system\Database\BaseConnection.php(647): CodeIgniter\Database\BaseConnection->simpleQuery('SELECT *\nFROM `...')
#3 C:\xampp\htdocs\LPMU\vendor\codeigniter4\framework\system\Database\BaseBuilder.php(1881): CodeIgniter\Database\BaseConnection->query('SELECT *\nFROM `...', Array, false)
#4 C:\xampp\htdocs\LPMU\vendor\codeigniter4\framework\system\Model.php(197): CodeIgniter\Database\BaseBuilder->get()
#5 C:\xampp\htdocs\LPMU\vendor\codeigniter4\framework\system\BaseModel.php(603): CodeIgniter\Model->doFindAll(0, 0)
#6 C:\xampp\htdocs\LPMU\app\Controllers\SetRkat.php(14): CodeIgniter\BaseModel->findAll()
#7 C:\xampp\htdocs\LPMU\vendor\codeigniter4\framework\system\CodeIgniter.php(928): App\Controllers\SetRkat->index()
#8 C:\xampp\htdocs\LPMU\vendor\codeigniter4\framework\system\CodeIgniter.php(436): CodeIgniter\CodeIgniter->runController(Object(App\Controllers\SetRkat))
#9 C:\xampp\htdocs\LPMU\vendor\codeigniter4\framework\system\CodeIgniter.php(336): CodeIgniter\CodeIgniter->handleRequest(NULL, Object(Config\Cache), false)
#10 C:\xampp\htdocs\LPMU\public\index.php(37): CodeIgniter\CodeIgniter->run()
#11 C:\xampp\htdocs\LPMU\vendor\codeigniter4\framework\system\Commands\Server\rewrite.php(45): require_once('C:\\xampp\\htdocs...')
#12 {main}
