ERROR - 2021-09-12 23:16:43 --> Error connecting to the database: No connection could be made because the target machine actively refused it.

CRITICAL - 2021-09-12 23:16:43 --> Unable to connect to the database.
Main connection [MySQLi]: No connection could be made because the target machine actively refused it.

#0 C:\xampp\htdocs\LPMU\vendor\codeigniter4\framework\system\Database\BaseConnection.php(625): CodeIgniter\Database\BaseConnection->initialize()
#1 C:\xampp\htdocs\LPMU\vendor\codeigniter4\framework\system\Database\BaseBuilder.php(1881): CodeIgniter\Database\BaseConnection->query('SELECT *\nFROM `...', Array, false)
#2 C:\xampp\htdocs\LPMU\app\Models\AuthModel.php(13): CodeIgniter\Database\BaseBuilder->get()
#3 C:\xampp\htdocs\LPMU\app\Controllers\Auth.php(75): App\Models\AuthModel->get_data_login('inf007', 'user')
#4 C:\xampp\htdocs\LPMU\vendor\codeigniter4\framework\system\CodeIgniter.php(928): App\Controllers\Auth->login()
#5 C:\xampp\htdocs\LPMU\vendor\codeigniter4\framework\system\CodeIgniter.php(436): CodeIgniter\CodeIgniter->runController(Object(App\Controllers\Auth))
#6 C:\xampp\htdocs\LPMU\vendor\codeigniter4\framework\system\CodeIgniter.php(336): CodeIgniter\CodeIgniter->handleRequest(NULL, Object(Config\Cache), false)
#7 C:\xampp\htdocs\LPMU\public\index.php(37): CodeIgniter\CodeIgniter->run()
#8 C:\xampp\htdocs\LPMU\vendor\codeigniter4\framework\system\Commands\Server\rewrite.php(45): require_once('C:\\xampp\\htdocs...')
#9 {main}
CRITICAL - 2021-09-12 23:17:21 --> Trying to access array offset on value of type null
#0 C:\xampp\htdocs\LPMU\app\Controllers\Rkat.php(117): CodeIgniter\Debug\Exceptions->errorHandler(8, 'Trying to acces...', 'C:\\xampp\\htdocs...', 117, Array)
#1 C:\xampp\htdocs\LPMU\vendor\codeigniter4\framework\system\CodeIgniter.php(928): App\Controllers\Rkat->save()
#2 C:\xampp\htdocs\LPMU\vendor\codeigniter4\framework\system\CodeIgniter.php(436): CodeIgniter\CodeIgniter->runController(Object(App\Controllers\Rkat))
#3 C:\xampp\htdocs\LPMU\vendor\codeigniter4\framework\system\CodeIgniter.php(336): CodeIgniter\CodeIgniter->handleRequest(NULL, Object(Config\Cache), false)
#4 C:\xampp\htdocs\LPMU\public\index.php(37): CodeIgniter\CodeIgniter->run()
#5 C:\xampp\htdocs\LPMU\vendor\codeigniter4\framework\system\Commands\Server\rewrite.php(45): require_once('C:\\xampp\\htdocs...')
#6 {main}
CRITICAL - 2021-09-12 23:17:59 --> Undefined variable: set_rkat
#0 C:\xampp\htdocs\LPMU\app\Views\admin\TambahRkat.php(157): CodeIgniter\Debug\Exceptions->errorHandler(8, 'Undefined varia...', 'C:\\xampp\\htdocs...', 157, Array)
#1 C:\xampp\htdocs\LPMU\vendor\codeigniter4\framework\system\View\View.php(230): include('C:\\xampp\\htdocs...')
#2 C:\xampp\htdocs\LPMU\vendor\codeigniter4\framework\system\View\View.php(232): CodeIgniter\View\View->CodeIgniter\View\{closure}()
#3 C:\xampp\htdocs\LPMU\vendor\codeigniter4\framework\system\Common.php(1271): CodeIgniter\View\View->render('admin/TambahRka...', Array, true)
#4 C:\xampp\htdocs\LPMU\app\Controllers\Rkat.php(27): view('admin/TambahRka...', Array)
#5 C:\xampp\htdocs\LPMU\vendor\codeigniter4\framework\system\CodeIgniter.php(928): App\Controllers\Rkat->createbyadmin()
#6 C:\xampp\htdocs\LPMU\vendor\codeigniter4\framework\system\CodeIgniter.php(436): CodeIgniter\CodeIgniter->runController(Object(App\Controllers\Rkat))
#7 C:\xampp\htdocs\LPMU\vendor\codeigniter4\framework\system\CodeIgniter.php(336): CodeIgniter\CodeIgniter->handleRequest(NULL, Object(Config\Cache), false)
#8 C:\xampp\htdocs\LPMU\public\index.php(37): CodeIgniter\CodeIgniter->run()
#9 C:\xampp\htdocs\LPMU\vendor\codeigniter4\framework\system\Commands\Server\rewrite.php(45): require_once('C:\\xampp\\htdocs...')
#10 {main}
